<?xml version="1.0" encoding="UTF-8"?>
<robot generator="Robot 7.3 (Python 3.13.2 on linux)" generated="2025-07-03T14:27:35.523754" rpa="false" schemaversion="5">
<suite id="s1" name="Booking Tests" source="/media/marcos/MEU HD/challenge_tecnico_do_pb/tests/web/booking_tests.robot">
<kw name="Iniciar Navegador" owner="common_keywords" type="SETUP">
<kw name="Get Variable Value" owner="BuiltIn">
<msg time="2025-07-03T14:27:35.650452" level="INFO">${headless} = True</msg>
<var>${headless}</var>
<arg>${HEADLESS}</arg>
<arg>false</arg>
<doc>Returns variable value or ``default`` if the variable does not exist.</doc>
<status status="PASS" start="2025-07-03T14:27:35.649875" elapsed="0.001648"/>
</kw>
<kw name="New Browser" owner="Browser">
<msg time="2025-07-03T14:27:35.652895" level="INFO">{"browser": "chromium", "headless": true, "chromiumSandbox": false, "devtools": false, "handleSIGHUP": true, "handleSIGINT": true, "handleSIGTERM": true, "slowMo": 0.0, "timeout": 30000.0, "tracesDir": "/media/marcos/MEU HD/challenge_tecnico_do_pb/browser/traces/temp/3fb1535a-321c-45f1-96d0-ffb6ac6a9357"}</msg>
<msg time="2025-07-03T14:27:35.674274" level="INFO">Starting Browser process /home/marcos/anaconda3/envs/ambiente_compasso/lib/python3.13/site-packages/Browser/wrapper/index.js using at 127.0.0.1:54367</msg>
<msg time="2025-07-03T14:27:36.339978" level="INFO">Successfully created browser with options: {"browser":"chromium","headless":true,"chromiumSandbox":false,"devtools":false,"handleSIGHUP":true,"handleSIGINT":true,"handleSIGTERM":true,"slowMo":0,"timeout":30000,"tracesDir":"/media/marcos/MEU HD/challenge_tecnico_do_pb/browser/traces/temp/3fb1535a-321c-45f1-96d0-ffb6ac6a9357"}</msg>
<arg>chromium</arg>
<arg>headless=${headless}</arg>
<tag>BrowserControl</tag>
<tag>Setter</tag>
<doc>Create a new playwright Browser with specified options.</doc>
<status status="PASS" start="2025-07-03T14:27:35.651851" elapsed="0.688525"/>
</kw>
<kw name="New Context" owner="Browser">
<msg time="2025-07-03T14:27:36.343358" level="INFO">{
  "acceptDownloads": true,
  "bypassCSP": false,
  "forcedColors": "none",
  "ignoreHTTPSErrors": false,
  "javaScriptEnabled": true,
  "offline": false,
  "reducedMotion": "no-preference",
  "serviceWorkers": "allow",
  "viewport": {
    "width": 1920,
    "height": 1080
  }
}</msg>
<msg time="2025-07-03T14:27:36.367069" level="INFO">Successfully created context. </msg>
<msg time="2025-07-03T14:27:36.367377" level="INFO">{'acceptDownloads': True, 'bypassCSP': False, 'forcedColors': 'none', 'ignoreHTTPSErrors': False, 'javaScriptEnabled': True, 'offline': False, 'reducedMotion': 'no-preference', 'serviceWorkers': 'allow', 'viewport': {'width': 1920, 'height': 1080}}</msg>
<arg>viewport={'width': 1920, 'height': 1080}</arg>
<tag>BrowserControl</tag>
<tag>Setter</tag>
<doc>Create a new BrowserContext with specified options.</doc>
<status status="PASS" start="2025-07-03T14:27:36.340682" elapsed="0.026827"/>
</kw>
<kw name="New Page" owner="Browser">
<msg time="2025-07-03T14:27:36.706339" level="INFO">Successfully initialized new page object and opened url: https://challenge-pb-front.vercel.app</msg>
<arg>${BASE_WEB_URL}</arg>
<tag>BrowserControl</tag>
<tag>Setter</tag>
<doc>Open a new Page.</doc>
<status status="PASS" start="2025-07-03T14:27:36.367698" elapsed="0.338926"/>
</kw>
<status status="PASS" start="2025-07-03T14:27:35.648892" elapsed="1.057867"/>
</kw>
<test id="s1-t1" name="WEB-BOOK-01 - Visualizar Sessoes Disponiveis" line="10">
<kw name="Ir Para Home E Fazer Logout Se Necessario" owner="auth_keywords" type="SETUP">
<kw name="Go To" owner="Browser">
<msg time="2025-07-03T14:27:36.842392" level="INFO">Successfully opened URL https://challenge-pb-front.vercel.app</msg>
<arg>${BASE_WEB_URL}</arg>
<tag>BrowserControl</tag>
<tag>Setter</tag>
<doc>Navigates to the given ``url``.</doc>
<status status="PASS" start="2025-07-03T14:27:36.732193" elapsed="0.110652"/>
</kw>
<kw name="Sleep" owner="BuiltIn">
<msg time="2025-07-03T14:27:37.843625" level="INFO">Slept 1 second.</msg>
<arg>1s</arg>
<doc>Pauses the test executed for the given time.</doc>
<status status="PASS" start="2025-07-03T14:27:36.843094" elapsed="1.000849"/>
</kw>
<kw name="Get Element Count" owner="Browser">
<msg time="2025-07-03T14:27:37.866273" level="INFO">${logout_exists} = 0</msg>
<var>${logout_exists}</var>
<arg>${HEADER_LOGOUT_BUTTON}</arg>
<tag>Assertion</tag>
<tag>Getter</tag>
<tag>PageContent</tag>
<doc>Returns the count of elements found with ``selector``.</doc>
<status status="PASS" start="2025-07-03T14:27:37.844224" elapsed="0.022196"/>
</kw>
<if>
<branch type="IF" condition="${logout_exists} &gt; 0">
<kw name="Click" owner="Browser">
<arg>${HEADER_LOGOUT_BUTTON}</arg>
<tag>PageContent</tag>
<tag>Setter</tag>
<doc>Simulates mouse click on the element found by ``selector``.</doc>
<status status="NOT RUN" start="2025-07-03T14:27:37.866973" elapsed="0.000151"/>
</kw>
<kw name="Sleep" owner="BuiltIn">
<arg>1s</arg>
<doc>Pauses the test executed for the given time.</doc>
<status status="NOT RUN" start="2025-07-03T14:27:37.867290" elapsed="0.000129"/>
</kw>
<status status="NOT RUN" start="2025-07-03T14:27:37.866575" elapsed="0.000932"/>
</branch>
<status status="PASS" start="2025-07-03T14:27:37.866545" elapsed="0.001047"/>
</if>
<status status="PASS" start="2025-07-03T14:27:36.730988" elapsed="1.136670"/>
</kw>
<kw name="Fazer Login Como Usuario" owner="auth_keywords">
<kw name="Ir Para Pagina De Login" owner="auth_keywords">
<kw name="Go To" owner="Browser">
<msg time="2025-07-03T14:27:37.931582" level="INFO">Successfully opened URL https://challenge-pb-front.vercel.app</msg>
<arg>${BASE_WEB_URL}</arg>
<tag>BrowserControl</tag>
<tag>Setter</tag>
<doc>Navigates to the given ``url``.</doc>
<status status="PASS" start="2025-07-03T14:27:37.868769" elapsed="0.063063"/>
</kw>
<kw name="Click" owner="Browser">
<msg time="2025-07-03T14:27:37.932721" level="INFO">Clicks the element 'a[href="/login"] &gt;&gt; nth=0'.</msg>
<arg>a[href="/login"] &gt;&gt; nth=0</arg>
<tag>PageContent</tag>
<tag>Setter</tag>
<doc>Simulates mouse click on the element found by ``selector``.</doc>
<status status="PASS" start="2025-07-03T14:27:37.932009" elapsed="0.101463"/>
</kw>
<kw name="Wait For Elements State" owner="Browser">
<msg time="2025-07-03T14:27:38.051215" level="INFO">Waited for Element with selector id=email at state visible</msg>
<arg>${LOGIN_EMAIL_FIELD}</arg>
<arg>visible</arg>
<arg>timeout=10s</arg>
<tag>PageContent</tag>
<tag>Wait</tag>
<doc>Waits for the element found by ``selector`` to satisfy state option.</doc>
<status status="PASS" start="2025-07-03T14:27:38.033802" elapsed="0.017767"/>
</kw>
<status status="PASS" start="2025-07-03T14:27:37.868439" elapsed="0.183273"/>
</kw>
<kw name="Preencher Credenciais" owner="auth_keywords">
<kw name="Preencher Campo" owner="common_keywords">
<kw name="Wait For Elements State" owner="Browser">
<msg time="2025-07-03T14:27:38.061117" level="INFO">Waited for Element with selector id=email at state visible</msg>
<arg>${locator}</arg>
<arg>visible</arg>
<arg>timeout=10s</arg>
<tag>PageContent</tag>
<tag>Wait</tag>
<doc>Waits for the element found by ``selector`` to satisfy state option.</doc>
<status status="PASS" start="2025-07-03T14:27:38.053204" elapsed="0.008293"/>
</kw>
<kw name="Fill Text" owner="Browser">
<msg time="2025-07-03T14:27:38.062599" level="INFO">Fills the text 'user@example.com' in the given field.</msg>
<arg>${locator}</arg>
<arg>${texto}</arg>
<tag>PageContent</tag>
<tag>Setter</tag>
<doc>Clears and fills the given ``txt`` into the text field found by ``selector``.</doc>
<status status="PASS" start="2025-07-03T14:27:38.061775" elapsed="0.017003"/>
</kw>
<arg>${LOGIN_EMAIL_FIELD}</arg>
<arg>${email}</arg>
<status status="PASS" start="2025-07-03T14:27:38.052614" elapsed="0.026357"/>
</kw>
<kw name="Preencher Campo" owner="common_keywords">
<kw name="Wait For Elements State" owner="Browser">
<msg time="2025-07-03T14:27:38.089540" level="INFO">Waited for Element with selector id=password at state visible</msg>
<arg>${locator}</arg>
<arg>visible</arg>
<arg>timeout=10s</arg>
<tag>PageContent</tag>
<tag>Wait</tag>
<doc>Waits for the element found by ``selector`` to satisfy state option.</doc>
<status status="PASS" start="2025-07-03T14:27:38.079570" elapsed="0.010607"/>
</kw>
<kw name="Fill Text" owner="Browser">
<msg time="2025-07-03T14:27:38.092982" level="INFO">Fills the text 'password123' in the given field.</msg>
<arg>${locator}</arg>
<arg>${texto}</arg>
<tag>PageContent</tag>
<tag>Setter</tag>
<doc>Clears and fills the given ``txt`` into the text field found by ``selector``.</doc>
<status status="PASS" start="2025-07-03T14:27:38.091862" elapsed="0.052148"/>
</kw>
<arg>${LOGIN_PASSWORD_FIELD}</arg>
<arg>${password}</arg>
<status status="PASS" start="2025-07-03T14:27:38.079162" elapsed="0.065295"/>
</kw>
<arg>${email}</arg>
<arg>${senha}</arg>
<status status="PASS" start="2025-07-03T14:27:38.051903" elapsed="0.092783"/>
</kw>
<kw name="Clicar Em Entrar" owner="auth_keywords">
<kw name="Click" owner="Browser">
<msg time="2025-07-03T14:27:38.146413" level="INFO">Clicks the element 'button[type="submit"]'.</msg>
<arg>${LOGIN_SUBMIT_BUTTON}</arg>
<tag>PageContent</tag>
<tag>Setter</tag>
<doc>Simulates mouse click on the element found by ``selector``.</doc>
<status status="PASS" start="2025-07-03T14:27:38.145656" elapsed="0.054858"/>
</kw>
<status status="PASS" start="2025-07-03T14:27:38.144980" elapsed="0.055847"/>
</kw>
<kw name="Verificar Login Bem Sucedido" owner="auth_keywords">
<kw name="Wait For Elements State" owner="Browser">
<msg time="2025-07-03T14:27:41.520044" level="INFO">Waited for Element with selector text=Login realizado com sucesso! at state visible</msg>
<arg>text=Login realizado com sucesso!</arg>
<arg>visible</arg>
<arg>timeout=10s</arg>
<tag>PageContent</tag>
<tag>Wait</tag>
<doc>Waits for the element found by ``selector`` to satisfy state option.</doc>
<status status="PASS" start="2025-07-03T14:27:38.201912" elapsed="3.318701"/>
</kw>
<kw name="Wait For Elements State" owner="Browser">
<msg time="2025-07-03T14:27:41.527377" level="INFO">Waited for Element with selector text=Sair at state visible</msg>
<arg>${HEADER_LOGOUT_BUTTON}</arg>
<arg>visible</arg>
<arg>timeout=10s</arg>
<tag>PageContent</tag>
<tag>Wait</tag>
<doc>Waits for the element found by ``selector`` to satisfy state option.</doc>
<status status="PASS" start="2025-07-03T14:27:41.521069" elapsed="0.006583"/>
</kw>
<status status="PASS" start="2025-07-03T14:27:38.201300" elapsed="3.326473"/>
</kw>
<status status="PASS" start="2025-07-03T14:27:37.867927" elapsed="3.659921"/>
</kw>
<kw name="Ir Para Filme Com Sessoes" owner="booking_keywords">
<kw name="Go To" owner="Browser">
<msg time="2025-07-03T14:27:41.611209" level="INFO">Successfully opened URL https://challenge-pb-front.vercel.app</msg>
<arg>${BASE_WEB_URL}</arg>
<tag>BrowserControl</tag>
<tag>Setter</tag>
<doc>Navigates to the given ``url``.</doc>
<status status="PASS" start="2025-07-03T14:27:41.528576" elapsed="0.083096"/>
</kw>
<kw name="Click" owner="Browser">
<msg time="2025-07-03T14:27:41.612445" level="INFO">Clicks the element 'text=Ver Detalhes &gt;&gt; nth=4'.</msg>
<arg>text=Ver Detalhes &gt;&gt; nth=4</arg>
<tag>PageContent</tag>
<tag>Setter</tag>
<doc>Simulates mouse click on the element found by ``selector``.</doc>
<status status="PASS" start="2025-07-03T14:27:41.611880" elapsed="0.857025"/>
</kw>
<kw name="Wait For Elements State" owner="Browser">
<msg time="2025-07-03T14:27:52.619319" level="INFO" html="true">&lt;/td&gt;&lt;/tr&gt;&lt;tr&gt;&lt;td colspan="3"&gt;&lt;a href="browser/screenshot/fail-screenshot-1.png" target="_blank"&gt;&lt;img src="browser/screenshot/fail-screenshot-1.png" width="800px"/&gt;&lt;/a&gt;</msg>
<msg time="2025-07-03T14:27:52.619661" level="INFO">See also file:///media/marcos/MEU%20HD/challenge_tecnico_do_pb/playwright-log.txt for additional details.</msg>
<msg time="2025-07-03T14:27:52.620073" level="FAIL">TimeoutError: locator.waitFor: Timeout 10000ms exceeded.
Call log:
  - waiting for locator('text=Selecionar Assentos').first() to be visible
</msg>
<arg>text=Selecionar Assentos &gt;&gt; nth=0</arg>
<arg>visible</arg>
<arg>timeout=10s</arg>
<tag>PageContent</tag>
<tag>Wait</tag>
<doc>Waits for the element found by ``selector`` to satisfy state option.</doc>
<status status="FAIL" start="2025-07-03T14:27:42.469147" elapsed="10.154726">TimeoutError: locator.waitFor: Timeout 10000ms exceeded.
Call log:
  - waiting for locator('text=Selecionar Assentos').first() to be visible
</status>
</kw>
<status status="FAIL" start="2025-07-03T14:27:41.528207" elapsed="11.095911">TimeoutError: locator.waitFor: Timeout 10000ms exceeded.
Call log:
  - waiting for locator('text=Selecionar Assentos').first() to be visible
</status>
</kw>
<kw name="Get Text" owner="Browser">
<var>${page_text}</var>
<arg>body</arg>
<tag>Assertion</tag>
<tag>Getter</tag>
<tag>PageContent</tag>
<doc>Returns text attribute of the element found by ``selector``.</doc>
<status status="NOT RUN" start="2025-07-03T14:27:52.624363" elapsed="0.000165"/>
</kw>
<kw name="Should Contain" owner="BuiltIn">
<arg>${page_text}</arg>
<arg>25/06/2025</arg>
<doc>Fails if ``container`` does not contain ``item`` one or more times.</doc>
<status status="NOT RUN" start="2025-07-03T14:27:52.624746" elapsed="0.000140"/>
</kw>
<kw name="Should Contain" owner="BuiltIn">
<arg>${page_text}</arg>
<arg>Inteira: R$ 15.00</arg>
<doc>Fails if ``container`` does not contain ``item`` one or more times.</doc>
<status status="NOT RUN" start="2025-07-03T14:27:52.625054" elapsed="0.000118"/>
</kw>
<kw name="Get Element Count" owner="Browser">
<var>${sessions}</var>
<arg>text=Selecionar Assentos</arg>
<tag>Assertion</tag>
<tag>Getter</tag>
<tag>PageContent</tag>
<doc>Returns the count of elements found with ``selector``.</doc>
<status status="NOT RUN" start="2025-07-03T14:27:52.625319" elapsed="0.000117"/>
</kw>
<kw name="Should Be True" owner="BuiltIn">
<arg>${sessions} &gt;= 5</arg>
<doc>Fails if the given condition is not true.</doc>
<status status="NOT RUN" start="2025-07-03T14:27:52.625862" elapsed="0.000205"/>
</kw>
<tag>WEB-BOOK-01</tag>
<status status="FAIL" start="2025-07-03T14:27:36.706866" elapsed="15.919477">TimeoutError: locator.waitFor: Timeout 10000ms exceeded.
Call log:
  - waiting for locator('text=Selecionar Assentos').first() to be visible
</status>
</test>
<test id="s1-t2" name="WEB-BOOK-02 - Tentar Acessar Selecao Assentos" line="20">
<kw name="Ir Para Home E Fazer Logout Se Necessario" owner="auth_keywords" type="SETUP">
<kw name="Go To" owner="Browser">
<msg time="2025-07-03T14:27:52.688400" level="INFO">Successfully opened URL https://challenge-pb-front.vercel.app</msg>
<arg>${BASE_WEB_URL}</arg>
<tag>BrowserControl</tag>
<tag>Setter</tag>
<doc>Navigates to the given ``url``.</doc>
<status status="PASS" start="2025-07-03T14:27:52.637683" elapsed="0.051351"/>
</kw>
<kw name="Sleep" owner="BuiltIn">
<msg time="2025-07-03T14:27:53.689812" level="INFO">Slept 1 second.</msg>
<arg>1s</arg>
<doc>Pauses the test executed for the given time.</doc>
<status status="PASS" start="2025-07-03T14:27:52.689361" elapsed="1.000677"/>
</kw>
<kw name="Get Element Count" owner="Browser">
<msg time="2025-07-03T14:27:53.704681" level="INFO">${logout_exists} = 1</msg>
<var>${logout_exists}</var>
<arg>${HEADER_LOGOUT_BUTTON}</arg>
<tag>Assertion</tag>
<tag>Getter</tag>
<tag>PageContent</tag>
<doc>Returns the count of elements found with ``selector``.</doc>
<status status="PASS" start="2025-07-03T14:27:53.690216" elapsed="0.014638"/>
</kw>
<if>
<branch type="IF" condition="${logout_exists} &gt; 0">
<kw name="Click" owner="Browser">
<msg time="2025-07-03T14:27:53.706114" level="INFO">Clicks the element 'text=Sair'.</msg>
<arg>${HEADER_LOGOUT_BUTTON}</arg>
<tag>PageContent</tag>
<tag>Setter</tag>
<doc>Simulates mouse click on the element found by ``selector``.</doc>
<status status="PASS" start="2025-07-03T14:27:53.705467" elapsed="0.064091"/>
</kw>
<kw name="Sleep" owner="BuiltIn">
<msg time="2025-07-03T14:27:54.770452" level="INFO">Slept 1 second.</msg>
<arg>1s</arg>
<doc>Pauses the test executed for the given time.</doc>
<status status="PASS" start="2025-07-03T14:27:53.769910" elapsed="1.000870"/>
</kw>
<status status="PASS" start="2025-07-03T14:27:53.705050" elapsed="1.065927"/>
</branch>
<status status="PASS" start="2025-07-03T14:27:53.705003" elapsed="1.066170"/>
</if>
<status status="PASS" start="2025-07-03T14:27:52.637065" elapsed="2.134309"/>
</kw>
<kw name="Fazer Login Como Usuario" owner="auth_keywords">
<kw name="Ir Para Pagina De Login" owner="auth_keywords">
<kw name="Go To" owner="Browser">
<msg time="2025-07-03T14:27:54.849605" level="INFO">Successfully opened URL https://challenge-pb-front.vercel.app</msg>
<arg>${BASE_WEB_URL}</arg>
<tag>BrowserControl</tag>
<tag>Setter</tag>
<doc>Navigates to the given ``url``.</doc>
<status status="PASS" start="2025-07-03T14:27:54.773062" elapsed="0.076843"/>
</kw>
<kw name="Click" owner="Browser">
<msg time="2025-07-03T14:27:54.850641" level="INFO">Clicks the element 'a[href="/login"] &gt;&gt; nth=0'.</msg>
<arg>a[href="/login"] &gt;&gt; nth=0</arg>
<tag>PageContent</tag>
<tag>Setter</tag>
<doc>Simulates mouse click on the element found by ``selector``.</doc>
<status status="PASS" start="2025-07-03T14:27:54.850117" elapsed="0.063983"/>
</kw>
<kw name="Wait For Elements State" owner="Browser">
<msg time="2025-07-03T14:27:54.919778" level="INFO">Waited for Element with selector id=email at state visible</msg>
<arg>${LOGIN_EMAIL_FIELD}</arg>
<arg>visible</arg>
<arg>timeout=10s</arg>
<tag>PageContent</tag>
<tag>Wait</tag>
<doc>Waits for the element found by ``selector`` to satisfy state option.</doc>
<status status="PASS" start="2025-07-03T14:27:54.914347" elapsed="0.005707"/>
</kw>
<status status="PASS" start="2025-07-03T14:27:54.772527" elapsed="0.147674"/>
</kw>
<kw name="Preencher Credenciais" owner="auth_keywords">
<kw name="Preencher Campo" owner="common_keywords">
<kw name="Wait For Elements State" owner="Browser">
<msg time="2025-07-03T14:27:54.927367" level="INFO">Waited for Element with selector id=email at state visible</msg>
<arg>${locator}</arg>
<arg>visible</arg>
<arg>timeout=10s</arg>
<tag>PageContent</tag>
<tag>Wait</tag>
<doc>Waits for the element found by ``selector`` to satisfy state option.</doc>
<status status="PASS" start="2025-07-03T14:27:54.921558" elapsed="0.006144"/>
</kw>
<kw name="Fill Text" owner="Browser">
<msg time="2025-07-03T14:27:54.928513" level="INFO">Fills the text 'user@example.com' in the given field.</msg>
<arg>${locator}</arg>
<arg>${texto}</arg>
<tag>PageContent</tag>
<tag>Setter</tag>
<doc>Clears and fills the given ``txt`` into the text field found by ``selector``.</doc>
<status status="PASS" start="2025-07-03T14:27:54.927912" elapsed="0.008877"/>
</kw>
<arg>${LOGIN_EMAIL_FIELD}</arg>
<arg>${email}</arg>
<status status="PASS" start="2025-07-03T14:27:54.921010" elapsed="0.016069"/>
</kw>
<kw name="Preencher Campo" owner="common_keywords">
<kw name="Wait For Elements State" owner="Browser">
<msg time="2025-07-03T14:27:54.942982" level="INFO">Waited for Element with selector id=password at state visible</msg>
<arg>${locator}</arg>
<arg>visible</arg>
<arg>timeout=10s</arg>
<tag>PageContent</tag>
<tag>Wait</tag>
<doc>Waits for the element found by ``selector`` to satisfy state option.</doc>
<status status="PASS" start="2025-07-03T14:27:54.937956" elapsed="0.005285"/>
</kw>
<kw name="Fill Text" owner="Browser">
<msg time="2025-07-03T14:27:54.943981" level="INFO">Fills the text 'password123' in the given field.</msg>
<arg>${locator}</arg>
<arg>${texto}</arg>
<tag>PageContent</tag>
<tag>Setter</tag>
<doc>Clears and fills the given ``txt`` into the text field found by ``selector``.</doc>
<status status="PASS" start="2025-07-03T14:27:54.943437" elapsed="0.007296"/>
</kw>
<arg>${LOGIN_PASSWORD_FIELD}</arg>
<arg>${password}</arg>
<status status="PASS" start="2025-07-03T14:27:54.937365" elapsed="0.013589"/>
</kw>
<arg>${email}</arg>
<arg>${senha}</arg>
<status status="PASS" start="2025-07-03T14:27:54.920448" elapsed="0.030623"/>
</kw>
<kw name="Clicar Em Entrar" owner="auth_keywords">
<kw name="Click" owner="Browser">
<msg time="2025-07-03T14:27:54.952056" level="INFO">Clicks the element 'button[type="submit"]'.</msg>
<arg>${LOGIN_SUBMIT_BUTTON}</arg>
<tag>PageContent</tag>
<tag>Setter</tag>
<doc>Simulates mouse click on the element found by ``selector``.</doc>
<status status="PASS" start="2025-07-03T14:27:54.951579" elapsed="0.044290"/>
</kw>
<status status="PASS" start="2025-07-03T14:27:54.951254" elapsed="0.044865"/>
</kw>
<kw name="Verificar Login Bem Sucedido" owner="auth_keywords">
<kw name="Wait For Elements State" owner="Browser">
<msg time="2025-07-03T14:27:55.787030" level="INFO">Waited for Element with selector text=Login realizado com sucesso! at state visible</msg>
<arg>text=Login realizado com sucesso!</arg>
<arg>visible</arg>
<arg>timeout=10s</arg>
<tag>PageContent</tag>
<tag>Wait</tag>
<doc>Waits for the element found by ``selector`` to satisfy state option.</doc>
<status status="PASS" start="2025-07-03T14:27:54.996763" elapsed="0.790650"/>
</kw>
<kw name="Wait For Elements State" owner="Browser">
<msg time="2025-07-03T14:27:55.793439" level="INFO">Waited for Element with selector text=Sair at state visible</msg>
<arg>${HEADER_LOGOUT_BUTTON}</arg>
<arg>visible</arg>
<arg>timeout=10s</arg>
<tag>PageContent</tag>
<tag>Wait</tag>
<doc>Waits for the element found by ``selector`` to satisfy state option.</doc>
<status status="PASS" start="2025-07-03T14:27:55.787687" elapsed="0.006009"/>
</kw>
<status status="PASS" start="2025-07-03T14:27:54.996375" elapsed="0.797447"/>
</kw>
<status status="PASS" start="2025-07-03T14:27:54.771846" elapsed="1.022054"/>
</kw>
<kw name="Ir Para Filme Com Sessoes" owner="booking_keywords">
<kw name="Go To" owner="Browser">
<msg time="2025-07-03T14:27:55.853276" level="INFO">Successfully opened URL https://challenge-pb-front.vercel.app</msg>
<arg>${BASE_WEB_URL}</arg>
<tag>BrowserControl</tag>
<tag>Setter</tag>
<doc>Navigates to the given ``url``.</doc>
<status status="PASS" start="2025-07-03T14:27:55.794918" elapsed="0.058966"/>
</kw>
<kw name="Click" owner="Browser">
<msg time="2025-07-03T14:27:55.854790" level="INFO">Clicks the element 'text=Ver Detalhes &gt;&gt; nth=4'.</msg>
<arg>text=Ver Detalhes &gt;&gt; nth=4</arg>
<tag>PageContent</tag>
<tag>Setter</tag>
<doc>Simulates mouse click on the element found by ``selector``.</doc>
<status status="PASS" start="2025-07-03T14:27:55.854168" elapsed="0.887509"/>
</kw>
<kw name="Wait For Elements State" owner="Browser">
<msg time="2025-07-03T14:28:06.891409" level="INFO" html="true">&lt;/td&gt;&lt;/tr&gt;&lt;tr&gt;&lt;td colspan="3"&gt;&lt;a href="browser/screenshot/fail-screenshot-2.png" target="_blank"&gt;&lt;img src="browser/screenshot/fail-screenshot-2.png" width="800px"/&gt;&lt;/a&gt;</msg>
<msg time="2025-07-03T14:28:06.891661" level="INFO">See also file:///media/marcos/MEU%20HD/challenge_tecnico_do_pb/playwright-log.txt for additional details.</msg>
<msg time="2025-07-03T14:28:06.891818" level="FAIL">TimeoutError: locator.waitFor: Timeout 10000ms exceeded.
Call log:
  - waiting for locator('text=Selecionar Assentos').first() to be visible
</msg>
<arg>text=Selecionar Assentos &gt;&gt; nth=0</arg>
<arg>visible</arg>
<arg>timeout=10s</arg>
<tag>PageContent</tag>
<tag>Wait</tag>
<doc>Waits for the element found by ``selector`` to satisfy state option.</doc>
<status status="FAIL" start="2025-07-03T14:27:56.741985" elapsed="10.151407">TimeoutError: locator.waitFor: Timeout 10000ms exceeded.
Call log:
  - waiting for locator('text=Selecionar Assentos').first() to be visible
</status>
</kw>
<status status="FAIL" start="2025-07-03T14:27:55.794330" elapsed="11.099362">TimeoutError: locator.waitFor: Timeout 10000ms exceeded.
Call log:
  - waiting for locator('text=Selecionar Assentos').first() to be visible
</status>
</kw>
<kw name="Tentar Acessar Selecao De Assentos" owner="booking_keywords">
<status status="NOT RUN" start="2025-07-03T14:28:06.894088" elapsed="0.000222"/>
</kw>
<kw name="Verificar Texto Na Pagina" owner="common_keywords">
<arg>Erro ao carregar informações</arg>
<status status="NOT RUN" start="2025-07-03T14:28:06.894686" elapsed="0.000187"/>
</kw>
<tag>WEB-BOOK-02</tag>
<status status="FAIL" start="2025-07-03T14:27:52.633491" elapsed="14.261705">TimeoutError: locator.waitFor: Timeout 10000ms exceeded.
Call log:
  - waiting for locator('text=Selecionar Assentos').first() to be visible
</status>
</test>
<test id="s1-t3" name="WEB-BOOK-03 - Verificar Precos Das Sessoes" line="27">
<kw name="Ir Para Home E Fazer Logout Se Necessario" owner="auth_keywords" type="SETUP">
<kw name="Go To" owner="Browser">
<msg time="2025-07-03T14:28:06.960111" level="INFO">Successfully opened URL https://challenge-pb-front.vercel.app</msg>
<arg>${BASE_WEB_URL}</arg>
<tag>BrowserControl</tag>
<tag>Setter</tag>
<doc>Navigates to the given ``url``.</doc>
<status status="PASS" start="2025-07-03T14:28:06.905479" elapsed="0.055025"/>
</kw>
<kw name="Sleep" owner="BuiltIn">
<msg time="2025-07-03T14:28:07.962173" level="INFO">Slept 1 second.</msg>
<arg>1s</arg>
<doc>Pauses the test executed for the given time.</doc>
<status status="PASS" start="2025-07-03T14:28:06.960797" elapsed="1.001715"/>
</kw>
<kw name="Get Element Count" owner="Browser">
<msg time="2025-07-03T14:28:07.978241" level="INFO">${logout_exists} = 1</msg>
<var>${logout_exists}</var>
<arg>${HEADER_LOGOUT_BUTTON}</arg>
<tag>Assertion</tag>
<tag>Getter</tag>
<tag>PageContent</tag>
<doc>Returns the count of elements found with ``selector``.</doc>
<status status="PASS" start="2025-07-03T14:28:07.962814" elapsed="0.015567"/>
</kw>
<if>
<branch type="IF" condition="${logout_exists} &gt; 0">
<kw name="Click" owner="Browser">
<msg time="2025-07-03T14:28:07.979319" level="INFO">Clicks the element 'text=Sair'.</msg>
<arg>${HEADER_LOGOUT_BUTTON}</arg>
<tag>PageContent</tag>
<tag>Setter</tag>
<doc>Simulates mouse click on the element found by ``selector``.</doc>
<status status="PASS" start="2025-07-03T14:28:07.978857" elapsed="0.037689"/>
</kw>
<kw name="Sleep" owner="BuiltIn">
<msg time="2025-07-03T14:28:09.017288" level="INFO">Slept 1 second.</msg>
<arg>1s</arg>
<doc>Pauses the test executed for the given time.</doc>
<status status="PASS" start="2025-07-03T14:28:08.016787" elapsed="1.000972"/>
</kw>
<status status="PASS" start="2025-07-03T14:28:07.978524" elapsed="1.039499"/>
</branch>
<status status="PASS" start="2025-07-03T14:28:07.978499" elapsed="1.039739"/>
</if>
<status status="PASS" start="2025-07-03T14:28:06.904630" elapsed="2.113746"/>
</kw>
<kw name="Fazer Login Como Usuario" owner="auth_keywords">
<kw name="Ir Para Pagina De Login" owner="auth_keywords">
<kw name="Go To" owner="Browser">
<msg time="2025-07-03T14:28:09.095011" level="INFO">Successfully opened URL https://challenge-pb-front.vercel.app</msg>
<arg>${BASE_WEB_URL}</arg>
<tag>BrowserControl</tag>
<tag>Setter</tag>
<doc>Navigates to the given ``url``.</doc>
<status status="PASS" start="2025-07-03T14:28:09.020968" elapsed="0.074642"/>
</kw>
<kw name="Click" owner="Browser">
<msg time="2025-07-03T14:28:09.096323" level="INFO">Clicks the element 'a[href="/login"] &gt;&gt; nth=0'.</msg>
<arg>a[href="/login"] &gt;&gt; nth=0</arg>
<tag>PageContent</tag>
<tag>Setter</tag>
<doc>Simulates mouse click on the element found by ``selector``.</doc>
<status status="PASS" start="2025-07-03T14:28:09.095798" elapsed="0.049891"/>
</kw>
<kw name="Wait For Elements State" owner="Browser">
<msg time="2025-07-03T14:28:09.150041" level="INFO">Waited for Element with selector id=email at state visible</msg>
<arg>${LOGIN_EMAIL_FIELD}</arg>
<arg>visible</arg>
<arg>timeout=10s</arg>
<tag>PageContent</tag>
<tag>Wait</tag>
<doc>Waits for the element found by ``selector`` to satisfy state option.</doc>
<status status="PASS" start="2025-07-03T14:28:09.145918" elapsed="0.004443"/>
</kw>
<status status="PASS" start="2025-07-03T14:28:09.020250" elapsed="0.130306"/>
</kw>
<kw name="Preencher Credenciais" owner="auth_keywords">
<kw name="Preencher Campo" owner="common_keywords">
<kw name="Wait For Elements State" owner="Browser">
<msg time="2025-07-03T14:28:09.157796" level="INFO">Waited for Element with selector id=email at state visible</msg>
<arg>${locator}</arg>
<arg>visible</arg>
<arg>timeout=10s</arg>
<tag>PageContent</tag>
<tag>Wait</tag>
<doc>Waits for the element found by ``selector`` to satisfy state option.</doc>
<status status="PASS" start="2025-07-03T14:28:09.152051" elapsed="0.006058"/>
</kw>
<kw name="Fill Text" owner="Browser">
<msg time="2025-07-03T14:28:09.158880" level="INFO">Fills the text 'user@example.com' in the given field.</msg>
<arg>${locator}</arg>
<arg>${texto}</arg>
<tag>PageContent</tag>
<tag>Setter</tag>
<doc>Clears and fills the given ``txt`` into the text field found by ``selector``.</doc>
<status status="PASS" start="2025-07-03T14:28:09.158327" elapsed="0.007543"/>
</kw>
<arg>${LOGIN_EMAIL_FIELD}</arg>
<arg>${email}</arg>
<status status="PASS" start="2025-07-03T14:28:09.151529" elapsed="0.014525"/>
</kw>
<kw name="Preencher Campo" owner="common_keywords">
<kw name="Wait For Elements State" owner="Browser">
<msg time="2025-07-03T14:28:09.184375" level="INFO">Waited for Element with selector id=password at state visible</msg>
<arg>${locator}</arg>
<arg>visible</arg>
<arg>timeout=10s</arg>
<tag>PageContent</tag>
<tag>Wait</tag>
<doc>Waits for the element found by ``selector`` to satisfy state option.</doc>
<status status="PASS" start="2025-07-03T14:28:09.166643" elapsed="0.018162"/>
</kw>
<kw name="Fill Text" owner="Browser">
<msg time="2025-07-03T14:28:09.185979" level="INFO">Fills the text 'password123' in the given field.</msg>
<arg>${locator}</arg>
<arg>${texto}</arg>
<tag>PageContent</tag>
<tag>Setter</tag>
<doc>Clears and fills the given ``txt`` into the text field found by ``selector``.</doc>
<status status="PASS" start="2025-07-03T14:28:09.185133" elapsed="0.011372"/>
</kw>
<arg>${LOGIN_PASSWORD_FIELD}</arg>
<arg>${password}</arg>
<status status="PASS" start="2025-07-03T14:28:09.166238" elapsed="0.030519"/>
</kw>
<arg>${email}</arg>
<arg>${senha}</arg>
<status status="PASS" start="2025-07-03T14:28:09.150828" elapsed="0.046056"/>
</kw>
<kw name="Clicar Em Entrar" owner="auth_keywords">
<kw name="Click" owner="Browser">
<msg time="2025-07-03T14:28:09.198145" level="INFO">Clicks the element 'button[type="submit"]'.</msg>
<arg>${LOGIN_SUBMIT_BUTTON}</arg>
<tag>PageContent</tag>
<tag>Setter</tag>
<doc>Simulates mouse click on the element found by ``selector``.</doc>
<status status="PASS" start="2025-07-03T14:28:09.197586" elapsed="0.047057"/>
</kw>
<status status="PASS" start="2025-07-03T14:28:09.197130" elapsed="0.047679"/>
</kw>
<kw name="Verificar Login Bem Sucedido" owner="auth_keywords">
<kw name="Wait For Elements State" owner="Browser">
<msg time="2025-07-03T14:28:10.033488" level="INFO">Waited for Element with selector text=Login realizado com sucesso! at state visible</msg>
<arg>text=Login realizado com sucesso!</arg>
<arg>visible</arg>
<arg>timeout=10s</arg>
<tag>PageContent</tag>
<tag>Wait</tag>
<doc>Waits for the element found by ``selector`` to satisfy state option.</doc>
<status status="PASS" start="2025-07-03T14:28:09.245353" elapsed="0.788421"/>
</kw>
<kw name="Wait For Elements State" owner="Browser">
<msg time="2025-07-03T14:28:10.039235" level="INFO">Waited for Element with selector text=Sair at state visible</msg>
<arg>${HEADER_LOGOUT_BUTTON}</arg>
<arg>visible</arg>
<arg>timeout=10s</arg>
<tag>PageContent</tag>
<tag>Wait</tag>
<doc>Waits for the element found by ``selector`` to satisfy state option.</doc>
<status status="PASS" start="2025-07-03T14:28:10.034007" elapsed="0.005499"/>
</kw>
<status status="PASS" start="2025-07-03T14:28:09.244994" elapsed="0.794637"/>
</kw>
<status status="PASS" start="2025-07-03T14:28:09.019029" elapsed="1.020682"/>
</kw>
<kw name="Ir Para Filme Com Sessoes" owner="booking_keywords">
<kw name="Go To" owner="Browser">
<msg time="2025-07-03T14:28:10.107590" level="INFO">Successfully opened URL https://challenge-pb-front.vercel.app</msg>
<arg>${BASE_WEB_URL}</arg>
<tag>BrowserControl</tag>
<tag>Setter</tag>
<doc>Navigates to the given ``url``.</doc>
<status status="PASS" start="2025-07-03T14:28:10.040375" elapsed="0.067614"/>
</kw>
<kw name="Click" owner="Browser">
<msg time="2025-07-03T14:28:10.109798" level="INFO">Clicks the element 'text=Ver Detalhes &gt;&gt; nth=4'.</msg>
<arg>text=Ver Detalhes &gt;&gt; nth=4</arg>
<tag>PageContent</tag>
<tag>Setter</tag>
<doc>Simulates mouse click on the element found by ``selector``.</doc>
<status status="PASS" start="2025-07-03T14:28:10.108267" elapsed="0.855657"/>
</kw>
<kw name="Wait For Elements State" owner="Browser">
<msg time="2025-07-03T14:28:21.106144" level="INFO" html="true">&lt;/td&gt;&lt;/tr&gt;&lt;tr&gt;&lt;td colspan="3"&gt;&lt;a href="browser/screenshot/fail-screenshot-3.png" target="_blank"&gt;&lt;img src="browser/screenshot/fail-screenshot-3.png" width="800px"/&gt;&lt;/a&gt;</msg>
<msg time="2025-07-03T14:28:21.106470" level="INFO">See also file:///media/marcos/MEU%20HD/challenge_tecnico_do_pb/playwright-log.txt for additional details.</msg>
<msg time="2025-07-03T14:28:21.106692" level="FAIL">TimeoutError: locator.waitFor: Timeout 10000ms exceeded.
Call log:
  - waiting for locator('text=Selecionar Assentos').first() to be visible
</msg>
<arg>text=Selecionar Assentos &gt;&gt; nth=0</arg>
<arg>visible</arg>
<arg>timeout=10s</arg>
<tag>PageContent</tag>
<tag>Wait</tag>
<doc>Waits for the element found by ``selector`` to satisfy state option.</doc>
<status status="FAIL" start="2025-07-03T14:28:10.964195" elapsed="10.144545">TimeoutError: locator.waitFor: Timeout 10000ms exceeded.
Call log:
  - waiting for locator('text=Selecionar Assentos').first() to be visible
</status>
</kw>
<status status="FAIL" start="2025-07-03T14:28:10.039950" elapsed="11.069049">TimeoutError: locator.waitFor: Timeout 10000ms exceeded.
Call log:
  - waiting for locator('text=Selecionar Assentos').first() to be visible
</status>
</kw>
<kw name="Get Text" owner="Browser">
<var>${page_text}</var>
<arg>body</arg>
<tag>Assertion</tag>
<tag>Getter</tag>
<tag>PageContent</tag>
<doc>Returns text attribute of the element found by ``selector``.</doc>
<status status="NOT RUN" start="2025-07-03T14:28:21.109378" elapsed="0.000217"/>
</kw>
<kw name="Should Contain" owner="BuiltIn">
<arg>${page_text}</arg>
<arg>Inteira: R$ 15.00</arg>
<doc>Fails if ``container`` does not contain ``item`` one or more times.</doc>
<status status="NOT RUN" start="2025-07-03T14:28:21.109911" elapsed="0.000215"/>
</kw>
<kw name="Should Contain" owner="BuiltIn">
<arg>${page_text}</arg>
<arg>Meia: R$ 7.50</arg>
<doc>Fails if ``container`` does not contain ``item`` one or more times.</doc>
<status status="NOT RUN" start="2025-07-03T14:28:21.110393" elapsed="0.000168"/>
</kw>
<tag>WEB-BOOK-03</tag>
<status status="FAIL" start="2025-07-03T14:28:06.900742" elapsed="14.210106">TimeoutError: locator.waitFor: Timeout 10000ms exceeded.
Call log:
  - waiting for locator('text=Selecionar Assentos').first() to be visible
</status>
</test>
<test id="s1-t4" name="WEB-BOOK-04 - Verificar Multiplas Sessoes" line="35">
<kw name="Ir Para Home E Fazer Logout Se Necessario" owner="auth_keywords" type="SETUP">
<kw name="Go To" owner="Browser">
<msg time="2025-07-03T14:28:21.186356" level="INFO">Successfully opened URL https://challenge-pb-front.vercel.app</msg>
<arg>${BASE_WEB_URL}</arg>
<tag>BrowserControl</tag>
<tag>Setter</tag>
<doc>Navigates to the given ``url``.</doc>
<status status="PASS" start="2025-07-03T14:28:21.119774" elapsed="0.066926"/>
</kw>
<kw name="Sleep" owner="BuiltIn">
<msg time="2025-07-03T14:28:22.187359" level="INFO">Slept 1 second.</msg>
<arg>1s</arg>
<doc>Pauses the test executed for the given time.</doc>
<status status="PASS" start="2025-07-03T14:28:21.186956" elapsed="1.000632"/>
</kw>
<kw name="Get Element Count" owner="Browser">
<msg time="2025-07-03T14:28:22.201208" level="INFO">${logout_exists} = 1</msg>
<var>${logout_exists}</var>
<arg>${HEADER_LOGOUT_BUTTON}</arg>
<tag>Assertion</tag>
<tag>Getter</tag>
<tag>PageContent</tag>
<doc>Returns the count of elements found with ``selector``.</doc>
<status status="PASS" start="2025-07-03T14:28:22.187764" elapsed="0.013636"/>
</kw>
<if>
<branch type="IF" condition="${logout_exists} &gt; 0">
<kw name="Click" owner="Browser">
<msg time="2025-07-03T14:28:22.202643" level="INFO">Clicks the element 'text=Sair'.</msg>
<arg>${HEADER_LOGOUT_BUTTON}</arg>
<tag>PageContent</tag>
<tag>Setter</tag>
<doc>Simulates mouse click on the element found by ``selector``.</doc>
<status status="PASS" start="2025-07-03T14:28:22.202019" elapsed="0.044045"/>
</kw>
<kw name="Sleep" owner="BuiltIn">
<msg time="2025-07-03T14:28:23.246774" level="INFO">Slept 1 second.</msg>
<arg>1s</arg>
<doc>Pauses the test executed for the given time.</doc>
<status status="PASS" start="2025-07-03T14:28:22.246319" elapsed="1.001116"/>
</kw>
<status status="PASS" start="2025-07-03T14:28:22.201552" elapsed="1.046248"/>
</branch>
<status status="PASS" start="2025-07-03T14:28:22.201527" elapsed="1.046564"/>
</if>
<status status="PASS" start="2025-07-03T14:28:21.119155" elapsed="2.129077"/>
</kw>
<kw name="Fazer Login Como Usuario" owner="auth_keywords">
<kw name="Ir Para Pagina De Login" owner="auth_keywords">
<kw name="Go To" owner="Browser">
<msg time="2025-07-03T14:28:23.430641" level="INFO">Successfully opened URL https://challenge-pb-front.vercel.app</msg>
<arg>${BASE_WEB_URL}</arg>
<tag>BrowserControl</tag>
<tag>Setter</tag>
<doc>Navigates to the given ``url``.</doc>
<status status="PASS" start="2025-07-03T14:28:23.250566" elapsed="0.180345"/>
</kw>
<kw name="Click" owner="Browser">
<msg time="2025-07-03T14:28:23.431643" level="INFO">Clicks the element 'a[href="/login"] &gt;&gt; nth=0'.</msg>
<arg>a[href="/login"] &gt;&gt; nth=0</arg>
<tag>PageContent</tag>
<tag>Setter</tag>
<doc>Simulates mouse click on the element found by ``selector``.</doc>
<status status="PASS" start="2025-07-03T14:28:23.431112" elapsed="0.047380"/>
</kw>
<kw name="Wait For Elements State" owner="Browser">
<msg time="2025-07-03T14:28:23.483392" level="INFO">Waited for Element with selector id=email at state visible</msg>
<arg>${LOGIN_EMAIL_FIELD}</arg>
<arg>visible</arg>
<arg>timeout=10s</arg>
<tag>PageContent</tag>
<tag>Wait</tag>
<doc>Waits for the element found by ``selector`` to satisfy state option.</doc>
<status status="PASS" start="2025-07-03T14:28:23.478723" elapsed="0.004916"/>
</kw>
<status status="PASS" start="2025-07-03T14:28:23.249860" elapsed="0.233908"/>
</kw>
<kw name="Preencher Credenciais" owner="auth_keywords">
<kw name="Preencher Campo" owner="common_keywords">
<kw name="Wait For Elements State" owner="Browser">
<msg time="2025-07-03T14:28:23.490938" level="INFO">Waited for Element with selector id=email at state visible</msg>
<arg>${locator}</arg>
<arg>visible</arg>
<arg>timeout=10s</arg>
<tag>PageContent</tag>
<tag>Wait</tag>
<doc>Waits for the element found by ``selector`` to satisfy state option.</doc>
<status status="PASS" start="2025-07-03T14:28:23.484958" elapsed="0.006345"/>
</kw>
<kw name="Fill Text" owner="Browser">
<msg time="2025-07-03T14:28:23.492307" level="INFO">Fills the text 'user@example.com' in the given field.</msg>
<arg>${locator}</arg>
<arg>${texto}</arg>
<tag>PageContent</tag>
<tag>Setter</tag>
<doc>Clears and fills the given ``txt`` into the text field found by ``selector``.</doc>
<status status="PASS" start="2025-07-03T14:28:23.491580" elapsed="0.007280"/>
</kw>
<arg>${LOGIN_EMAIL_FIELD}</arg>
<arg>${email}</arg>
<status status="PASS" start="2025-07-03T14:28:23.484458" elapsed="0.014589"/>
</kw>
<kw name="Preencher Campo" owner="common_keywords">
<kw name="Wait For Elements State" owner="Browser">
<msg time="2025-07-03T14:28:23.504700" level="INFO">Waited for Element with selector id=password at state visible</msg>
<arg>${locator}</arg>
<arg>visible</arg>
<arg>timeout=10s</arg>
<tag>PageContent</tag>
<tag>Wait</tag>
<doc>Waits for the element found by ``selector`` to satisfy state option.</doc>
<status status="PASS" start="2025-07-03T14:28:23.499711" elapsed="0.005260"/>
</kw>
<kw name="Fill Text" owner="Browser">
<msg time="2025-07-03T14:28:23.505701" level="INFO">Fills the text 'password123' in the given field.</msg>
<arg>${locator}</arg>
<arg>${texto}</arg>
<tag>PageContent</tag>
<tag>Setter</tag>
<doc>Clears and fills the given ``txt`` into the text field found by ``selector``.</doc>
<status status="PASS" start="2025-07-03T14:28:23.505154" elapsed="0.007317"/>
</kw>
<arg>${LOGIN_PASSWORD_FIELD}</arg>
<arg>${password}</arg>
<status status="PASS" start="2025-07-03T14:28:23.499251" elapsed="0.013392"/>
</kw>
<arg>${email}</arg>
<arg>${senha}</arg>
<status status="PASS" start="2025-07-03T14:28:23.483956" elapsed="0.028770"/>
</kw>
<kw name="Clicar Em Entrar" owner="auth_keywords">
<kw name="Click" owner="Browser">
<msg time="2025-07-03T14:28:23.513772" level="INFO">Clicks the element 'button[type="submit"]'.</msg>
<arg>${LOGIN_SUBMIT_BUTTON}</arg>
<tag>PageContent</tag>
<tag>Setter</tag>
<doc>Simulates mouse click on the element found by ``selector``.</doc>
<status status="PASS" start="2025-07-03T14:28:23.513256" elapsed="0.030055"/>
</kw>
<status status="PASS" start="2025-07-03T14:28:23.512891" elapsed="0.030593"/>
</kw>
<kw name="Verificar Login Bem Sucedido" owner="auth_keywords">
<kw name="Wait For Elements State" owner="Browser">
<msg time="2025-07-03T14:28:24.333249" level="INFO">Waited for Element with selector text=Login realizado com sucesso! at state visible</msg>
<arg>text=Login realizado com sucesso!</arg>
<arg>visible</arg>
<arg>timeout=10s</arg>
<tag>PageContent</tag>
<tag>Wait</tag>
<doc>Waits for the element found by ``selector`` to satisfy state option.</doc>
<status status="PASS" start="2025-07-03T14:28:23.543982" elapsed="0.789533"/>
</kw>
<kw name="Wait For Elements State" owner="Browser">
<msg time="2025-07-03T14:28:24.339536" level="INFO">Waited for Element with selector text=Sair at state visible</msg>
<arg>${HEADER_LOGOUT_BUTTON}</arg>
<arg>visible</arg>
<arg>timeout=10s</arg>
<tag>PageContent</tag>
<tag>Wait</tag>
<doc>Waits for the element found by ``selector`` to satisfy state option.</doc>
<status status="PASS" start="2025-07-03T14:28:24.333707" elapsed="0.006137"/>
</kw>
<status status="PASS" start="2025-07-03T14:28:23.543657" elapsed="0.796356"/>
</kw>
<status status="PASS" start="2025-07-03T14:28:23.248836" elapsed="1.091278"/>
</kw>
<kw name="Ir Para Filme Com Sessoes" owner="booking_keywords">
<kw name="Go To" owner="Browser">
<msg time="2025-07-03T14:28:24.407288" level="INFO">Successfully opened URL https://challenge-pb-front.vercel.app</msg>
<arg>${BASE_WEB_URL}</arg>
<tag>BrowserControl</tag>
<tag>Setter</tag>
<doc>Navigates to the given ``url``.</doc>
<status status="PASS" start="2025-07-03T14:28:24.340814" elapsed="0.066770"/>
</kw>
<kw name="Click" owner="Browser">
<msg time="2025-07-03T14:28:24.408631" level="INFO">Clicks the element 'text=Ver Detalhes &gt;&gt; nth=4'.</msg>
<arg>text=Ver Detalhes &gt;&gt; nth=4</arg>
<tag>PageContent</tag>
<tag>Setter</tag>
<doc>Simulates mouse click on the element found by ``selector``.</doc>
<status status="PASS" start="2025-07-03T14:28:24.407815" elapsed="0.860387"/>
</kw>
<kw name="Wait For Elements State" owner="Browser">
<msg time="2025-07-03T14:28:35.437939" level="INFO" html="true">&lt;/td&gt;&lt;/tr&gt;&lt;tr&gt;&lt;td colspan="3"&gt;&lt;a href="browser/screenshot/fail-screenshot-4.png" target="_blank"&gt;&lt;img src="browser/screenshot/fail-screenshot-4.png" width="800px"/&gt;&lt;/a&gt;</msg>
<msg time="2025-07-03T14:28:35.438170" level="INFO">See also file:///media/marcos/MEU%20HD/challenge_tecnico_do_pb/playwright-log.txt for additional details.</msg>
<msg time="2025-07-03T14:28:35.438306" level="FAIL">TimeoutError: locator.waitFor: Timeout 10000ms exceeded.
Call log:
  - waiting for locator('text=Selecionar Assentos').first() to be visible
</msg>
<arg>text=Selecionar Assentos &gt;&gt; nth=0</arg>
<arg>visible</arg>
<arg>timeout=10s</arg>
<tag>PageContent</tag>
<tag>Wait</tag>
<doc>Waits for the element found by ``selector`` to satisfy state option.</doc>
<status status="FAIL" start="2025-07-03T14:28:25.268557" elapsed="10.171478">TimeoutError: locator.waitFor: Timeout 10000ms exceeded.
Call log:
  - waiting for locator('text=Selecionar Assentos').first() to be visible
</status>
</kw>
<status status="FAIL" start="2025-07-03T14:28:24.340433" elapsed="11.099905">TimeoutError: locator.waitFor: Timeout 10000ms exceeded.
Call log:
  - waiting for locator('text=Selecionar Assentos').first() to be visible
</status>
</kw>
<kw name="Get Element Count" owner="Browser">
<var>${sessions}</var>
<arg>text=Selecionar Assentos</arg>
<tag>Assertion</tag>
<tag>Getter</tag>
<tag>PageContent</tag>
<doc>Returns the count of elements found with ``selector``.</doc>
<status status="NOT RUN" start="2025-07-03T14:28:35.440800" elapsed="0.000290"/>
</kw>
<kw name="Should Be True" owner="BuiltIn">
<arg>${sessions} &gt;= 5</arg>
<doc>Fails if the given condition is not true.</doc>
<status status="NOT RUN" start="2025-07-03T14:28:35.441545" elapsed="0.000204"/>
</kw>
<tag>WEB-BOOK-04</tag>
<status status="FAIL" start="2025-07-03T14:28:21.115780" elapsed="14.326325">TimeoutError: locator.waitFor: Timeout 10000ms exceeded.
Call log:
  - waiting for locator('text=Selecionar Assentos').first() to be visible
</status>
</test>
<kw name="Encerrar Navegador" owner="common_keywords" type="TEARDOWN">
<kw name="Close Browser" owner="Browser">
<msg time="2025-07-03T14:28:35.503790" level="INFO">Closed browser</msg>
<tag>BrowserControl</tag>
<tag>Setter</tag>
<doc>Closes the current browser.</doc>
<status status="PASS" start="2025-07-03T14:28:35.449687" elapsed="0.054571"/>
</kw>
<status status="PASS" start="2025-07-03T14:28:35.449151" elapsed="0.055284"/>
</kw>
<status status="FAIL" start="2025-07-03T14:27:35.526548" elapsed="59.977957"/>
</suite>
<statistics>
<total>
<stat pass="0" fail="4" skip="0">All Tests</stat>
</total>
<tag>
<stat pass="0" fail="1" skip="0">WEB-BOOK-01</stat>
<stat pass="0" fail="1" skip="0">WEB-BOOK-02</stat>
<stat pass="0" fail="1" skip="0">WEB-BOOK-03</stat>
<stat pass="0" fail="1" skip="0">WEB-BOOK-04</stat>
</tag>
<suite>
<stat name="Booking Tests" id="s1" pass="0" fail="4" skip="0">Booking Tests</stat>
</suite>
</statistics>
<errors>
</errors>
</robot>
