<?xml version="1.0" encoding="UTF-8"?>
<robot generator="Robot 7.3 (Python 3.13.2 on linux)" generated="2025-07-03T14:57:15.157487" rpa="false" schemaversion="5">
<suite id="s1" name="Web" source="/media/marcos/MEU HD/challenge_tecnico_do_pb/tests/web">
<suite id="s1-s1" name="Auth Tests" source="/media/marcos/MEU HD/challenge_tecnico_do_pb/tests/web/auth_tests.robot">
<kw name="Iniciar Navegador" owner="common_keywords" type="SETUP">
<kw name="Get Variable Value" owner="BuiltIn">
<msg time="2025-07-03T14:57:15.277435" level="INFO">${headless} = true</msg>
<var>${headless}</var>
<arg>${HEADLESS}</arg>
<arg>false</arg>
<doc>Returns variable value or ``default`` if the variable does not exist.</doc>
<status status="PASS" start="2025-07-03T14:57:15.277190" elapsed="0.000280"/>
</kw>
<kw name="New Browser" owner="Browser">
<msg time="2025-07-03T14:57:15.278232" level="INFO">{"browser": "chromium", "headless": true, "chromiumSandbox": false, "devtools": false, "handleSIGHUP": true, "handleSIGINT": true, "handleSIGTERM": true, "slowMo": 0.0, "timeout": 30000.0, "tracesDir": "/media/marcos/MEU HD/challenge_tecnico_do_pb/results/web_clean/browser/traces/temp/203a0155-55a6-4748-8b5c-5d6bcb35aac5"}</msg>
<msg time="2025-07-03T14:57:15.311247" level="INFO">Starting Browser process /home/marcos/anaconda3/envs/ambiente_compasso/lib/python3.13/site-packages/Browser/wrapper/index.js using at 127.0.0.1:60397</msg>
<msg time="2025-07-03T14:57:15.955838" level="INFO">Successfully created browser with options: {"browser":"chromium","headless":true,"chromiumSandbox":false,"devtools":false,"handleSIGHUP":true,"handleSIGINT":true,"handleSIGTERM":true,"slowMo":0,"timeout":30000,"tracesDir":"/media/marcos/MEU HD/challenge_tecnico_do_pb/results/web_clean/browser/traces/temp/203a0155-55a6-4748-8b5c-5d6bcb35aac5"}</msg>
<arg>chromium</arg>
<arg>headless=${headless}</arg>
<tag>BrowserControl</tag>
<tag>Setter</tag>
<doc>Create a new playwright Browser with specified options.</doc>
<status status="PASS" start="2025-07-03T14:57:15.277596" elapsed="0.678486"/>
</kw>
<kw name="New Context" owner="Browser">
<msg time="2025-07-03T14:57:15.958958" level="INFO">{
  "acceptDownloads": true,
  "bypassCSP": false,
  "forcedColors": "none",
  "ignoreHTTPSErrors": false,
  "javaScriptEnabled": true,
  "offline": false,
  "reducedMotion": "no-preference",
  "serviceWorkers": "allow",
  "viewport": {
    "height": 1080,
    "width": 1920
  }
}</msg>
<msg time="2025-07-03T14:57:15.971386" level="INFO">Successfully created context. </msg>
<msg time="2025-07-03T14:57:15.971461" level="INFO">{'acceptDownloads': True, 'bypassCSP': False, 'forcedColors': 'none', 'ignoreHTTPSErrors': False, 'javaScriptEnabled': True, 'offline': False, 'reducedMotion': 'no-preference', 'serviceWorkers': 'allow', 'viewport': {'height': 1080, 'width': 1920}}</msg>
<arg>viewport={'width': 1920, 'height': 1080}</arg>
<tag>BrowserControl</tag>
<tag>Setter</tag>
<doc>Create a new BrowserContext with specified options.</doc>
<status status="PASS" start="2025-07-03T14:57:15.956336" elapsed="0.015190"/>
</kw>
<kw name="New Page" owner="Browser">
<msg time="2025-07-03T14:57:16.282426" level="INFO">Successfully initialized new page object and opened url: https://challenge-pb-front.vercel.app</msg>
<arg>${BASE_WEB_URL}</arg>
<tag>BrowserControl</tag>
<tag>Setter</tag>
<doc>Open a new Page.</doc>
<status status="PASS" start="2025-07-03T14:57:15.971687" elapsed="0.310935"/>
</kw>
<status status="PASS" start="2025-07-03T14:57:15.276654" elapsed="1.006064"/>
</kw>
<test id="s1-s1-t1" name="WEB-AUTH-01 - Login Usuario Bem Sucedido" line="11">
<kw name="Ir Para Home E Fazer Logout Se Necessario" owner="auth_keywords" type="SETUP">
<kw name="Go To" owner="Browser">
<msg time="2025-07-03T14:57:16.418810" level="INFO">Successfully opened URL https://challenge-pb-front.vercel.app</msg>
<arg>${BASE_WEB_URL}</arg>
<tag>BrowserControl</tag>
<tag>Setter</tag>
<doc>Navigates to the given ``url``.</doc>
<status status="PASS" start="2025-07-03T14:57:16.358266" elapsed="0.060703"/>
</kw>
<kw name="Sleep" owner="BuiltIn">
<msg time="2025-07-03T14:57:17.419481" level="INFO">Slept 1 second.</msg>
<arg>1s</arg>
<doc>Pauses the test executed for the given time.</doc>
<status status="PASS" start="2025-07-03T14:57:16.419132" elapsed="1.000498"/>
</kw>
<kw name="Get Element Count" owner="Browser">
<msg time="2025-07-03T14:57:17.443924" level="INFO">${logout_exists} = 0</msg>
<var>${logout_exists}</var>
<arg>${HEADER_LOGOUT_BUTTON}</arg>
<tag>Assertion</tag>
<tag>Getter</tag>
<tag>PageContent</tag>
<doc>Returns the count of elements found with ``selector``.</doc>
<status status="PASS" start="2025-07-03T14:57:17.419871" elapsed="0.024107"/>
</kw>
<if>
<branch type="IF" condition="${logout_exists} &gt; 0">
<kw name="Click" owner="Browser">
<arg>${HEADER_LOGOUT_BUTTON}</arg>
<tag>PageContent</tag>
<tag>Setter</tag>
<doc>Simulates mouse click on the element found by ``selector``.</doc>
<status status="NOT RUN" start="2025-07-03T14:57:17.444347" elapsed="0.000063"/>
</kw>
<kw name="Sleep" owner="BuiltIn">
<arg>1s</arg>
<doc>Pauses the test executed for the given time.</doc>
<status status="NOT RUN" start="2025-07-03T14:57:17.444498" elapsed="0.000038"/>
</kw>
<status status="NOT RUN" start="2025-07-03T14:57:17.444107" elapsed="0.000460"/>
</branch>
<status status="PASS" start="2025-07-03T14:57:17.444079" elapsed="0.000525"/>
</if>
<status status="PASS" start="2025-07-03T14:57:16.357861" elapsed="1.086796"/>
</kw>
<kw name="Fazer Login Como Usuario" owner="auth_keywords">
<kw name="Ir Para Pagina De Login" owner="auth_keywords">
<kw name="Go To" owner="Browser">
<msg time="2025-07-03T14:57:17.539942" level="INFO">Successfully opened URL https://challenge-pb-front.vercel.app</msg>
<arg>${BASE_WEB_URL}</arg>
<tag>BrowserControl</tag>
<tag>Setter</tag>
<doc>Navigates to the given ``url``.</doc>
<status status="PASS" start="2025-07-03T14:57:17.445285" elapsed="0.094861"/>
</kw>
<kw name="Click" owner="Browser">
<msg time="2025-07-03T14:57:17.540951" level="INFO">Clicks the element 'a[href="/login"] &gt;&gt; nth=0'.</msg>
<arg>a[href="/login"] &gt;&gt; nth=0</arg>
<tag>PageContent</tag>
<tag>Setter</tag>
<doc>Simulates mouse click on the element found by ``selector``.</doc>
<status status="PASS" start="2025-07-03T14:57:17.540363" elapsed="0.128754"/>
</kw>
<kw name="Wait For Elements State" owner="Browser">
<msg time="2025-07-03T14:57:17.678518" level="INFO">Waited for Element with selector id=email at state visible</msg>
<arg>${LOGIN_EMAIL_FIELD}</arg>
<arg>visible</arg>
<arg>timeout=10s</arg>
<tag>PageContent</tag>
<tag>Wait</tag>
<doc>Waits for the element found by ``selector`` to satisfy state option.</doc>
<status status="PASS" start="2025-07-03T14:57:17.669367" elapsed="0.009300"/>
</kw>
<status status="PASS" start="2025-07-03T14:57:17.445106" elapsed="0.233656"/>
</kw>
<kw name="Preencher Credenciais" owner="auth_keywords">
<kw name="Preencher Campo" owner="common_keywords">
<kw name="Wait For Elements State" owner="Browser">
<msg time="2025-07-03T14:57:17.685926" level="INFO">Waited for Element with selector id=email at state visible</msg>
<arg>${locator}</arg>
<arg>visible</arg>
<arg>timeout=10s</arg>
<tag>PageContent</tag>
<tag>Wait</tag>
<doc>Waits for the element found by ``selector`` to satisfy state option.</doc>
<status status="PASS" start="2025-07-03T14:57:17.679514" elapsed="0.006641"/>
</kw>
<kw name="Fill Text" owner="Browser">
<msg time="2025-07-03T14:57:17.687230" level="INFO">Fills the text 'user@example.com' in the given field.</msg>
<arg>${locator}</arg>
<arg>${texto}</arg>
<tag>PageContent</tag>
<tag>Setter</tag>
<doc>Clears and fills the given ``txt`` into the text field found by ``selector``.</doc>
<status status="PASS" start="2025-07-03T14:57:17.686380" elapsed="0.013778"/>
</kw>
<arg>${LOGIN_EMAIL_FIELD}</arg>
<arg>${email}</arg>
<status status="PASS" start="2025-07-03T14:57:17.679280" elapsed="0.021050"/>
</kw>
<kw name="Preencher Campo" owner="common_keywords">
<kw name="Wait For Elements State" owner="Browser">
<msg time="2025-07-03T14:57:17.708886" level="INFO">Waited for Element with selector id=password at state visible</msg>
<arg>${locator}</arg>
<arg>visible</arg>
<arg>timeout=10s</arg>
<tag>PageContent</tag>
<tag>Wait</tag>
<doc>Waits for the element found by ``selector`` to satisfy state option.</doc>
<status status="PASS" start="2025-07-03T14:57:17.701009" elapsed="0.008068"/>
</kw>
<kw name="Fill Text" owner="Browser">
<msg time="2025-07-03T14:57:17.709662" level="INFO">Fills the text 'password123' in the given field.</msg>
<arg>${locator}</arg>
<arg>${texto}</arg>
<tag>PageContent</tag>
<tag>Setter</tag>
<doc>Clears and fills the given ``txt`` into the text field found by ``selector``.</doc>
<status status="PASS" start="2025-07-03T14:57:17.709238" elapsed="0.012622"/>
</kw>
<arg>${LOGIN_PASSWORD_FIELD}</arg>
<arg>${password}</arg>
<status status="PASS" start="2025-07-03T14:57:17.700567" elapsed="0.021425"/>
</kw>
<arg>${email}</arg>
<arg>${senha}</arg>
<status status="PASS" start="2025-07-03T14:57:17.678913" elapsed="0.043136"/>
</kw>
<kw name="Clicar Em Entrar" owner="auth_keywords">
<kw name="Click" owner="Browser">
<msg time="2025-07-03T14:57:17.722972" level="INFO">Clicks the element 'button[type="submit"]'.</msg>
<arg>${LOGIN_SUBMIT_BUTTON}</arg>
<tag>PageContent</tag>
<tag>Setter</tag>
<doc>Simulates mouse click on the element found by ``selector``.</doc>
<status status="PASS" start="2025-07-03T14:57:17.722572" elapsed="0.040187"/>
</kw>
<status status="PASS" start="2025-07-03T14:57:17.722204" elapsed="0.040660"/>
</kw>
<kw name="Verificar Login Bem Sucedido" owner="auth_keywords">
<kw name="Wait For Elements State" owner="Browser">
<msg time="2025-07-03T14:57:18.552577" level="INFO">Waited for Element with selector text=Login realizado com sucesso! at state visible</msg>
<arg>text=Login realizado com sucesso!</arg>
<arg>visible</arg>
<arg>timeout=10s</arg>
<tag>PageContent</tag>
<tag>Wait</tag>
<doc>Waits for the element found by ``selector`` to satisfy state option.</doc>
<status status="PASS" start="2025-07-03T14:57:17.763324" elapsed="0.789496"/>
</kw>
<kw name="Wait For Elements State" owner="Browser">
<msg time="2025-07-03T14:57:18.559189" level="INFO">Waited for Element with selector text=Sair at state visible</msg>
<arg>${HEADER_LOGOUT_BUTTON}</arg>
<arg>visible</arg>
<arg>timeout=10s</arg>
<tag>PageContent</tag>
<tag>Wait</tag>
<doc>Waits for the element found by ``selector`` to satisfy state option.</doc>
<status status="PASS" start="2025-07-03T14:57:18.553068" elapsed="0.006256"/>
</kw>
<status status="PASS" start="2025-07-03T14:57:17.763041" elapsed="0.796369"/>
</kw>
<status status="PASS" start="2025-07-03T14:57:17.444805" elapsed="1.114649"/>
</kw>
<kw name="Verificar Usuario Logado" owner="auth_keywords">
<kw name="Aguardar Elemento" owner="common_keywords">
<kw name="Wait For Elements State" owner="Browser">
<msg time="2025-07-03T14:57:18.564857" level="INFO">Waited for Element with selector text=Perfil at state visible</msg>
<arg>${locator}</arg>
<arg>visible</arg>
<arg>timeout=${timeout}</arg>
<tag>PageContent</tag>
<tag>Wait</tag>
<doc>Waits for the element found by ``selector`` to satisfy state option.</doc>
<status status="PASS" start="2025-07-03T14:57:18.560130" elapsed="0.004876"/>
</kw>
<arg>${HEADER_PROFILE_LINK}</arg>
<status status="PASS" start="2025-07-03T14:57:18.559871" elapsed="0.005226"/>
</kw>
<kw name="Aguardar Elemento" owner="common_keywords">
<kw name="Wait For Elements State" owner="Browser">
<msg time="2025-07-03T14:57:18.570650" level="INFO">Waited for Element with selector text=Sair at state visible</msg>
<arg>${locator}</arg>
<arg>visible</arg>
<arg>timeout=${timeout}</arg>
<tag>PageContent</tag>
<tag>Wait</tag>
<doc>Waits for the element found by ``selector`` to satisfy state option.</doc>
<status status="PASS" start="2025-07-03T14:57:18.565561" elapsed="0.005247"/>
</kw>
<arg>${HEADER_LOGOUT_BUTTON}</arg>
<status status="PASS" start="2025-07-03T14:57:18.565250" elapsed="0.005651"/>
</kw>
<kw name="Aguardar Elemento" owner="common_keywords">
<kw name="Wait For Elements State" owner="Browser">
<msg time="2025-07-03T14:57:18.576017" level="INFO">Waited for Element with selector text=Minhas Reservas at state visible</msg>
<arg>${locator}</arg>
<arg>visible</arg>
<arg>timeout=${timeout}</arg>
<tag>PageContent</tag>
<tag>Wait</tag>
<doc>Waits for the element found by ``selector`` to satisfy state option.</doc>
<status status="PASS" start="2025-07-03T14:57:18.571397" elapsed="0.004752"/>
</kw>
<arg>${HEADER_RESERVATIONS_LINK}</arg>
<status status="PASS" start="2025-07-03T14:57:18.571064" elapsed="0.005174"/>
</kw>
<status status="PASS" start="2025-07-03T14:57:18.559599" elapsed="0.016687"/>
</kw>
<tag>WEB-AUTH-01</tag>
<status status="PASS" start="2025-07-03T14:57:16.282791" elapsed="2.293602"/>
</test>
<test id="s1-s1-t2" name="WEB-AUTH-02 - Login Admin Bem Sucedido" line="16">
<kw name="Ir Para Home E Fazer Logout Se Necessario" owner="auth_keywords" type="SETUP">
<kw name="Go To" owner="Browser">
<msg time="2025-07-03T14:57:18.660088" level="INFO">Successfully opened URL https://challenge-pb-front.vercel.app</msg>
<arg>${BASE_WEB_URL}</arg>
<tag>BrowserControl</tag>
<tag>Setter</tag>
<doc>Navigates to the given ``url``.</doc>
<status status="PASS" start="2025-07-03T14:57:18.586165" elapsed="0.074067"/>
</kw>
<kw name="Sleep" owner="BuiltIn">
<msg time="2025-07-03T14:57:19.660719" level="INFO">Slept 1 second.</msg>
<arg>1s</arg>
<doc>Pauses the test executed for the given time.</doc>
<status status="PASS" start="2025-07-03T14:57:18.660382" elapsed="1.000437"/>
</kw>
<kw name="Get Element Count" owner="Browser">
<msg time="2025-07-03T14:57:19.675858" level="INFO">${logout_exists} = 1</msg>
<var>${logout_exists}</var>
<arg>${HEADER_LOGOUT_BUTTON}</arg>
<tag>Assertion</tag>
<tag>Getter</tag>
<tag>PageContent</tag>
<doc>Returns the count of elements found with ``selector``.</doc>
<status status="PASS" start="2025-07-03T14:57:19.661003" elapsed="0.014896"/>
</kw>
<if>
<branch type="IF" condition="${logout_exists} &gt; 0">
<kw name="Click" owner="Browser">
<msg time="2025-07-03T14:57:19.676616" level="INFO">Clicks the element 'text=Sair'.</msg>
<arg>${HEADER_LOGOUT_BUTTON}</arg>
<tag>PageContent</tag>
<tag>Setter</tag>
<doc>Simulates mouse click on the element found by ``selector``.</doc>
<status status="PASS" start="2025-07-03T14:57:19.676271" elapsed="0.051411"/>
</kw>
<kw name="Sleep" owner="BuiltIn">
<msg time="2025-07-03T14:57:20.728358" level="INFO">Slept 1 second.</msg>
<arg>1s</arg>
<doc>Pauses the test executed for the given time.</doc>
<status status="PASS" start="2025-07-03T14:57:19.727920" elapsed="1.000598"/>
</kw>
<status status="PASS" start="2025-07-03T14:57:19.676025" elapsed="1.052567"/>
</branch>
<status status="PASS" start="2025-07-03T14:57:19.675999" elapsed="1.052668"/>
</if>
<status status="PASS" start="2025-07-03T14:57:18.585811" elapsed="2.142937"/>
</kw>
<kw name="Fazer Login Como Admin" owner="auth_keywords">
<kw name="Ir Para Pagina De Login" owner="auth_keywords">
<kw name="Go To" owner="Browser">
<msg time="2025-07-03T14:57:20.777668" level="INFO">Successfully opened URL https://challenge-pb-front.vercel.app</msg>
<arg>${BASE_WEB_URL}</arg>
<tag>BrowserControl</tag>
<tag>Setter</tag>
<doc>Navigates to the given ``url``.</doc>
<status status="PASS" start="2025-07-03T14:57:20.729872" elapsed="0.047928"/>
</kw>
<kw name="Click" owner="Browser">
<msg time="2025-07-03T14:57:20.778348" level="INFO">Clicks the element 'a[href="/login"] &gt;&gt; nth=0'.</msg>
<arg>a[href="/login"] &gt;&gt; nth=0</arg>
<tag>PageContent</tag>
<tag>Setter</tag>
<doc>Simulates mouse click on the element found by ``selector``.</doc>
<status status="PASS" start="2025-07-03T14:57:20.777954" elapsed="0.069150"/>
</kw>
<kw name="Wait For Elements State" owner="Browser">
<msg time="2025-07-03T14:57:20.856538" level="INFO">Waited for Element with selector id=email at state visible</msg>
<arg>${LOGIN_EMAIL_FIELD}</arg>
<arg>visible</arg>
<arg>timeout=10s</arg>
<tag>PageContent</tag>
<tag>Wait</tag>
<doc>Waits for the element found by ``selector`` to satisfy state option.</doc>
<status status="PASS" start="2025-07-03T14:57:20.847373" elapsed="0.009407"/>
</kw>
<status status="PASS" start="2025-07-03T14:57:20.729631" elapsed="0.127292"/>
</kw>
<kw name="Preencher Credenciais" owner="auth_keywords">
<kw name="Preencher Campo" owner="common_keywords">
<kw name="Wait For Elements State" owner="Browser">
<msg time="2025-07-03T14:57:20.863433" level="INFO">Waited for Element with selector id=email at state visible</msg>
<arg>${locator}</arg>
<arg>visible</arg>
<arg>timeout=10s</arg>
<tag>PageContent</tag>
<tag>Wait</tag>
<doc>Waits for the element found by ``selector`` to satisfy state option.</doc>
<status status="PASS" start="2025-07-03T14:57:20.858193" elapsed="0.005389"/>
</kw>
<kw name="Fill Text" owner="Browser">
<msg time="2025-07-03T14:57:20.864219" level="INFO">Fills the text 'admin@example.com' in the given field.</msg>
<arg>${locator}</arg>
<arg>${texto}</arg>
<tag>PageContent</tag>
<tag>Setter</tag>
<doc>Clears and fills the given ``txt`` into the text field found by ``selector``.</doc>
<status status="PASS" start="2025-07-03T14:57:20.863744" elapsed="0.007501"/>
</kw>
<arg>${LOGIN_EMAIL_FIELD}</arg>
<arg>${email}</arg>
<status status="PASS" start="2025-07-03T14:57:20.857817" elapsed="0.013537"/>
</kw>
<kw name="Preencher Campo" owner="common_keywords">
<kw name="Wait For Elements State" owner="Browser">
<msg time="2025-07-03T14:57:20.875787" level="INFO">Waited for Element with selector id=password at state visible</msg>
<arg>${locator}</arg>
<arg>visible</arg>
<arg>timeout=10s</arg>
<tag>PageContent</tag>
<tag>Wait</tag>
<doc>Waits for the element found by ``selector`` to satisfy state option.</doc>
<status status="PASS" start="2025-07-03T14:57:20.871839" elapsed="0.004082"/>
</kw>
<kw name="Fill Text" owner="Browser">
<msg time="2025-07-03T14:57:20.876494" level="INFO">Fills the text 'password123' in the given field.</msg>
<arg>${locator}</arg>
<arg>${texto}</arg>
<tag>PageContent</tag>
<tag>Setter</tag>
<doc>Clears and fills the given ``txt`` into the text field found by ``selector``.</doc>
<status status="PASS" start="2025-07-03T14:57:20.876078" elapsed="0.009701"/>
</kw>
<arg>${LOGIN_PASSWORD_FIELD}</arg>
<arg>${password}</arg>
<status status="PASS" start="2025-07-03T14:57:20.871511" elapsed="0.014445"/>
</kw>
<arg>${email}</arg>
<arg>${senha}</arg>
<status status="PASS" start="2025-07-03T14:57:20.857270" elapsed="0.028777"/>
</kw>
<kw name="Clicar Em Entrar" owner="auth_keywords">
<kw name="Click" owner="Browser">
<msg time="2025-07-03T14:57:20.887040" level="INFO">Clicks the element 'button[type="submit"]'.</msg>
<arg>${LOGIN_SUBMIT_BUTTON}</arg>
<tag>PageContent</tag>
<tag>Setter</tag>
<doc>Simulates mouse click on the element found by ``selector``.</doc>
<status status="PASS" start="2025-07-03T14:57:20.886600" elapsed="0.041781"/>
</kw>
<status status="PASS" start="2025-07-03T14:57:20.886247" elapsed="0.042442"/>
</kw>
<kw name="Verificar Login Bem Sucedido" owner="auth_keywords">
<kw name="Wait For Elements State" owner="Browser">
<msg time="2025-07-03T14:57:21.718357" level="INFO">Waited for Element with selector text=Login realizado com sucesso! at state visible</msg>
<arg>text=Login realizado com sucesso!</arg>
<arg>visible</arg>
<arg>timeout=10s</arg>
<tag>PageContent</tag>
<tag>Wait</tag>
<doc>Waits for the element found by ``selector`` to satisfy state option.</doc>
<status status="PASS" start="2025-07-03T14:57:20.929429" elapsed="0.789103"/>
</kw>
<kw name="Wait For Elements State" owner="Browser">
<msg time="2025-07-03T14:57:21.725593" level="INFO">Waited for Element with selector text=Sair at state visible</msg>
<arg>${HEADER_LOGOUT_BUTTON}</arg>
<arg>visible</arg>
<arg>timeout=10s</arg>
<tag>PageContent</tag>
<tag>Wait</tag>
<doc>Waits for the element found by ``selector`` to satisfy state option.</doc>
<status status="PASS" start="2025-07-03T14:57:21.718701" elapsed="0.007039"/>
</kw>
<status status="PASS" start="2025-07-03T14:57:20.928974" elapsed="0.796859"/>
</kw>
<status status="PASS" start="2025-07-03T14:57:20.729019" elapsed="0.996860"/>
</kw>
<kw name="Verificar Usuario Logado" owner="auth_keywords">
<kw name="Aguardar Elemento" owner="common_keywords">
<kw name="Wait For Elements State" owner="Browser">
<msg time="2025-07-03T14:57:21.731479" level="INFO">Waited for Element with selector text=Perfil at state visible</msg>
<arg>${locator}</arg>
<arg>visible</arg>
<arg>timeout=${timeout}</arg>
<tag>PageContent</tag>
<tag>Wait</tag>
<doc>Waits for the element found by ``selector`` to satisfy state option.</doc>
<status status="PASS" start="2025-07-03T14:57:21.726536" elapsed="0.005134"/>
</kw>
<arg>${HEADER_PROFILE_LINK}</arg>
<status status="PASS" start="2025-07-03T14:57:21.726301" elapsed="0.005467"/>
</kw>
<kw name="Aguardar Elemento" owner="common_keywords">
<kw name="Wait For Elements State" owner="Browser">
<msg time="2025-07-03T14:57:21.737464" level="INFO">Waited for Element with selector text=Sair at state visible</msg>
<arg>${locator}</arg>
<arg>visible</arg>
<arg>timeout=${timeout}</arg>
<tag>PageContent</tag>
<tag>Wait</tag>
<doc>Waits for the element found by ``selector`` to satisfy state option.</doc>
<status status="PASS" start="2025-07-03T14:57:21.732246" elapsed="0.005367"/>
</kw>
<arg>${HEADER_LOGOUT_BUTTON}</arg>
<status status="PASS" start="2025-07-03T14:57:21.731912" elapsed="0.005795"/>
</kw>
<kw name="Aguardar Elemento" owner="common_keywords">
<kw name="Wait For Elements State" owner="Browser">
<msg time="2025-07-03T14:57:21.744497" level="INFO">Waited for Element with selector text=Minhas Reservas at state visible</msg>
<arg>${locator}</arg>
<arg>visible</arg>
<arg>timeout=${timeout}</arg>
<tag>PageContent</tag>
<tag>Wait</tag>
<doc>Waits for the element found by ``selector`` to satisfy state option.</doc>
<status status="PASS" start="2025-07-03T14:57:21.738192" elapsed="0.006473"/>
</kw>
<arg>${HEADER_RESERVATIONS_LINK}</arg>
<status status="PASS" start="2025-07-03T14:57:21.737856" elapsed="0.006907"/>
</kw>
<status status="PASS" start="2025-07-03T14:57:21.726034" elapsed="0.018775"/>
</kw>
<tag>WEB-AUTH-02</tag>
<status status="PASS" start="2025-07-03T14:57:18.581852" elapsed="3.163066"/>
</test>
<test id="s1-s1-t3" name="WEB-AUTH-03 - Login Com Credenciais Invalidas" line="21">
<kw name="Ir Para Home E Fazer Logout Se Necessario" owner="auth_keywords" type="SETUP">
<kw name="Go To" owner="Browser">
<msg time="2025-07-03T14:57:21.803089" level="INFO">Successfully opened URL https://challenge-pb-front.vercel.app</msg>
<arg>${BASE_WEB_URL}</arg>
<tag>BrowserControl</tag>
<tag>Setter</tag>
<doc>Navigates to the given ``url``.</doc>
<status status="PASS" start="2025-07-03T14:57:21.754299" elapsed="0.049058"/>
</kw>
<kw name="Sleep" owner="BuiltIn">
<msg time="2025-07-03T14:57:22.804063" level="INFO">Slept 1 second.</msg>
<arg>1s</arg>
<doc>Pauses the test executed for the given time.</doc>
<status status="PASS" start="2025-07-03T14:57:21.803621" elapsed="1.000549"/>
</kw>
<kw name="Get Element Count" owner="Browser">
<msg time="2025-07-03T14:57:22.821828" level="INFO">${logout_exists} = 1</msg>
<var>${logout_exists}</var>
<arg>${HEADER_LOGOUT_BUTTON}</arg>
<tag>Assertion</tag>
<tag>Getter</tag>
<tag>PageContent</tag>
<doc>Returns the count of elements found with ``selector``.</doc>
<status status="PASS" start="2025-07-03T14:57:22.804332" elapsed="0.017629"/>
</kw>
<if>
<branch type="IF" condition="${logout_exists} &gt; 0">
<kw name="Click" owner="Browser">
<msg time="2025-07-03T14:57:22.823020" level="INFO">Clicks the element 'text=Sair'.</msg>
<arg>${HEADER_LOGOUT_BUTTON}</arg>
<tag>PageContent</tag>
<tag>Setter</tag>
<doc>Simulates mouse click on the element found by ``selector``.</doc>
<status status="PASS" start="2025-07-03T14:57:22.822529" elapsed="0.038694"/>
</kw>
<kw name="Sleep" owner="BuiltIn">
<msg time="2025-07-03T14:57:23.861791" level="INFO">Slept 1 second.</msg>
<arg>1s</arg>
<doc>Pauses the test executed for the given time.</doc>
<status status="PASS" start="2025-07-03T14:57:22.861399" elapsed="1.000640"/>
</kw>
<status status="PASS" start="2025-07-03T14:57:22.822142" elapsed="1.040056"/>
</branch>
<status status="PASS" start="2025-07-03T14:57:22.822106" elapsed="1.040218"/>
</if>
<status status="PASS" start="2025-07-03T14:57:21.753763" elapsed="2.108684"/>
</kw>
<kw name="Ir Para Pagina De Login" owner="auth_keywords">
<kw name="Go To" owner="Browser">
<msg time="2025-07-03T14:57:23.936189" level="INFO">Successfully opened URL https://challenge-pb-front.vercel.app</msg>
<arg>${BASE_WEB_URL}</arg>
<tag>BrowserControl</tag>
<tag>Setter</tag>
<doc>Navigates to the given ``url``.</doc>
<status status="PASS" start="2025-07-03T14:57:23.863607" elapsed="0.072763"/>
</kw>
<kw name="Click" owner="Browser">
<msg time="2025-07-03T14:57:23.937559" level="INFO">Clicks the element 'a[href="/login"] &gt;&gt; nth=0'.</msg>
<arg>a[href="/login"] &gt;&gt; nth=0</arg>
<tag>PageContent</tag>
<tag>Setter</tag>
<doc>Simulates mouse click on the element found by ``selector``.</doc>
<status status="PASS" start="2025-07-03T14:57:23.936569" elapsed="0.057582"/>
</kw>
<kw name="Wait For Elements State" owner="Browser">
<msg time="2025-07-03T14:57:23.999004" level="INFO">Waited for Element with selector id=email at state visible</msg>
<arg>${LOGIN_EMAIL_FIELD}</arg>
<arg>visible</arg>
<arg>timeout=10s</arg>
<tag>PageContent</tag>
<tag>Wait</tag>
<doc>Waits for the element found by ``selector`` to satisfy state option.</doc>
<status status="PASS" start="2025-07-03T14:57:23.994321" elapsed="0.004902"/>
</kw>
<status status="PASS" start="2025-07-03T14:57:23.862874" elapsed="0.136478"/>
</kw>
<kw name="Preencher Credenciais" owner="auth_keywords">
<kw name="Preencher Campo" owner="common_keywords">
<kw name="Wait For Elements State" owner="Browser">
<msg time="2025-07-03T14:57:24.007074" level="INFO">Waited for Element with selector id=email at state visible</msg>
<arg>${locator}</arg>
<arg>visible</arg>
<arg>timeout=10s</arg>
<tag>PageContent</tag>
<tag>Wait</tag>
<doc>Waits for the element found by ``selector`` to satisfy state option.</doc>
<status status="PASS" start="2025-07-03T14:57:24.000244" elapsed="0.006995"/>
</kw>
<kw name="Fill Text" owner="Browser">
<msg time="2025-07-03T14:57:24.007961" level="INFO">Fills the text 'email@invalido.com' in the given field.</msg>
<arg>${locator}</arg>
<arg>${texto}</arg>
<tag>PageContent</tag>
<tag>Setter</tag>
<doc>Clears and fills the given ``txt`` into the text field found by ``selector``.</doc>
<status status="PASS" start="2025-07-03T14:57:24.007409" elapsed="0.013039"/>
</kw>
<arg>${LOGIN_EMAIL_FIELD}</arg>
<arg>${email}</arg>
<status status="PASS" start="2025-07-03T14:57:23.999871" elapsed="0.020753"/>
</kw>
<kw name="Preencher Campo" owner="common_keywords">
<kw name="Wait For Elements State" owner="Browser">
<msg time="2025-07-03T14:57:24.025673" level="INFO">Waited for Element with selector id=password at state visible</msg>
<arg>${locator}</arg>
<arg>visible</arg>
<arg>timeout=10s</arg>
<tag>PageContent</tag>
<tag>Wait</tag>
<doc>Waits for the element found by ``selector`` to satisfy state option.</doc>
<status status="PASS" start="2025-07-03T14:57:24.021357" elapsed="0.004454"/>
</kw>
<kw name="Fill Text" owner="Browser">
<msg time="2025-07-03T14:57:24.026369" level="INFO">Fills the text 'senhaerrada' in the given field.</msg>
<arg>${locator}</arg>
<arg>${texto}</arg>
<tag>PageContent</tag>
<tag>Setter</tag>
<doc>Clears and fills the given ``txt`` into the text field found by ``selector``.</doc>
<status status="PASS" start="2025-07-03T14:57:24.025962" elapsed="0.008572"/>
</kw>
<arg>${LOGIN_PASSWORD_FIELD}</arg>
<arg>${password}</arg>
<status status="PASS" start="2025-07-03T14:57:24.020850" elapsed="0.013797"/>
</kw>
<arg>email@invalido.com</arg>
<arg>senhaerrada</arg>
<status status="PASS" start="2025-07-03T14:57:23.999534" elapsed="0.035164"/>
</kw>
<kw name="Clicar Em Entrar" owner="auth_keywords">
<kw name="Click" owner="Browser">
<msg time="2025-07-03T14:57:24.035705" level="INFO">Clicks the element 'button[type="submit"]'.</msg>
<arg>${LOGIN_SUBMIT_BUTTON}</arg>
<tag>PageContent</tag>
<tag>Setter</tag>
<doc>Simulates mouse click on the element found by ``selector``.</doc>
<status status="PASS" start="2025-07-03T14:57:24.035269" elapsed="0.041221"/>
</kw>
<status status="PASS" start="2025-07-03T14:57:24.034853" elapsed="0.041742"/>
</kw>
<kw name="Verificar Texto Na Pagina" owner="common_keywords">
<kw name="Wait For Elements State" owner="Browser">
<msg time="2025-07-03T14:57:24.877232" level="INFO">Waited for Element with selector text=404: NOT_FOUND at state visible</msg>
<arg>text=${texto}</arg>
<arg>visible</arg>
<arg>timeout=10s</arg>
<tag>PageContent</tag>
<tag>Wait</tag>
<doc>Waits for the element found by ``selector`` to satisfy state option.</doc>
<status status="PASS" start="2025-07-03T14:57:24.077023" elapsed="0.800376"/>
</kw>
<arg>404: NOT_FOUND</arg>
<status status="PASS" start="2025-07-03T14:57:24.076739" elapsed="0.800769"/>
</kw>
<kw name="Get Url" owner="Browser">
<msg time="2025-07-03T14:57:24.879739" level="INFO">${url} = https://challenge-pb-front.vercel.app/login</msg>
<var>${url}</var>
<tag>Assertion</tag>
<tag>Getter</tag>
<tag>PageContent</tag>
<doc>Returns the current URL.</doc>
<status status="PASS" start="2025-07-03T14:57:24.877635" elapsed="0.002143"/>
</kw>
<kw name="Should Contain" owner="BuiltIn">
<arg>${url}</arg>
<arg>/login</arg>
<doc>Fails if ``container`` does not contain ``item`` one or more times.</doc>
<status status="PASS" start="2025-07-03T14:57:24.879916" elapsed="0.000221"/>
</kw>
<tag>WEB-AUTH-03</tag>
<status status="PASS" start="2025-07-03T14:57:21.750045" elapsed="3.130189"/>
</test>
<test id="s1-s1-t4" name="WEB-AUTH-04 - Registro De Novo Usuario" line="30">
<kw name="Ir Para Home E Fazer Logout Se Necessario" owner="auth_keywords" type="SETUP">
<kw name="Go To" owner="Browser">
<msg time="2025-07-03T14:57:24.939971" level="INFO">Successfully opened URL https://challenge-pb-front.vercel.app</msg>
<arg>${BASE_WEB_URL}</arg>
<tag>BrowserControl</tag>
<tag>Setter</tag>
<doc>Navigates to the given ``url``.</doc>
<status status="PASS" start="2025-07-03T14:57:24.887914" elapsed="0.052294"/>
</kw>
<kw name="Sleep" owner="BuiltIn">
<msg time="2025-07-03T14:57:25.940755" level="INFO">Slept 1 second.</msg>
<arg>1s</arg>
<doc>Pauses the test executed for the given time.</doc>
<status status="PASS" start="2025-07-03T14:57:24.940412" elapsed="1.000474"/>
</kw>
<kw name="Get Element Count" owner="Browser">
<msg time="2025-07-03T14:57:25.957034" level="INFO">${logout_exists} = 0</msg>
<var>${logout_exists}</var>
<arg>${HEADER_LOGOUT_BUTTON}</arg>
<tag>Assertion</tag>
<tag>Getter</tag>
<tag>PageContent</tag>
<doc>Returns the count of elements found with ``selector``.</doc>
<status status="PASS" start="2025-07-03T14:57:25.941065" elapsed="0.016033"/>
</kw>
<if>
<branch type="IF" condition="${logout_exists} &gt; 0">
<kw name="Click" owner="Browser">
<arg>${HEADER_LOGOUT_BUTTON}</arg>
<tag>PageContent</tag>
<tag>Setter</tag>
<doc>Simulates mouse click on the element found by ``selector``.</doc>
<status status="NOT RUN" start="2025-07-03T14:57:25.957490" elapsed="0.000046"/>
</kw>
<kw name="Sleep" owner="BuiltIn">
<arg>1s</arg>
<doc>Pauses the test executed for the given time.</doc>
<status status="NOT RUN" start="2025-07-03T14:57:25.957621" elapsed="0.000037"/>
</kw>
<status status="NOT RUN" start="2025-07-03T14:57:25.957235" elapsed="0.000459"/>
</branch>
<status status="PASS" start="2025-07-03T14:57:25.957210" elapsed="0.000517"/>
</if>
<status status="PASS" start="2025-07-03T14:57:24.887608" elapsed="1.070166"/>
</kw>
<kw name="Gerar Email Aleatorio" owner="common_keywords">
<kw name="Generate Random String" owner="String">
<msg time="2025-07-03T14:57:25.958357" level="INFO">${random} = UB9gy8KO</msg>
<var>${random}</var>
<arg>8</arg>
<arg>[LETTERS][NUMBERS]</arg>
<doc>Generates a string with a desired ``length`` from the given ``chars``.</doc>
<status status="PASS" start="2025-07-03T14:57:25.958137" elapsed="0.000244"/>
</kw>
<kw name="Set Variable" owner="BuiltIn">
<msg time="2025-07-03T14:57:25.958607" level="INFO">${email} = test_UB9gy8KO@example.com</msg>
<var>${email}</var>
<arg>test_${random}@example.com</arg>
<doc>Returns the given values which can then be assigned to a variables.</doc>
<status status="PASS" start="2025-07-03T14:57:25.958468" elapsed="0.000158"/>
</kw>
<return>
<value>${email}</value>
<status status="PASS" start="2025-07-03T14:57:25.958671" elapsed="0.000063"/>
</return>
<msg time="2025-07-03T14:57:25.958900" level="INFO">${random_email} = test_UB9gy8KO@example.com</msg>
<var>${random_email}</var>
<status status="PASS" start="2025-07-03T14:57:25.957922" elapsed="0.001002"/>
</kw>
<kw name="Registrar Novo Usuario" owner="auth_keywords">
<kw name="Ir Para Pagina De Registro" owner="auth_keywords">
<kw name="Go To" owner="Browser">
<msg time="2025-07-03T14:57:26.019853" level="INFO">Successfully opened URL https://challenge-pb-front.vercel.app</msg>
<arg>${BASE_WEB_URL}</arg>
<tag>BrowserControl</tag>
<tag>Setter</tag>
<doc>Navigates to the given ``url``.</doc>
<status status="PASS" start="2025-07-03T14:57:25.959472" elapsed="0.060588"/>
</kw>
<kw name="Click" owner="Browser">
<msg time="2025-07-03T14:57:26.020945" level="INFO">Clicks the element 'text=Cadastrar &gt;&gt; nth=0'.</msg>
<arg>text=Cadastrar &gt;&gt; nth=0</arg>
<tag>PageContent</tag>
<tag>Setter</tag>
<doc>Simulates mouse click on the element found by ``selector``.</doc>
<status status="PASS" start="2025-07-03T14:57:26.020281" elapsed="0.089866"/>
</kw>
<kw name="Wait For Elements State" owner="Browser">
<msg time="2025-07-03T14:57:26.119303" level="INFO">Waited for Element with selector id=name at state visible</msg>
<arg>${REGISTER_NAME_FIELD}</arg>
<arg>visible</arg>
<arg>timeout=10s</arg>
<tag>PageContent</tag>
<tag>Wait</tag>
<doc>Waits for the element found by ``selector`` to satisfy state option.</doc>
<status status="PASS" start="2025-07-03T14:57:26.110438" elapsed="0.009095"/>
</kw>
<status status="PASS" start="2025-07-03T14:57:25.959321" elapsed="0.160350"/>
</kw>
<kw name="Preencher Campo" owner="common_keywords">
<kw name="Wait For Elements State" owner="Browser">
<msg time="2025-07-03T14:57:26.126736" level="INFO">Waited for Element with selector id=name at state visible</msg>
<arg>${locator}</arg>
<arg>visible</arg>
<arg>timeout=10s</arg>
<tag>PageContent</tag>
<tag>Wait</tag>
<doc>Waits for the element found by ``selector`` to satisfy state option.</doc>
<status status="PASS" start="2025-07-03T14:57:26.120377" elapsed="0.006500"/>
</kw>
<kw name="Fill Text" owner="Browser">
<msg time="2025-07-03T14:57:26.127456" level="INFO">Fills the text 'Test User' in the given field.</msg>
<arg>${locator}</arg>
<arg>${texto}</arg>
<tag>PageContent</tag>
<tag>Setter</tag>
<doc>Clears and fills the given ``txt`` into the text field found by ``selector``.</doc>
<status status="PASS" start="2025-07-03T14:57:26.127038" elapsed="0.013843"/>
</kw>
<arg>${REGISTER_NAME_FIELD}</arg>
<arg>${nome}</arg>
<status status="PASS" start="2025-07-03T14:57:26.119908" elapsed="0.021236"/>
</kw>
<kw name="Preencher Campo" owner="common_keywords">
<kw name="Wait For Elements State" owner="Browser">
<msg time="2025-07-03T14:57:26.147898" level="INFO">Waited for Element with selector id=email at state visible</msg>
<arg>${locator}</arg>
<arg>visible</arg>
<arg>timeout=10s</arg>
<tag>PageContent</tag>
<tag>Wait</tag>
<doc>Waits for the element found by ``selector`` to satisfy state option.</doc>
<status status="PASS" start="2025-07-03T14:57:26.141945" elapsed="0.006188"/>
</kw>
<kw name="Fill Text" owner="Browser">
<msg time="2025-07-03T14:57:26.149140" level="INFO">Fills the text 'test_UB9gy8KO@example.com' in the given field.</msg>
<arg>${locator}</arg>
<arg>${texto}</arg>
<tag>PageContent</tag>
<tag>Setter</tag>
<doc>Clears and fills the given ``txt`` into the text field found by ``selector``.</doc>
<status status="PASS" start="2025-07-03T14:57:26.148371" elapsed="0.013920"/>
</kw>
<arg>${REGISTER_EMAIL_FIELD}</arg>
<arg>${email}</arg>
<status status="PASS" start="2025-07-03T14:57:26.141441" elapsed="0.021005"/>
</kw>
<kw name="Preencher Campo" owner="common_keywords">
<kw name="Wait For Elements State" owner="Browser">
<msg time="2025-07-03T14:57:26.173891" level="INFO">Waited for Element with selector id=password at state visible</msg>
<arg>${locator}</arg>
<arg>visible</arg>
<arg>timeout=10s</arg>
<tag>PageContent</tag>
<tag>Wait</tag>
<doc>Waits for the element found by ``selector`` to satisfy state option.</doc>
<status status="PASS" start="2025-07-03T14:57:26.163191" elapsed="0.010944"/>
</kw>
<kw name="Fill Text" owner="Browser">
<msg time="2025-07-03T14:57:26.174897" level="INFO">Fills the text 'password123' in the given field.</msg>
<arg>${locator}</arg>
<arg>${texto}</arg>
<tag>PageContent</tag>
<tag>Setter</tag>
<doc>Clears and fills the given ``txt`` into the text field found by ``selector``.</doc>
<status status="PASS" start="2025-07-03T14:57:26.174319" elapsed="0.012589"/>
</kw>
<arg>${REGISTER_PASSWORD_FIELD}</arg>
<arg>${senha}</arg>
<status status="PASS" start="2025-07-03T14:57:26.162673" elapsed="0.024413"/>
</kw>
<kw name="Preencher Campo" owner="common_keywords">
<kw name="Wait For Elements State" owner="Browser">
<msg time="2025-07-03T14:57:26.195966" level="INFO">Waited for Element with selector id=confirmPassword at state visible</msg>
<arg>${locator}</arg>
<arg>visible</arg>
<arg>timeout=10s</arg>
<tag>PageContent</tag>
<tag>Wait</tag>
<doc>Waits for the element found by ``selector`` to satisfy state option.</doc>
<status status="PASS" start="2025-07-03T14:57:26.188561" elapsed="0.007643"/>
</kw>
<kw name="Fill Text" owner="Browser">
<msg time="2025-07-03T14:57:26.197228" level="INFO">Fills the text 'password123' in the given field.</msg>
<arg>${locator}</arg>
<arg>${texto}</arg>
<tag>PageContent</tag>
<tag>Setter</tag>
<doc>Clears and fills the given ``txt`` into the text field found by ``selector``.</doc>
<status status="PASS" start="2025-07-03T14:57:26.196439" elapsed="0.014134"/>
</kw>
<arg>${REGISTER_CONFIRM_FIELD}</arg>
<arg>${confirmar_senha}</arg>
<status status="PASS" start="2025-07-03T14:57:26.187323" elapsed="0.023406"/>
</kw>
<kw name="Click" owner="Browser">
<msg time="2025-07-03T14:57:26.211834" level="INFO">Clicks the element 'button[type="submit"]'.</msg>
<arg>${REGISTER_SUBMIT_BUTTON}</arg>
<tag>PageContent</tag>
<tag>Setter</tag>
<doc>Simulates mouse click on the element found by ``selector``.</doc>
<status status="PASS" start="2025-07-03T14:57:26.210899" elapsed="0.054863"/>
</kw>
<arg>Test User</arg>
<arg>${random_email}</arg>
<arg>password123</arg>
<arg>password123</arg>
<status status="PASS" start="2025-07-03T14:57:25.959073" elapsed="0.306856"/>
</kw>
<kw name="Get Url" owner="Browser">
<msg time="2025-07-03T14:57:26.269153" level="INFO">${url} = https://challenge-pb-front.vercel.app/register</msg>
<var>${url}</var>
<tag>Assertion</tag>
<tag>Getter</tag>
<tag>PageContent</tag>
<doc>Returns the current URL.</doc>
<status status="PASS" start="2025-07-03T14:57:26.266153" elapsed="0.003061"/>
</kw>
<kw name="Should Contain" owner="BuiltIn">
<arg>${url}</arg>
<arg>challenge-pb-front.vercel.app</arg>
<doc>Fails if ``container`` does not contain ``item`` one or more times.</doc>
<status status="PASS" start="2025-07-03T14:57:26.269447" elapsed="0.000315"/>
</kw>
<kw name="Verificar Texto Na Pagina" owner="common_keywords">
<kw name="Wait For Elements State" owner="Browser">
<msg time="2025-07-03T14:57:27.066077" level="INFO">Waited for Element with selector text=Conta criada com sucesso! at state visible</msg>
<arg>text=${texto}</arg>
<arg>visible</arg>
<arg>timeout=10s</arg>
<tag>PageContent</tag>
<tag>Wait</tag>
<doc>Waits for the element found by ``selector`` to satisfy state option.</doc>
<status status="PASS" start="2025-07-03T14:57:26.270399" elapsed="0.795906"/>
</kw>
<arg>Conta criada com sucesso!</arg>
<status status="PASS" start="2025-07-03T14:57:26.270001" elapsed="0.796430"/>
</kw>
<kw name="Verificar Usuario Logado" owner="auth_keywords">
<kw name="Aguardar Elemento" owner="common_keywords">
<kw name="Wait For Elements State" owner="Browser">
<msg time="2025-07-03T14:57:27.074019" level="INFO">Waited for Element with selector text=Perfil at state visible</msg>
<arg>${locator}</arg>
<arg>visible</arg>
<arg>timeout=${timeout}</arg>
<tag>PageContent</tag>
<tag>Wait</tag>
<doc>Waits for the element found by ``selector`` to satisfy state option.</doc>
<status status="PASS" start="2025-07-03T14:57:27.067447" elapsed="0.006709"/>
</kw>
<arg>${HEADER_PROFILE_LINK}</arg>
<status status="PASS" start="2025-07-03T14:57:27.067017" elapsed="0.007224"/>
</kw>
<kw name="Aguardar Elemento" owner="common_keywords">
<kw name="Wait For Elements State" owner="Browser">
<msg time="2025-07-03T14:57:27.078447" level="INFO">Waited for Element with selector text=Sair at state visible</msg>
<arg>${locator}</arg>
<arg>visible</arg>
<arg>timeout=${timeout}</arg>
<tag>PageContent</tag>
<tag>Wait</tag>
<doc>Waits for the element found by ``selector`` to satisfy state option.</doc>
<status status="PASS" start="2025-07-03T14:57:27.074749" elapsed="0.003824"/>
</kw>
<arg>${HEADER_LOGOUT_BUTTON}</arg>
<status status="PASS" start="2025-07-03T14:57:27.074437" elapsed="0.004218"/>
</kw>
<kw name="Aguardar Elemento" owner="common_keywords">
<kw name="Wait For Elements State" owner="Browser">
<msg time="2025-07-03T14:57:27.083349" level="INFO">Waited for Element with selector text=Minhas Reservas at state visible</msg>
<arg>${locator}</arg>
<arg>visible</arg>
<arg>timeout=${timeout}</arg>
<tag>PageContent</tag>
<tag>Wait</tag>
<doc>Waits for the element found by ``selector`` to satisfy state option.</doc>
<status status="PASS" start="2025-07-03T14:57:27.079094" elapsed="0.004502"/>
</kw>
<arg>${HEADER_RESERVATIONS_LINK}</arg>
<status status="PASS" start="2025-07-03T14:57:27.078789" elapsed="0.004964"/>
</kw>
<status status="PASS" start="2025-07-03T14:57:27.066647" elapsed="0.017156"/>
</kw>
<tag>WEB-AUTH-04</tag>
<status status="PASS" start="2025-07-03T14:57:24.884484" elapsed="2.199485"/>
</test>
<test id="s1-s1-t5" name="WEB-AUTH-05 - Registro Com Senhas Diferentes" line="39">
<kw name="Ir Para Home E Fazer Logout Se Necessario" owner="auth_keywords" type="SETUP">
<kw name="Go To" owner="Browser">
<msg time="2025-07-03T14:57:27.148494" level="INFO">Successfully opened URL https://challenge-pb-front.vercel.app</msg>
<arg>${BASE_WEB_URL}</arg>
<tag>BrowserControl</tag>
<tag>Setter</tag>
<doc>Navigates to the given ``url``.</doc>
<status status="PASS" start="2025-07-03T14:57:27.096361" elapsed="0.052346"/>
</kw>
<kw name="Sleep" owner="BuiltIn">
<msg time="2025-07-03T14:57:28.149329" level="INFO">Slept 1 second.</msg>
<arg>1s</arg>
<doc>Pauses the test executed for the given time.</doc>
<status status="PASS" start="2025-07-03T14:57:27.148925" elapsed="1.000497"/>
</kw>
<kw name="Get Element Count" owner="Browser">
<msg time="2025-07-03T14:57:28.161741" level="INFO">${logout_exists} = 0</msg>
<var>${logout_exists}</var>
<arg>${HEADER_LOGOUT_BUTTON}</arg>
<tag>Assertion</tag>
<tag>Getter</tag>
<tag>PageContent</tag>
<doc>Returns the count of elements found with ``selector``.</doc>
<status status="PASS" start="2025-07-03T14:57:28.149562" elapsed="0.012221"/>
</kw>
<if>
<branch type="IF" condition="${logout_exists} &gt; 0">
<kw name="Click" owner="Browser">
<arg>${HEADER_LOGOUT_BUTTON}</arg>
<tag>PageContent</tag>
<tag>Setter</tag>
<doc>Simulates mouse click on the element found by ``selector``.</doc>
<status status="NOT RUN" start="2025-07-03T14:57:28.162155" elapsed="0.000046"/>
</kw>
<kw name="Sleep" owner="BuiltIn">
<arg>1s</arg>
<doc>Pauses the test executed for the given time.</doc>
<status status="NOT RUN" start="2025-07-03T14:57:28.162289" elapsed="0.000037"/>
</kw>
<status status="NOT RUN" start="2025-07-03T14:57:28.161897" elapsed="0.000459"/>
</branch>
<status status="PASS" start="2025-07-03T14:57:28.161873" elapsed="0.000515"/>
</if>
<status status="PASS" start="2025-07-03T14:57:27.096064" elapsed="1.066369"/>
</kw>
<kw name="Gerar Email Aleatorio" owner="common_keywords">
<kw name="Generate Random String" owner="String">
<msg time="2025-07-03T14:57:28.162987" level="INFO">${random} = S7EKkqV6</msg>
<var>${random}</var>
<arg>8</arg>
<arg>[LETTERS][NUMBERS]</arg>
<doc>Generates a string with a desired ``length`` from the given ``chars``.</doc>
<status status="PASS" start="2025-07-03T14:57:28.162768" elapsed="0.000245"/>
</kw>
<kw name="Set Variable" owner="BuiltIn">
<msg time="2025-07-03T14:57:28.163246" level="INFO">${email} = test_S7EKkqV6@example.com</msg>
<var>${email}</var>
<arg>test_${random}@example.com</arg>
<doc>Returns the given values which can then be assigned to a variables.</doc>
<status status="PASS" start="2025-07-03T14:57:28.163103" elapsed="0.000164"/>
</kw>
<return>
<value>${email}</value>
<status status="PASS" start="2025-07-03T14:57:28.163309" elapsed="0.000060"/>
</return>
<msg time="2025-07-03T14:57:28.163465" level="INFO">${random_email} = test_S7EKkqV6@example.com</msg>
<var>${random_email}</var>
<status status="PASS" start="2025-07-03T14:57:28.162570" elapsed="0.000914"/>
</kw>
<kw name="Registrar Novo Usuario" owner="auth_keywords">
<kw name="Ir Para Pagina De Registro" owner="auth_keywords">
<kw name="Go To" owner="Browser">
<msg time="2025-07-03T14:57:28.222718" level="INFO">Successfully opened URL https://challenge-pb-front.vercel.app</msg>
<arg>${BASE_WEB_URL}</arg>
<tag>BrowserControl</tag>
<tag>Setter</tag>
<doc>Navigates to the given ``url``.</doc>
<status status="PASS" start="2025-07-03T14:57:28.164090" elapsed="0.058775"/>
</kw>
<kw name="Click" owner="Browser">
<msg time="2025-07-03T14:57:28.223447" level="INFO">Clicks the element 'text=Cadastrar &gt;&gt; nth=0'.</msg>
<arg>text=Cadastrar &gt;&gt; nth=0</arg>
<tag>PageContent</tag>
<tag>Setter</tag>
<doc>Simulates mouse click on the element found by ``selector``.</doc>
<status status="PASS" start="2025-07-03T14:57:28.223047" elapsed="0.066869"/>
</kw>
<kw name="Wait For Elements State" owner="Browser">
<msg time="2025-07-03T14:57:28.294973" level="INFO">Waited for Element with selector id=name at state visible</msg>
<arg>${REGISTER_NAME_FIELD}</arg>
<arg>visible</arg>
<arg>timeout=10s</arg>
<tag>PageContent</tag>
<tag>Wait</tag>
<doc>Waits for the element found by ``selector`` to satisfy state option.</doc>
<status status="PASS" start="2025-07-03T14:57:28.290213" elapsed="0.004914"/>
</kw>
<status status="PASS" start="2025-07-03T14:57:28.163867" elapsed="0.131371"/>
</kw>
<kw name="Preencher Campo" owner="common_keywords">
<kw name="Wait For Elements State" owner="Browser">
<msg time="2025-07-03T14:57:28.300985" level="INFO">Waited for Element with selector id=name at state visible</msg>
<arg>${locator}</arg>
<arg>visible</arg>
<arg>timeout=10s</arg>
<tag>PageContent</tag>
<tag>Wait</tag>
<doc>Waits for the element found by ``selector`` to satisfy state option.</doc>
<status status="PASS" start="2025-07-03T14:57:28.296018" elapsed="0.005118"/>
</kw>
<kw name="Fill Text" owner="Browser">
<msg time="2025-07-03T14:57:28.301716" level="INFO">Fills the text 'Test User' in the given field.</msg>
<arg>${locator}</arg>
<arg>${texto}</arg>
<tag>PageContent</tag>
<tag>Setter</tag>
<doc>Clears and fills the given ``txt`` into the text field found by ``selector``.</doc>
<status status="PASS" start="2025-07-03T14:57:28.301298" elapsed="0.007387"/>
</kw>
<arg>${REGISTER_NAME_FIELD}</arg>
<arg>${nome}</arg>
<status status="PASS" start="2025-07-03T14:57:28.295454" elapsed="0.013338"/>
</kw>
<kw name="Preencher Campo" owner="common_keywords">
<kw name="Wait For Elements State" owner="Browser">
<msg time="2025-07-03T14:57:28.312891" level="INFO">Waited for Element with selector id=email at state visible</msg>
<arg>${locator}</arg>
<arg>visible</arg>
<arg>timeout=10s</arg>
<tag>PageContent</tag>
<tag>Wait</tag>
<doc>Waits for the element found by ``selector`` to satisfy state option.</doc>
<status status="PASS" start="2025-07-03T14:57:28.309255" elapsed="0.003859"/>
</kw>
<kw name="Fill Text" owner="Browser">
<msg time="2025-07-03T14:57:28.313912" level="INFO">Fills the text 'test_S7EKkqV6@example.com' in the given field.</msg>
<arg>${locator}</arg>
<arg>${texto}</arg>
<tag>PageContent</tag>
<tag>Setter</tag>
<doc>Clears and fills the given ``txt`` into the text field found by ``selector``.</doc>
<status status="PASS" start="2025-07-03T14:57:28.313324" elapsed="0.007565"/>
</kw>
<arg>${REGISTER_EMAIL_FIELD}</arg>
<arg>${email}</arg>
<status status="PASS" start="2025-07-03T14:57:28.308946" elapsed="0.012065"/>
</kw>
<kw name="Preencher Campo" owner="common_keywords">
<kw name="Wait For Elements State" owner="Browser">
<msg time="2025-07-03T14:57:28.325427" level="INFO">Waited for Element with selector id=password at state visible</msg>
<arg>${locator}</arg>
<arg>visible</arg>
<arg>timeout=10s</arg>
<tag>PageContent</tag>
<tag>Wait</tag>
<doc>Waits for the element found by ``selector`` to satisfy state option.</doc>
<status status="PASS" start="2025-07-03T14:57:28.321500" elapsed="0.004117"/>
</kw>
<kw name="Fill Text" owner="Browser">
<msg time="2025-07-03T14:57:28.326196" level="INFO">Fills the text 'password123' in the given field.</msg>
<arg>${locator}</arg>
<arg>${texto}</arg>
<tag>PageContent</tag>
<tag>Setter</tag>
<doc>Clears and fills the given ``txt`` into the text field found by ``selector``.</doc>
<status status="PASS" start="2025-07-03T14:57:28.325771" elapsed="0.006322"/>
</kw>
<arg>${REGISTER_PASSWORD_FIELD}</arg>
<arg>${senha}</arg>
<status status="PASS" start="2025-07-03T14:57:28.321170" elapsed="0.011037"/>
</kw>
<kw name="Preencher Campo" owner="common_keywords">
<kw name="Wait For Elements State" owner="Browser">
<msg time="2025-07-03T14:57:28.337232" level="INFO">Waited for Element with selector id=confirmPassword at state visible</msg>
<arg>${locator}</arg>
<arg>visible</arg>
<arg>timeout=10s</arg>
<tag>PageContent</tag>
<tag>Wait</tag>
<doc>Waits for the element found by ``selector`` to satisfy state option.</doc>
<status status="PASS" start="2025-07-03T14:57:28.332736" elapsed="0.004654"/>
</kw>
<kw name="Fill Text" owner="Browser">
<msg time="2025-07-03T14:57:28.337988" level="INFO">Fills the text 'password456' in the given field.</msg>
<arg>${locator}</arg>
<arg>${texto}</arg>
<tag>PageContent</tag>
<tag>Setter</tag>
<doc>Clears and fills the given ``txt`` into the text field found by ``selector``.</doc>
<status status="PASS" start="2025-07-03T14:57:28.337546" elapsed="0.006956"/>
</kw>
<arg>${REGISTER_CONFIRM_FIELD}</arg>
<arg>${confirmar_senha}</arg>
<status status="PASS" start="2025-07-03T14:57:28.332362" elapsed="0.012252"/>
</kw>
<kw name="Click" owner="Browser">
<msg time="2025-07-03T14:57:28.345162" level="INFO">Clicks the element 'button[type="submit"]'.</msg>
<arg>${REGISTER_SUBMIT_BUTTON}</arg>
<tag>PageContent</tag>
<tag>Setter</tag>
<doc>Simulates mouse click on the element found by ``selector``.</doc>
<status status="PASS" start="2025-07-03T14:57:28.344731" elapsed="0.047909"/>
</kw>
<arg>Test User</arg>
<arg>${random_email}</arg>
<arg>password123</arg>
<arg>password456</arg>
<status status="PASS" start="2025-07-03T14:57:28.163595" elapsed="0.229179"/>
</kw>
<kw name="Verificar Texto Na Pagina" owner="common_keywords">
<kw name="Wait For Elements State" owner="Browser">
<msg time="2025-07-03T14:57:28.401126" level="INFO">Waited for Element with selector text=As senhas não coincidem. at state visible</msg>
<arg>text=${texto}</arg>
<arg>visible</arg>
<arg>timeout=10s</arg>
<tag>PageContent</tag>
<tag>Wait</tag>
<doc>Waits for the element found by ``selector`` to satisfy state option.</doc>
<status status="PASS" start="2025-07-03T14:57:28.393482" elapsed="0.007812"/>
</kw>
<arg>As senhas não coincidem.</arg>
<status status="PASS" start="2025-07-03T14:57:28.393058" elapsed="0.008341"/>
</kw>
<kw name="Get Url" owner="Browser">
<msg time="2025-07-03T14:57:28.404115" level="INFO">${url} = https://challenge-pb-front.vercel.app/register</msg>
<var>${url}</var>
<tag>Assertion</tag>
<tag>Getter</tag>
<tag>PageContent</tag>
<doc>Returns the current URL.</doc>
<status status="PASS" start="2025-07-03T14:57:28.401525" elapsed="0.002671"/>
</kw>
<kw name="Should Contain" owner="BuiltIn">
<arg>${url}</arg>
<arg>/register</arg>
<doc>Fails if ``container`` does not contain ``item`` one or more times.</doc>
<status status="PASS" start="2025-07-03T14:57:28.404472" elapsed="0.000430"/>
</kw>
<tag>WEB-AUTH-05</tag>
<status status="PASS" start="2025-07-03T14:57:27.092262" elapsed="1.312808"/>
</test>
<test id="s1-s1-t6" name="WEB-AUTH-06 - Logout Do Sistema" line="47">
<kw name="Ir Para Home E Fazer Logout Se Necessario" owner="auth_keywords" type="SETUP">
<kw name="Go To" owner="Browser">
<msg time="2025-07-03T14:57:28.465061" level="INFO">Successfully opened URL https://challenge-pb-front.vercel.app</msg>
<arg>${BASE_WEB_URL}</arg>
<tag>BrowserControl</tag>
<tag>Setter</tag>
<doc>Navigates to the given ``url``.</doc>
<status status="PASS" start="2025-07-03T14:57:28.416543" elapsed="0.048717"/>
</kw>
<kw name="Sleep" owner="BuiltIn">
<msg time="2025-07-03T14:57:29.465843" level="INFO">Slept 1 second.</msg>
<arg>1s</arg>
<doc>Pauses the test executed for the given time.</doc>
<status status="PASS" start="2025-07-03T14:57:28.465471" elapsed="1.000488"/>
</kw>
<kw name="Get Element Count" owner="Browser">
<msg time="2025-07-03T14:57:29.479253" level="INFO">${logout_exists} = 0</msg>
<var>${logout_exists}</var>
<arg>${HEADER_LOGOUT_BUTTON}</arg>
<tag>Assertion</tag>
<tag>Getter</tag>
<tag>PageContent</tag>
<doc>Returns the count of elements found with ``selector``.</doc>
<status status="PASS" start="2025-07-03T14:57:29.466133" elapsed="0.013164"/>
</kw>
<if>
<branch type="IF" condition="${logout_exists} &gt; 0">
<kw name="Click" owner="Browser">
<arg>${HEADER_LOGOUT_BUTTON}</arg>
<tag>PageContent</tag>
<tag>Setter</tag>
<doc>Simulates mouse click on the element found by ``selector``.</doc>
<status status="NOT RUN" start="2025-07-03T14:57:29.479873" elapsed="0.000092"/>
</kw>
<kw name="Sleep" owner="BuiltIn">
<arg>1s</arg>
<doc>Pauses the test executed for the given time.</doc>
<status status="NOT RUN" start="2025-07-03T14:57:29.480113" elapsed="0.000056"/>
</kw>
<status status="NOT RUN" start="2025-07-03T14:57:29.479418" elapsed="0.000800"/>
</branch>
<status status="PASS" start="2025-07-03T14:57:29.479393" elapsed="0.000896"/>
</if>
<status status="PASS" start="2025-07-03T14:57:28.416112" elapsed="1.064243"/>
</kw>
<kw name="Fazer Login Como Usuario" owner="auth_keywords">
<kw name="Ir Para Pagina De Login" owner="auth_keywords">
<kw name="Go To" owner="Browser">
<msg time="2025-07-03T14:57:29.528343" level="INFO">Successfully opened URL https://challenge-pb-front.vercel.app</msg>
<arg>${BASE_WEB_URL}</arg>
<tag>BrowserControl</tag>
<tag>Setter</tag>
<doc>Navigates to the given ``url``.</doc>
<status status="PASS" start="2025-07-03T14:57:29.481216" elapsed="0.047378"/>
</kw>
<kw name="Click" owner="Browser">
<msg time="2025-07-03T14:57:29.529408" level="INFO">Clicks the element 'a[href="/login"] &gt;&gt; nth=0'.</msg>
<arg>a[href="/login"] &gt;&gt; nth=0</arg>
<tag>PageContent</tag>
<tag>Setter</tag>
<doc>Simulates mouse click on the element found by ``selector``.</doc>
<status status="PASS" start="2025-07-03T14:57:29.528812" elapsed="0.068573"/>
</kw>
<kw name="Wait For Elements State" owner="Browser">
<msg time="2025-07-03T14:57:29.605202" level="INFO">Waited for Element with selector id=email at state visible</msg>
<arg>${LOGIN_EMAIL_FIELD}</arg>
<arg>visible</arg>
<arg>timeout=10s</arg>
<tag>PageContent</tag>
<tag>Wait</tag>
<doc>Waits for the element found by ``selector`` to satisfy state option.</doc>
<status status="PASS" start="2025-07-03T14:57:29.597616" elapsed="0.007750"/>
</kw>
<status status="PASS" start="2025-07-03T14:57:29.480961" elapsed="0.124502"/>
</kw>
<kw name="Preencher Credenciais" owner="auth_keywords">
<kw name="Preencher Campo" owner="common_keywords">
<kw name="Wait For Elements State" owner="Browser">
<msg time="2025-07-03T14:57:29.611796" level="INFO">Waited for Element with selector id=email at state visible</msg>
<arg>${locator}</arg>
<arg>visible</arg>
<arg>timeout=10s</arg>
<tag>PageContent</tag>
<tag>Wait</tag>
<doc>Waits for the element found by ``selector`` to satisfy state option.</doc>
<status status="PASS" start="2025-07-03T14:57:29.606229" elapsed="0.005867"/>
</kw>
<kw name="Fill Text" owner="Browser">
<msg time="2025-07-03T14:57:29.613277" level="INFO">Fills the text 'user@example.com' in the given field.</msg>
<arg>${locator}</arg>
<arg>${texto}</arg>
<tag>PageContent</tag>
<tag>Setter</tag>
<doc>Clears and fills the given ``txt`` into the text field found by ``selector``.</doc>
<status status="PASS" start="2025-07-03T14:57:29.612478" elapsed="0.008329"/>
</kw>
<arg>${LOGIN_EMAIL_FIELD}</arg>
<arg>${email}</arg>
<status status="PASS" start="2025-07-03T14:57:29.605992" elapsed="0.014923"/>
</kw>
<kw name="Preencher Campo" owner="common_keywords">
<kw name="Wait For Elements State" owner="Browser">
<msg time="2025-07-03T14:57:29.625660" level="INFO">Waited for Element with selector id=password at state visible</msg>
<arg>${locator}</arg>
<arg>visible</arg>
<arg>timeout=10s</arg>
<tag>PageContent</tag>
<tag>Wait</tag>
<doc>Waits for the element found by ``selector`` to satisfy state option.</doc>
<status status="PASS" start="2025-07-03T14:57:29.621454" elapsed="0.004351"/>
</kw>
<kw name="Fill Text" owner="Browser">
<msg time="2025-07-03T14:57:29.626392" level="INFO">Fills the text 'password123' in the given field.</msg>
<arg>${locator}</arg>
<arg>${texto}</arg>
<tag>PageContent</tag>
<tag>Setter</tag>
<doc>Clears and fills the given ``txt`` into the text field found by ``selector``.</doc>
<status status="PASS" start="2025-07-03T14:57:29.625970" elapsed="0.009093"/>
</kw>
<arg>${LOGIN_PASSWORD_FIELD}</arg>
<arg>${password}</arg>
<status status="PASS" start="2025-07-03T14:57:29.621077" elapsed="0.014100"/>
</kw>
<arg>${email}</arg>
<arg>${senha}</arg>
<status status="PASS" start="2025-07-03T14:57:29.605611" elapsed="0.029617"/>
</kw>
<kw name="Clicar Em Entrar" owner="auth_keywords">
<kw name="Click" owner="Browser">
<msg time="2025-07-03T14:57:29.636070" level="INFO">Clicks the element 'button[type="submit"]'.</msg>
<arg>${LOGIN_SUBMIT_BUTTON}</arg>
<tag>PageContent</tag>
<tag>Setter</tag>
<doc>Simulates mouse click on the element found by ``selector``.</doc>
<status status="PASS" start="2025-07-03T14:57:29.635676" elapsed="0.039630"/>
</kw>
<status status="PASS" start="2025-07-03T14:57:29.635376" elapsed="0.040037"/>
</kw>
<kw name="Verificar Login Bem Sucedido" owner="auth_keywords">
<kw name="Wait For Elements State" owner="Browser">
<msg time="2025-07-03T14:57:30.461881" level="INFO">Waited for Element with selector text=Login realizado com sucesso! at state visible</msg>
<arg>text=Login realizado com sucesso!</arg>
<arg>visible</arg>
<arg>timeout=10s</arg>
<tag>PageContent</tag>
<tag>Wait</tag>
<doc>Waits for the element found by ``selector`` to satisfy state option.</doc>
<status status="PASS" start="2025-07-03T14:57:29.675831" elapsed="0.786242"/>
</kw>
<kw name="Wait For Elements State" owner="Browser">
<msg time="2025-07-03T14:57:30.467090" level="INFO">Waited for Element with selector text=Sair at state visible</msg>
<arg>${HEADER_LOGOUT_BUTTON}</arg>
<arg>visible</arg>
<arg>timeout=10s</arg>
<tag>PageContent</tag>
<tag>Wait</tag>
<doc>Waits for the element found by ``selector`` to satisfy state option.</doc>
<status status="PASS" start="2025-07-03T14:57:30.462236" elapsed="0.005072"/>
</kw>
<status status="PASS" start="2025-07-03T14:57:29.675557" elapsed="0.791875"/>
</kw>
<status status="PASS" start="2025-07-03T14:57:29.480534" elapsed="0.986942"/>
</kw>
<kw name="Fazer Logout" owner="auth_keywords">
<kw name="Click" owner="Browser">
<msg time="2025-07-03T14:57:30.468228" level="INFO">Clicks the element 'text=Sair'.</msg>
<arg>${HEADER_LOGOUT_BUTTON}</arg>
<tag>PageContent</tag>
<tag>Setter</tag>
<doc>Simulates mouse click on the element found by ``selector``.</doc>
<status status="PASS" start="2025-07-03T14:57:30.467869" elapsed="0.041018"/>
</kw>
<kw name="Wait For Elements State" owner="Browser">
<msg time="2025-07-03T14:57:30.526918" level="INFO">Waited for Element with selector a[href="/login"] &gt;&gt; nth=0 at state visible</msg>
<arg>${HEADER_LOGIN_LINK}</arg>
<arg>visible</arg>
<arg>timeout=10s</arg>
<tag>PageContent</tag>
<tag>Wait</tag>
<doc>Waits for the element found by ``selector`` to satisfy state option.</doc>
<status status="PASS" start="2025-07-03T14:57:30.509066" elapsed="0.018123"/>
</kw>
<status status="PASS" start="2025-07-03T14:57:30.467618" elapsed="0.059708"/>
</kw>
<kw name="Verificar Usuario Nao Logado" owner="auth_keywords">
<kw name="Aguardar Elemento" owner="common_keywords">
<kw name="Wait For Elements State" owner="Browser">
<msg time="2025-07-03T14:57:30.534564" level="INFO">Waited for Element with selector a[href="/login"] &gt;&gt; nth=0 at state visible</msg>
<arg>${locator}</arg>
<arg>visible</arg>
<arg>timeout=${timeout}</arg>
<tag>PageContent</tag>
<tag>Wait</tag>
<doc>Waits for the element found by ``selector`` to satisfy state option.</doc>
<status status="PASS" start="2025-07-03T14:57:30.528303" elapsed="0.006476"/>
</kw>
<arg>${HEADER_LOGIN_LINK}</arg>
<status status="PASS" start="2025-07-03T14:57:30.527967" elapsed="0.006941"/>
</kw>
<kw name="Aguardar Elemento" owner="common_keywords">
<kw name="Wait For Elements State" owner="Browser">
<msg time="2025-07-03T14:57:30.540800" level="INFO">Waited for Element with selector text=Cadastrar at state visible</msg>
<arg>${locator}</arg>
<arg>visible</arg>
<arg>timeout=${timeout}</arg>
<tag>PageContent</tag>
<tag>Wait</tag>
<doc>Waits for the element found by ``selector`` to satisfy state option.</doc>
<status status="PASS" start="2025-07-03T14:57:30.535430" elapsed="0.005622"/>
</kw>
<arg>${HEADER_REGISTER_LINK}</arg>
<status status="PASS" start="2025-07-03T14:57:30.535091" elapsed="0.006106"/>
</kw>
<status status="PASS" start="2025-07-03T14:57:30.527549" elapsed="0.013715"/>
</kw>
<tag>WEB-AUTH-06</tag>
<status status="PASS" start="2025-07-03T14:57:28.410405" elapsed="2.130991"/>
</test>
<kw name="Encerrar Navegador" owner="common_keywords" type="TEARDOWN">
<kw name="Close Browser" owner="Browser">
<msg time="2025-07-03T14:57:30.585074" level="INFO">Closed browser</msg>
<tag>BrowserControl</tag>
<tag>Setter</tag>
<doc>Closes the current browser.</doc>
<status status="PASS" start="2025-07-03T14:57:30.546872" elapsed="0.038450"/>
</kw>
<status status="PASS" start="2025-07-03T14:57:30.546624" elapsed="0.038826"/>
</kw>
<status status="PASS" start="2025-07-03T14:57:15.174504" elapsed="15.410994"/>
</suite>
<suite id="s1-s2" name="Booking Tests" source="/media/marcos/MEU HD/challenge_tecnico_do_pb/tests/web/booking_tests.robot">
<kw name="Iniciar Navegador" owner="common_keywords" type="SETUP">
<kw name="Get Variable Value" owner="BuiltIn">
<msg time="2025-07-03T14:57:30.605923" level="INFO">${headless} = true</msg>
<var>${headless}</var>
<arg>${HEADLESS}</arg>
<arg>false</arg>
<doc>Returns variable value or ``default`` if the variable does not exist.</doc>
<status status="PASS" start="2025-07-03T14:57:30.605647" elapsed="0.000324"/>
</kw>
<kw name="New Browser" owner="Browser">
<msg time="2025-07-03T14:57:30.606909" level="INFO">{"browser": "chromium", "headless": true, "chromiumSandbox": false, "devtools": false, "handleSIGHUP": true, "handleSIGINT": true, "handleSIGTERM": true, "slowMo": 0.0, "timeout": 30000.0, "tracesDir": "/media/marcos/MEU HD/challenge_tecnico_do_pb/results/web_clean/browser/traces/temp/a9c5977c-4089-4457-a800-398dc848f8c7"}</msg>
<msg time="2025-07-03T14:57:30.710628" level="INFO">Successfully created browser with options: {"browser":"chromium","headless":true,"chromiumSandbox":false,"devtools":false,"handleSIGHUP":true,"handleSIGINT":true,"handleSIGTERM":true,"slowMo":0,"timeout":30000,"tracesDir":"/media/marcos/MEU HD/challenge_tecnico_do_pb/results/web_clean/browser/traces/temp/a9c5977c-4089-4457-a800-398dc848f8c7"}</msg>
<arg>chromium</arg>
<arg>headless=${headless}</arg>
<tag>BrowserControl</tag>
<tag>Setter</tag>
<doc>Create a new playwright Browser with specified options.</doc>
<status status="PASS" start="2025-07-03T14:57:30.606131" elapsed="0.104750"/>
</kw>
<kw name="New Context" owner="Browser">
<msg time="2025-07-03T14:57:30.714914" level="INFO">{
  "acceptDownloads": true,
  "bypassCSP": false,
  "forcedColors": "none",
  "ignoreHTTPSErrors": false,
  "javaScriptEnabled": true,
  "offline": false,
  "reducedMotion": "no-preference",
  "serviceWorkers": "allow",
  "viewport": {
    "height": 1080,
    "width": 1920
  }
}</msg>
<msg time="2025-07-03T14:57:30.728959" level="INFO">Successfully created context. </msg>
<msg time="2025-07-03T14:57:30.729070" level="INFO">{'acceptDownloads': True, 'bypassCSP': False, 'forcedColors': 'none', 'ignoreHTTPSErrors': False, 'javaScriptEnabled': True, 'offline': False, 'reducedMotion': 'no-preference', 'serviceWorkers': 'allow', 'viewport': {'height': 1080, 'width': 1920}}</msg>
<arg>viewport={'width': 1920, 'height': 1080}</arg>
<tag>BrowserControl</tag>
<tag>Setter</tag>
<doc>Create a new BrowserContext with specified options.</doc>
<status status="PASS" start="2025-07-03T14:57:30.712353" elapsed="0.016816"/>
</kw>
<kw name="New Page" owner="Browser">
<msg time="2025-07-03T14:57:31.020858" level="INFO">Successfully initialized new page object and opened url: https://challenge-pb-front.vercel.app</msg>
<arg>${BASE_WEB_URL}</arg>
<tag>BrowserControl</tag>
<tag>Setter</tag>
<doc>Open a new Page.</doc>
<status status="PASS" start="2025-07-03T14:57:30.729466" elapsed="0.291569"/>
</kw>
<status status="PASS" start="2025-07-03T14:57:30.605248" elapsed="0.415874"/>
</kw>
<test id="s1-s2-t1" name="WEB-BOOK-01 - Visualizar Sessoes Disponiveis" line="10">
<kw name="Ir Para Home E Fazer Logout Se Necessario" owner="auth_keywords" type="SETUP">
<kw name="Go To" owner="Browser">
<msg time="2025-07-03T14:57:31.154606" level="INFO">Successfully opened URL https://challenge-pb-front.vercel.app</msg>
<arg>${BASE_WEB_URL}</arg>
<tag>BrowserControl</tag>
<tag>Setter</tag>
<doc>Navigates to the given ``url``.</doc>
<status status="PASS" start="2025-07-03T14:57:31.102132" elapsed="0.052634"/>
</kw>
<kw name="Sleep" owner="BuiltIn">
<msg time="2025-07-03T14:57:32.155205" level="INFO">Slept 1 second.</msg>
<arg>1s</arg>
<doc>Pauses the test executed for the given time.</doc>
<status status="PASS" start="2025-07-03T14:57:31.154918" elapsed="1.000393"/>
</kw>
<kw name="Get Element Count" owner="Browser">
<msg time="2025-07-03T14:57:32.197794" level="INFO">${logout_exists} = 0</msg>
<var>${logout_exists}</var>
<arg>${HEADER_LOGOUT_BUTTON}</arg>
<tag>Assertion</tag>
<tag>Getter</tag>
<tag>PageContent</tag>
<doc>Returns the count of elements found with ``selector``.</doc>
<status status="PASS" start="2025-07-03T14:57:32.155468" elapsed="0.042394"/>
</kw>
<if>
<branch type="IF" condition="${logout_exists} &gt; 0">
<kw name="Click" owner="Browser">
<arg>${HEADER_LOGOUT_BUTTON}</arg>
<tag>PageContent</tag>
<tag>Setter</tag>
<doc>Simulates mouse click on the element found by ``selector``.</doc>
<status status="NOT RUN" start="2025-07-03T14:57:32.198365" elapsed="0.000063"/>
</kw>
<kw name="Sleep" owner="BuiltIn">
<arg>1s</arg>
<doc>Pauses the test executed for the given time.</doc>
<status status="NOT RUN" start="2025-07-03T14:57:32.198577" elapsed="0.000077"/>
</kw>
<status status="NOT RUN" start="2025-07-03T14:57:32.198046" elapsed="0.000666"/>
</branch>
<status status="PASS" start="2025-07-03T14:57:32.198011" elapsed="0.000794"/>
</if>
<status status="PASS" start="2025-07-03T14:57:31.101652" elapsed="1.097249"/>
</kw>
<kw name="Fazer Login Como Usuario" owner="auth_keywords">
<kw name="Ir Para Pagina De Login" owner="auth_keywords">
<kw name="Go To" owner="Browser">
<msg time="2025-07-03T14:57:32.251808" level="INFO">Successfully opened URL https://challenge-pb-front.vercel.app</msg>
<arg>${BASE_WEB_URL}</arg>
<tag>BrowserControl</tag>
<tag>Setter</tag>
<doc>Navigates to the given ``url``.</doc>
<status status="PASS" start="2025-07-03T14:57:32.199742" elapsed="0.052323"/>
</kw>
<kw name="Click" owner="Browser">
<msg time="2025-07-03T14:57:32.252812" level="INFO">Clicks the element 'a[href="/login"] &gt;&gt; nth=0'.</msg>
<arg>a[href="/login"] &gt;&gt; nth=0</arg>
<tag>PageContent</tag>
<tag>Setter</tag>
<doc>Simulates mouse click on the element found by ``selector``.</doc>
<status status="PASS" start="2025-07-03T14:57:32.252260" elapsed="0.077960"/>
</kw>
<kw name="Wait For Elements State" owner="Browser">
<msg time="2025-07-03T14:57:32.340337" level="INFO">Waited for Element with selector id=email at state visible</msg>
<arg>${LOGIN_EMAIL_FIELD}</arg>
<arg>visible</arg>
<arg>timeout=10s</arg>
<tag>PageContent</tag>
<tag>Wait</tag>
<doc>Waits for the element found by ``selector`` to satisfy state option.</doc>
<status status="PASS" start="2025-07-03T14:57:32.330581" elapsed="0.009925"/>
</kw>
<status status="PASS" start="2025-07-03T14:57:32.199516" elapsed="0.141090"/>
</kw>
<kw name="Preencher Credenciais" owner="auth_keywords">
<kw name="Preencher Campo" owner="common_keywords">
<kw name="Wait For Elements State" owner="Browser">
<msg time="2025-07-03T14:57:32.346408" level="INFO">Waited for Element with selector id=email at state visible</msg>
<arg>${locator}</arg>
<arg>visible</arg>
<arg>timeout=10s</arg>
<tag>PageContent</tag>
<tag>Wait</tag>
<doc>Waits for the element found by ``selector`` to satisfy state option.</doc>
<status status="PASS" start="2025-07-03T14:57:32.341383" elapsed="0.005171"/>
</kw>
<kw name="Fill Text" owner="Browser">
<msg time="2025-07-03T14:57:32.347170" level="INFO">Fills the text 'user@example.com' in the given field.</msg>
<arg>${locator}</arg>
<arg>${texto}</arg>
<tag>PageContent</tag>
<tag>Setter</tag>
<doc>Clears and fills the given ``txt`` into the text field found by ``selector``.</doc>
<status status="PASS" start="2025-07-03T14:57:32.346710" elapsed="0.011427"/>
</kw>
<arg>${LOGIN_EMAIL_FIELD}</arg>
<arg>${email}</arg>
<status status="PASS" start="2025-07-03T14:57:32.341128" elapsed="0.017165"/>
</kw>
<kw name="Preencher Campo" owner="common_keywords">
<kw name="Wait For Elements State" owner="Browser">
<msg time="2025-07-03T14:57:32.363642" level="INFO">Waited for Element with selector id=password at state visible</msg>
<arg>${locator}</arg>
<arg>visible</arg>
<arg>timeout=10s</arg>
<tag>PageContent</tag>
<tag>Wait</tag>
<doc>Waits for the element found by ``selector`` to satisfy state option.</doc>
<status status="PASS" start="2025-07-03T14:57:32.358876" elapsed="0.004972"/>
</kw>
<kw name="Fill Text" owner="Browser">
<msg time="2025-07-03T14:57:32.364743" level="INFO">Fills the text 'password123' in the given field.</msg>
<arg>${locator}</arg>
<arg>${texto}</arg>
<tag>PageContent</tag>
<tag>Setter</tag>
<doc>Clears and fills the given ``txt`` into the text field found by ``selector``.</doc>
<status status="PASS" start="2025-07-03T14:57:32.364077" elapsed="0.011047"/>
</kw>
<arg>${LOGIN_PASSWORD_FIELD}</arg>
<arg>${password}</arg>
<status status="PASS" start="2025-07-03T14:57:32.358518" elapsed="0.016717"/>
</kw>
<arg>${email}</arg>
<arg>${senha}</arg>
<status status="PASS" start="2025-07-03T14:57:32.340764" elapsed="0.034519"/>
</kw>
<kw name="Clicar Em Entrar" owner="auth_keywords">
<kw name="Click" owner="Browser">
<msg time="2025-07-03T14:57:32.376047" level="INFO">Clicks the element 'button[type="submit"]'.</msg>
<arg>${LOGIN_SUBMIT_BUTTON}</arg>
<tag>PageContent</tag>
<tag>Setter</tag>
<doc>Simulates mouse click on the element found by ``selector``.</doc>
<status status="PASS" start="2025-07-03T14:57:32.375683" elapsed="0.037111"/>
</kw>
<status status="PASS" start="2025-07-03T14:57:32.375425" elapsed="0.037487"/>
</kw>
<kw name="Verificar Login Bem Sucedido" owner="auth_keywords">
<kw name="Wait For Elements State" owner="Browser">
<msg time="2025-07-03T14:57:33.205420" level="INFO">Waited for Element with selector text=Login realizado com sucesso! at state visible</msg>
<arg>text=Login realizado com sucesso!</arg>
<arg>visible</arg>
<arg>timeout=10s</arg>
<tag>PageContent</tag>
<tag>Wait</tag>
<doc>Waits for the element found by ``selector`` to satisfy state option.</doc>
<status status="PASS" start="2025-07-03T14:57:32.413402" elapsed="0.792169"/>
</kw>
<kw name="Wait For Elements State" owner="Browser">
<msg time="2025-07-03T14:57:33.209784" level="INFO">Waited for Element with selector text=Sair at state visible</msg>
<arg>${HEADER_LOGOUT_BUTTON}</arg>
<arg>visible</arg>
<arg>timeout=10s</arg>
<tag>PageContent</tag>
<tag>Wait</tag>
<doc>Waits for the element found by ``selector`` to satisfy state option.</doc>
<status status="PASS" start="2025-07-03T14:57:33.205743" elapsed="0.004178"/>
</kw>
<status status="PASS" start="2025-07-03T14:57:32.413095" elapsed="0.796924"/>
</kw>
<status status="PASS" start="2025-07-03T14:57:32.199084" elapsed="1.010977"/>
</kw>
<kw name="Ir Para Filme Com Sessoes" owner="booking_keywords">
<kw name="Go To" owner="Browser">
<msg time="2025-07-03T14:57:33.263767" level="INFO">Successfully opened URL https://challenge-pb-front.vercel.app</msg>
<arg>${BASE_WEB_URL}</arg>
<tag>BrowserControl</tag>
<tag>Setter</tag>
<doc>Navigates to the given ``url``.</doc>
<status status="PASS" start="2025-07-03T14:57:33.210444" elapsed="0.053487"/>
</kw>
<kw name="Click" owner="Browser">
<msg time="2025-07-03T14:57:33.264544" level="INFO">Clicks the element 'text=Ver Detalhes &gt;&gt; nth=4'.</msg>
<arg>text=Ver Detalhes &gt;&gt; nth=4</arg>
<tag>PageContent</tag>
<tag>Setter</tag>
<doc>Simulates mouse click on the element found by ``selector``.</doc>
<status status="PASS" start="2025-07-03T14:57:33.264147" elapsed="0.862117"/>
</kw>
<kw name="Wait For Elements State" owner="Browser">
<msg time="2025-07-03T14:57:44.320530" level="INFO" html="true">&lt;/td&gt;&lt;/tr&gt;&lt;tr&gt;&lt;td colspan="3"&gt;&lt;a href="browser/screenshot/fail-screenshot-1.png" target="_blank"&gt;&lt;img src="browser/screenshot/fail-screenshot-1.png" width="800px"/&gt;&lt;/a&gt;</msg>
<msg time="2025-07-03T14:57:44.320986" level="INFO">See also file:///media/marcos/MEU%20HD/challenge_tecnico_do_pb/results/web_clean/playwright-log.txt for additional details.</msg>
<msg time="2025-07-03T14:57:44.321425" level="FAIL">TimeoutError: locator.waitFor: Timeout 10000ms exceeded.
Call log:
  - waiting for locator('text=Selecionar Assentos').first() to be visible
</msg>
<arg>text=Selecionar Assentos &gt;&gt; nth=0</arg>
<arg>visible</arg>
<arg>timeout=10s</arg>
<tag>PageContent</tag>
<tag>Wait</tag>
<doc>Waits for the element found by ``selector`` to satisfy state option.</doc>
<status status="FAIL" start="2025-07-03T14:57:34.126507" elapsed="10.197835">TimeoutError: locator.waitFor: Timeout 10000ms exceeded.
Call log:
  - waiting for locator('text=Selecionar Assentos').first() to be visible
</status>
</kw>
<status status="FAIL" start="2025-07-03T14:57:33.210200" elapsed="11.114314">TimeoutError: locator.waitFor: Timeout 10000ms exceeded.
Call log:
  - waiting for locator('text=Selecionar Assentos').first() to be visible
</status>
</kw>
<kw name="Get Text" owner="Browser">
<var>${page_text}</var>
<arg>body</arg>
<tag>Assertion</tag>
<tag>Getter</tag>
<tag>PageContent</tag>
<doc>Returns text attribute of the element found by ``selector``.</doc>
<status status="NOT RUN" start="2025-07-03T14:57:44.324640" elapsed="0.000075"/>
</kw>
<kw name="Should Contain" owner="BuiltIn">
<arg>${page_text}</arg>
<arg>25/06/2025</arg>
<doc>Fails if ``container`` does not contain ``item`` one or more times.</doc>
<status status="NOT RUN" start="2025-07-03T14:57:44.324807" elapsed="0.000043"/>
</kw>
<kw name="Should Contain" owner="BuiltIn">
<arg>${page_text}</arg>
<arg>Inteira: R$ 15.00</arg>
<doc>Fails if ``container`` does not contain ``item`` one or more times.</doc>
<status status="NOT RUN" start="2025-07-03T14:57:44.324923" elapsed="0.000045"/>
</kw>
<kw name="Get Element Count" owner="Browser">
<var>${sessions}</var>
<arg>text=Selecionar Assentos</arg>
<tag>Assertion</tag>
<tag>Getter</tag>
<tag>PageContent</tag>
<doc>Returns the count of elements found with ``selector``.</doc>
<status status="NOT RUN" start="2025-07-03T14:57:44.325045" elapsed="0.000036"/>
</kw>
<kw name="Should Be True" owner="BuiltIn">
<arg>${sessions} &gt;= 5</arg>
<doc>Fails if the given condition is not true.</doc>
<status status="NOT RUN" start="2025-07-03T14:57:44.325157" elapsed="0.000034"/>
</kw>
<tag>WEB-BOOK-01</tag>
<status status="FAIL" start="2025-07-03T14:57:31.021185" elapsed="13.304127">TimeoutError: locator.waitFor: Timeout 10000ms exceeded.
Call log:
  - waiting for locator('text=Selecionar Assentos').first() to be visible
</status>
</test>
<test id="s1-s2-t2" name="WEB-BOOK-02 - Tentar Acessar Selecao Assentos" line="20">
<kw name="Ir Para Home E Fazer Logout Se Necessario" owner="auth_keywords" type="SETUP">
<kw name="Go To" owner="Browser">
<msg time="2025-07-03T14:57:44.386409" level="INFO">Successfully opened URL https://challenge-pb-front.vercel.app</msg>
<arg>${BASE_WEB_URL}</arg>
<tag>BrowserControl</tag>
<tag>Setter</tag>
<doc>Navigates to the given ``url``.</doc>
<status status="PASS" start="2025-07-03T14:57:44.334907" elapsed="0.051742"/>
</kw>
<kw name="Sleep" owner="BuiltIn">
<msg time="2025-07-03T14:57:45.387568" level="INFO">Slept 1 second.</msg>
<arg>1s</arg>
<doc>Pauses the test executed for the given time.</doc>
<status status="PASS" start="2025-07-03T14:57:44.387014" elapsed="1.000748"/>
</kw>
<kw name="Get Element Count" owner="Browser">
<msg time="2025-07-03T14:57:45.420917" level="INFO">${logout_exists} = 1</msg>
<var>${logout_exists}</var>
<arg>${HEADER_LOGOUT_BUTTON}</arg>
<tag>Assertion</tag>
<tag>Getter</tag>
<tag>PageContent</tag>
<doc>Returns the count of elements found with ``selector``.</doc>
<status status="PASS" start="2025-07-03T14:57:45.388078" elapsed="0.032941"/>
</kw>
<if>
<branch type="IF" condition="${logout_exists} &gt; 0">
<kw name="Click" owner="Browser">
<msg time="2025-07-03T14:57:45.422401" level="INFO">Clicks the element 'text=Sair'.</msg>
<arg>${HEADER_LOGOUT_BUTTON}</arg>
<tag>PageContent</tag>
<tag>Setter</tag>
<doc>Simulates mouse click on the element found by ``selector``.</doc>
<status status="PASS" start="2025-07-03T14:57:45.421755" elapsed="0.040397"/>
</kw>
<kw name="Sleep" owner="BuiltIn">
<msg time="2025-07-03T14:57:46.462771" level="INFO">Slept 1 second.</msg>
<arg>1s</arg>
<doc>Pauses the test executed for the given time.</doc>
<status status="PASS" start="2025-07-03T14:57:45.462366" elapsed="1.000681"/>
</kw>
<status status="PASS" start="2025-07-03T14:57:45.421272" elapsed="1.041890"/>
</branch>
<status status="PASS" start="2025-07-03T14:57:45.421220" elapsed="1.042004"/>
</if>
<status status="PASS" start="2025-07-03T14:57:44.334465" elapsed="2.128834"/>
</kw>
<kw name="Fazer Login Como Usuario" owner="auth_keywords">
<kw name="Ir Para Pagina De Login" owner="auth_keywords">
<kw name="Go To" owner="Browser">
<msg time="2025-07-03T14:57:46.518608" level="INFO">Successfully opened URL https://challenge-pb-front.vercel.app</msg>
<arg>${BASE_WEB_URL}</arg>
<tag>BrowserControl</tag>
<tag>Setter</tag>
<doc>Navigates to the given ``url``.</doc>
<status status="PASS" start="2025-07-03T14:57:46.464050" elapsed="0.054754"/>
</kw>
[...]
</kw>
<arg>${LOGIN_EMAIL_FIELD}</arg>
<arg>${email}</arg>
<status status="PASS" start="2025-07-03T14:58:58.733021" elapsed="0.018299"/>
</kw>
<kw name="Preencher Campo" owner="common_keywords">
<kw name="Wait For Elements State" owner="Browser">
<msg time="2025-07-03T14:58:58.757044" level="INFO">Waited for Element with selector id=password at state visible</msg>
<arg>${locator}</arg>
<arg>visible</arg>
<arg>timeout=10s</arg>
<tag>PageContent</tag>
<tag>Wait</tag>
<doc>Waits for the element found by ``selector`` to satisfy state option.</doc>
<status status="PASS" start="2025-07-03T14:58:58.751926" elapsed="0.005279"/>
</kw>
<kw name="Fill Text" owner="Browser">
<msg time="2025-07-03T14:58:58.757911" level="INFO">Fills the text 'password123' in the given field.</msg>
<arg>${locator}</arg>
<arg>${texto}</arg>
<tag>PageContent</tag>
<tag>Setter</tag>
<doc>Clears and fills the given ``txt`` into the text field found by ``selector``.</doc>
<status status="PASS" start="2025-07-03T14:58:58.757369" elapsed="0.006846"/>
</kw>
<arg>${LOGIN_PASSWORD_FIELD}</arg>
<arg>${password}</arg>
<status status="PASS" start="2025-07-03T14:58:58.751559" elapsed="0.012839"/>
</kw>
<arg>${email}</arg>
<arg>${senha}</arg>
<status status="PASS" start="2025-07-03T14:58:58.732500" elapsed="0.031994"/>
</kw>
<kw name="Clicar Em Entrar" owner="auth_keywords">
<kw name="Click" owner="Browser">
<msg time="2025-07-03T14:58:58.765960" level="INFO">Clicks the element 'button[type="submit"]'.</msg>
<arg>${LOGIN_SUBMIT_BUTTON}</arg>
<tag>PageContent</tag>
<tag>Setter</tag>
<doc>Simulates mouse click on the element found by ``selector``.</doc>
<status status="PASS" start="2025-07-03T14:58:58.765270" elapsed="0.069804"/>
</kw>
<status status="PASS" start="2025-07-03T14:58:58.764738" elapsed="0.070446"/>
</kw>
<kw name="Verificar Login Bem Sucedido" owner="auth_keywords">
<kw name="Wait For Elements State" owner="Browser">
<msg time="2025-07-03T14:58:59.623965" level="INFO">Waited for Element with selector text=Login realizado com sucesso! at state visible</msg>
<arg>text=Login realizado com sucesso!</arg>
<arg>visible</arg>
<arg>timeout=10s</arg>
<tag>PageContent</tag>
<tag>Wait</tag>
<doc>Waits for the element found by ``selector`` to satisfy state option.</doc>
<status status="PASS" start="2025-07-03T14:58:58.835608" elapsed="0.788500"/>
</kw>
<kw name="Wait For Elements State" owner="Browser">
<msg time="2025-07-03T14:58:59.627829" level="INFO">Waited for Element with selector text=Sair at state visible</msg>
<arg>${HEADER_LOGOUT_BUTTON}</arg>
<arg>visible</arg>
<arg>timeout=10s</arg>
<tag>PageContent</tag>
<tag>Wait</tag>
<doc>Waits for the element found by ``selector`` to satisfy state option.</doc>
<status status="PASS" start="2025-07-03T14:58:59.624248" elapsed="0.003788"/>
</kw>
<status status="PASS" start="2025-07-03T14:58:58.835333" elapsed="0.792825"/>
</kw>
<status status="PASS" start="2025-07-03T14:58:58.607100" elapsed="1.021115"/>
</kw>
<kw name="Ir Para Pagina De Perfil" owner="profile_keywords">
<kw name="Click" owner="Browser">
<msg time="2025-07-03T14:58:59.629504" level="INFO">Clicks the element 'text=Perfil'.</msg>
<arg>text=Perfil</arg>
<tag>PageContent</tag>
<tag>Setter</tag>
<doc>Simulates mouse click on the element found by ``selector``.</doc>
<status status="PASS" start="2025-07-03T14:58:59.629034" elapsed="0.048450"/>
</kw>
<kw name="Wait For Elements State" owner="Browser">
<msg time="2025-07-03T14:58:59.684650" level="INFO">Waited for Element with selector id=name at state visible</msg>
<arg>${PROFILE_NAME_FIELD}</arg>
<arg>visible</arg>
<arg>timeout=10s</arg>
<tag>PageContent</tag>
<tag>Wait</tag>
<doc>Waits for the element found by ``selector`` to satisfy state option.</doc>
<status status="PASS" start="2025-07-03T14:58:59.677682" elapsed="0.007208"/>
</kw>
<status status="PASS" start="2025-07-03T14:58:59.628477" elapsed="0.056565"/>
</kw>
<kw name="Get Text" owner="Browser">
<msg time="2025-07-03T14:58:59.708649" level="INFO">Text: 'Cinema App\nFilmes em Cartaz\nInício\nMinhas Reservas\nPerfil\nSair\nLogin realizado com sucesso!\n🔧\nMeu Perfil\nMinhas Reservas\nMeu Perfil\n\nGerencie suas informações pessoais e credenciais de acesso\n\nInformações Pessoais\nNome Completo\nE-mail\nO e-mail não pode ser alterado\nAlterar Senha\nSenha Atual\nNova Senha\nConfirme a Nova Senha\nA função de alterar senha estará disponível em breve. Por enquanto, apenas a atualização do nome é suportada.\nSalvar Alterações\nMinhas Reservas\n\nCarregando suas reservas...\n\nCinema App\n\nSeu aplicativo completo para reserva de ingressos de cinema.\n\nLinks Úteis\nFilmes em Cartaz\nLogin\nCadastre-se\nContato\n\ncontato@cinemaapp.com\n\nTel: (11) 5555-5555\n\nSiga-nos\n\n© 2025 Cinema App. Todos os direitos reservados.'</msg>
<msg time="2025-07-03T14:58:59.708792" level="INFO">${page_text} = Cinema App
Filmes em Cartaz
Início
Minhas Reservas
Perfil
Sair
Login realizado com sucesso!
🔧
Meu Perfil
Minhas Reservas
Meu Perfil

Gerencie suas informações pessoais e credenciais de acesso

Informa...</msg>
<var>${page_text}</var>
<arg>body</arg>
<tag>Assertion</tag>
<tag>Getter</tag>
<tag>PageContent</tag>
<doc>Returns text attribute of the element found by ``selector``.</doc>
<status status="PASS" start="2025-07-03T14:58:59.685221" elapsed="0.023597"/>
</kw>
<kw name="Should Contain" owner="BuiltIn">
<arg>${page_text}</arg>
<arg>Nome Completo</arg>
<doc>Fails if ``container`` does not contain ``item`` one or more times.</doc>
<status status="PASS" start="2025-07-03T14:58:59.709001" elapsed="0.000241"/>
</kw>
<kw name="Should Contain" owner="BuiltIn">
<arg>${page_text}</arg>
<arg>E-mail</arg>
<doc>Fails if ``container`` does not contain ``item`` one or more times.</doc>
<status status="PASS" start="2025-07-03T14:58:59.709337" elapsed="0.000127"/>
</kw>
<kw name="Should Contain" owner="BuiltIn">
<arg>${page_text}</arg>
<arg>Alterar Senha</arg>
<doc>Fails if ``container`` does not contain ``item`` one or more times.</doc>
<status status="PASS" start="2025-07-03T14:58:59.709540" elapsed="0.000110"/>
</kw>
<tag>WEB-PROF-03</tag>
<status status="PASS" start="2025-07-03T14:58:56.497235" elapsed="3.212493"/>
</test>
<test id="s1-s4-t4" name="WEB-PROF-04 - Informacoes Da Reserva" line="31">
<kw name="Ir Para Home E Fazer Logout Se Necessario" owner="auth_keywords" type="SETUP">
<kw name="Go To" owner="Browser">
<msg time="2025-07-03T14:58:59.776010" level="INFO">Successfully opened URL https://challenge-pb-front.vercel.app</msg>
<arg>${BASE_WEB_URL}</arg>
<tag>BrowserControl</tag>
<tag>Setter</tag>
<doc>Navigates to the given ``url``.</doc>
<status status="PASS" start="2025-07-03T14:58:59.720017" elapsed="0.056208"/>
</kw>
<kw name="Sleep" owner="BuiltIn">
<msg time="2025-07-03T14:59:00.776928" level="INFO">Slept 1 second.</msg>
<arg>1s</arg>
<doc>Pauses the test executed for the given time.</doc>
<status status="PASS" start="2025-07-03T14:58:59.776522" elapsed="1.000521"/>
</kw>
<kw name="Get Element Count" owner="Browser">
<msg time="2025-07-03T14:59:00.789647" level="INFO">${logout_exists} = 1</msg>
<var>${logout_exists}</var>
<arg>${HEADER_LOGOUT_BUTTON}</arg>
<tag>Assertion</tag>
<tag>Getter</tag>
<tag>PageContent</tag>
<doc>Returns the count of elements found with ``selector``.</doc>
<status status="PASS" start="2025-07-03T14:59:00.777197" elapsed="0.012509"/>
</kw>
<if>
<branch type="IF" condition="${logout_exists} &gt; 0">
<kw name="Click" owner="Browser">
<msg time="2025-07-03T14:59:00.790511" level="INFO">Clicks the element 'text=Sair'.</msg>
<arg>${HEADER_LOGOUT_BUTTON}</arg>
<tag>PageContent</tag>
<tag>Setter</tag>
<doc>Simulates mouse click on the element found by ``selector``.</doc>
<status status="PASS" start="2025-07-03T14:59:00.790140" elapsed="0.047200"/>
</kw>
<kw name="Sleep" owner="BuiltIn">
<msg time="2025-07-03T14:59:01.837838" level="INFO">Slept 1 second.</msg>
<arg>1s</arg>
<doc>Pauses the test executed for the given time.</doc>
<status status="PASS" start="2025-07-03T14:59:00.837504" elapsed="1.000450"/>
</kw>
<status status="PASS" start="2025-07-03T14:59:00.789843" elapsed="1.048210"/>
</branch>
<status status="PASS" start="2025-07-03T14:59:00.789817" elapsed="1.048304"/>
</if>
<status status="PASS" start="2025-07-03T14:58:59.719546" elapsed="2.118660"/>
</kw>
<kw name="Fazer Login Como Usuario" owner="auth_keywords">
<kw name="Ir Para Pagina De Login" owner="auth_keywords">
<kw name="Go To" owner="Browser">
<msg time="2025-07-03T14:59:01.900879" level="INFO">Successfully opened URL https://challenge-pb-front.vercel.app</msg>
<arg>${BASE_WEB_URL}</arg>
<tag>BrowserControl</tag>
<tag>Setter</tag>
<doc>Navigates to the given ``url``.</doc>
<status status="PASS" start="2025-07-03T14:59:01.839237" elapsed="0.061882"/>
</kw>
<kw name="Click" owner="Browser">
<msg time="2025-07-03T14:59:01.901784" level="INFO">Clicks the element 'a[href="/login"] &gt;&gt; nth=0'.</msg>
<arg>a[href="/login"] &gt;&gt; nth=0</arg>
<tag>PageContent</tag>
<tag>Setter</tag>
<doc>Simulates mouse click on the element found by ``selector``.</doc>
<status status="PASS" start="2025-07-03T14:59:01.901320" elapsed="0.057606"/>
</kw>
<kw name="Wait For Elements State" owner="Browser">
<msg time="2025-07-03T14:59:01.965318" level="INFO">Waited for Element with selector id=email at state visible</msg>
<arg>${LOGIN_EMAIL_FIELD}</arg>
<arg>visible</arg>
<arg>timeout=10s</arg>
<tag>PageContent</tag>
<tag>Wait</tag>
<doc>Waits for the element found by ``selector`` to satisfy state option.</doc>
<status status="PASS" start="2025-07-03T14:59:01.959153" elapsed="0.006388"/>
</kw>
<status status="PASS" start="2025-07-03T14:59:01.838899" elapsed="0.126768"/>
</kw>
<kw name="Preencher Credenciais" owner="auth_keywords">
<kw name="Preencher Campo" owner="common_keywords">
<kw name="Wait For Elements State" owner="Browser">
<msg time="2025-07-03T14:59:01.972143" level="INFO">Waited for Element with selector id=email at state visible</msg>
<arg>${locator}</arg>
<arg>visible</arg>
<arg>timeout=10s</arg>
<tag>PageContent</tag>
<tag>Wait</tag>
<doc>Waits for the element found by ``selector`` to satisfy state option.</doc>
<status status="PASS" start="2025-07-03T14:59:01.967018" elapsed="0.005438"/>
</kw>
<kw name="Fill Text" owner="Browser">
<msg time="2025-07-03T14:59:01.973325" level="INFO">Fills the text 'user@example.com' in the given field.</msg>
<arg>${locator}</arg>
<arg>${texto}</arg>
<tag>PageContent</tag>
<tag>Setter</tag>
<doc>Clears and fills the given ``txt`` into the text field found by ``selector``.</doc>
<status status="PASS" start="2025-07-03T14:59:01.972713" elapsed="0.011411"/>
</kw>
<arg>${LOGIN_EMAIL_FIELD}</arg>
<arg>${email}</arg>
<status status="PASS" start="2025-07-03T14:59:01.966566" elapsed="0.017714"/>
</kw>
<kw name="Preencher Campo" owner="common_keywords">
<kw name="Wait For Elements State" owner="Browser">
<msg time="2025-07-03T14:59:01.990083" level="INFO">Waited for Element with selector id=password at state visible</msg>
<arg>${locator}</arg>
<arg>visible</arg>
<arg>timeout=10s</arg>
<tag>PageContent</tag>
<tag>Wait</tag>
<doc>Waits for the element found by ``selector`` to satisfy state option.</doc>
<status status="PASS" start="2025-07-03T14:59:01.985043" elapsed="0.005254"/>
</kw>
<kw name="Fill Text" owner="Browser">
<msg time="2025-07-03T14:59:01.991230" level="INFO">Fills the text 'password123' in the given field.</msg>
<arg>${locator}</arg>
<arg>${texto}</arg>
<tag>PageContent</tag>
<tag>Setter</tag>
<doc>Clears and fills the given ``txt`` into the text field found by ``selector``.</doc>
<status status="PASS" start="2025-07-03T14:59:01.990523" elapsed="0.011286"/>
</kw>
<arg>${LOGIN_PASSWORD_FIELD}</arg>
<arg>${password}</arg>
<status status="PASS" start="2025-07-03T14:59:01.984510" elapsed="0.017412"/>
</kw>
<arg>${email}</arg>
<arg>${senha}</arg>
<status status="PASS" start="2025-07-03T14:59:01.965979" elapsed="0.036003"/>
</kw>
<kw name="Clicar Em Entrar" owner="auth_keywords">
<kw name="Click" owner="Browser">
<msg time="2025-07-03T14:59:02.002826" level="INFO">Clicks the element 'button[type="submit"]'.</msg>
<arg>${LOGIN_SUBMIT_BUTTON}</arg>
<tag>PageContent</tag>
<tag>Setter</tag>
<doc>Simulates mouse click on the element found by ``selector``.</doc>
<status status="PASS" start="2025-07-03T14:59:02.002451" elapsed="0.039155"/>
</kw>
<status status="PASS" start="2025-07-03T14:59:02.002124" elapsed="0.039588"/>
</kw>
<kw name="Verificar Login Bem Sucedido" owner="auth_keywords">
<kw name="Wait For Elements State" owner="Browser">
<msg time="2025-07-03T14:59:02.829468" level="INFO">Waited for Element with selector text=Login realizado com sucesso! at state visible</msg>
<arg>text=Login realizado com sucesso!</arg>
<arg>visible</arg>
<arg>timeout=10s</arg>
<tag>PageContent</tag>
<tag>Wait</tag>
<doc>Waits for the element found by ``selector`` to satisfy state option.</doc>
<status status="PASS" start="2025-07-03T14:59:02.042132" elapsed="0.787492"/>
</kw>
<kw name="Wait For Elements State" owner="Browser">
<msg time="2025-07-03T14:59:02.834777" level="INFO">Waited for Element with selector text=Sair at state visible</msg>
<arg>${HEADER_LOGOUT_BUTTON}</arg>
<arg>visible</arg>
<arg>timeout=10s</arg>
<tag>PageContent</tag>
<tag>Wait</tag>
<doc>Waits for the element found by ``selector`` to satisfy state option.</doc>
<status status="PASS" start="2025-07-03T14:59:02.829809" elapsed="0.005112"/>
</kw>
<status status="PASS" start="2025-07-03T14:59:02.041862" elapsed="0.793174"/>
</kw>
<status status="PASS" start="2025-07-03T14:59:01.838472" elapsed="0.996611"/>
</kw>
<kw name="Visualizar Reservas Na Pagina De Perfil" owner="profile_keywords">
<kw name="Ir Para Pagina De Perfil" owner="profile_keywords">
<kw name="Click" owner="Browser">
<msg time="2025-07-03T14:59:02.836041" level="INFO">Clicks the element 'text=Perfil'.</msg>
<arg>text=Perfil</arg>
<tag>PageContent</tag>
<tag>Setter</tag>
<doc>Simulates mouse click on the element found by ``selector``.</doc>
<status status="PASS" start="2025-07-03T14:59:02.835728" elapsed="0.038050"/>
</kw>
<kw name="Wait For Elements State" owner="Browser">
<msg time="2025-07-03T14:59:02.878175" level="INFO">Waited for Element with selector id=name at state visible</msg>
<arg>${PROFILE_NAME_FIELD}</arg>
<arg>visible</arg>
<arg>timeout=10s</arg>
<tag>PageContent</tag>
<tag>Wait</tag>
<doc>Waits for the element found by ``selector`` to satisfy state option.</doc>
<status status="PASS" start="2025-07-03T14:59:02.873955" elapsed="0.004358"/>
</kw>
<status status="PASS" start="2025-07-03T14:59:02.835545" elapsed="0.042870"/>
</kw>
<kw name="Aguardar Elemento" owner="common_keywords">
<kw name="Wait For Elements State" owner="Browser">
<msg time="2025-07-03T14:59:02.883714" level="INFO">Waited for Element with selector h2 &gt;&gt; text=Minhas Reservas at state visible</msg>
<arg>${locator}</arg>
<arg>visible</arg>
<arg>timeout=${timeout}</arg>
<tag>PageContent</tag>
<tag>Wait</tag>
<doc>Waits for the element found by ``selector`` to satisfy state option.</doc>
<status status="PASS" start="2025-07-03T14:59:02.878892" elapsed="0.004973"/>
</kw>
<arg>${RESERVATIONS_SECTION}</arg>
<status status="PASS" start="2025-07-03T14:59:02.878581" elapsed="0.005382"/>
</kw>
<kw name="Sleep" owner="BuiltIn">
<msg time="2025-07-03T14:59:07.884384" level="INFO">Slept 5 seconds.</msg>
<arg>5s</arg>
<doc>Pauses the test executed for the given time.</doc>
<status status="PASS" start="2025-07-03T14:59:02.884074" elapsed="5.000416"/>
</kw>
<status status="PASS" start="2025-07-03T14:59:02.835243" elapsed="5.049339"/>
</kw>
<kw name="Get Text" owner="Browser">
<msg time="2025-07-03T14:59:07.901765" level="INFO">Text: 'Cinema App\nFilmes em Cartaz\nInício\nMinhas Reservas\nPerfil\nSair\n🔧\nMeu Perfil\nMinhas Reservas\nMeu Perfil\n\nGerencie suas informações pessoais e credenciais de acesso\n\nInformações Pessoais\nNome Completo\nE-mail\nO e-mail não pode ser alterado\nAlterar Senha\nSenha Atual\nNova Senha\nConfirme a Nova Senha\nA função de alterar senha estará disponível em breve. Por enquanto, apenas a atualização do nome é suportada.\nSalvar Alterações\nMinhas Reservas\nThe Avengers\n\n25/06/2025\n\n14:00\n\nCinema não disponível\n\nAssentos:A1 (Inteira)\nCONFIRMADA\nR$ 15.00\nCinema App\n\nSeu aplicativo completo para reserva de ingressos de cinema.\n\nLinks Úteis\nFilmes em Cartaz\nLogin\nCadastre-se\nContato\n\ncontato@cinemaapp.com\n\nTel: (11) 5555-5555\n\nSiga-nos\n\n© 2025 Cinema App. Todos os direitos reservados.'</msg>
<msg time="2025-07-03T14:59:07.901900" level="INFO">${page_text} = Cinema App
Filmes em Cartaz
Início
Minhas Reservas
Perfil
Sair
🔧
Meu Perfil
Minhas Reservas
Meu Perfil

Gerencie suas informações pessoais e credenciais de acesso

Informações Pessoais
Nome Completo
E...</msg>
<var>${page_text}</var>
<arg>body</arg>
<tag>Assertion</tag>
<tag>Getter</tag>
<tag>PageContent</tag>
<doc>Returns text attribute of the element found by ``selector``.</doc>
<status status="PASS" start="2025-07-03T14:59:07.884719" elapsed="0.017205"/>
</kw>
<kw name="Should Contain" owner="BuiltIn">
<arg>${page_text}</arg>
<arg>25/06/2025</arg>
<doc>Fails if ``container`` does not contain ``item`` one or more times.</doc>
<status status="PASS" start="2025-07-03T14:59:07.902084" elapsed="0.000193"/>
</kw>
<kw name="Should Contain" owner="BuiltIn">
<arg>${page_text}</arg>
<arg>14:00</arg>
<doc>Fails if ``container`` does not contain ``item`` one or more times.</doc>
<status status="PASS" start="2025-07-03T14:59:07.902364" elapsed="0.000127"/>
</kw>
<kw name="Should Contain" owner="BuiltIn">
<arg>${page_text}</arg>
<arg>Assentos:A1</arg>
<doc>Fails if ``container`` does not contain ``item`` one or more times.</doc>
<status status="PASS" start="2025-07-03T14:59:07.902569" elapsed="0.000115"/>
</kw>
<tag>WEB-PROF-04</tag>
<status status="PASS" start="2025-07-03T14:58:59.715185" elapsed="8.187578"/>
</test>
<kw name="Encerrar Navegador" owner="common_keywords" type="TEARDOWN">
<kw name="Close Browser" owner="Browser">
<msg time="2025-07-03T14:59:07.947822" level="INFO">Closed browser</msg>
<tag>BrowserControl</tag>
<tag>Setter</tag>
<doc>Closes the current browser.</doc>
<status status="PASS" start="2025-07-03T14:59:07.909449" elapsed="0.038597"/>
</kw>
<status status="PASS" start="2025-07-03T14:59:07.909059" elapsed="0.039114"/>
</kw>
<status status="PASS" start="2025-07-03T14:58:45.456300" elapsed="22.491922"/>
</suite>
<status status="FAIL" start="2025-07-03T14:57:15.158505" elapsed="112.795704"/>
</suite>
<statistics>
<total>
<stat pass="12" fail="5" skip="0">All Tests</stat>
</total>
<tag>
<stat pass="1" fail="0" skip="0">WEB-AUTH-01</stat>
<stat pass="1" fail="0" skip="0">WEB-AUTH-02</stat>
<stat pass="1" fail="0" skip="0">WEB-AUTH-03</stat>
<stat pass="1" fail="0" skip="0">WEB-AUTH-04</stat>
<stat pass="1" fail="0" skip="0">WEB-AUTH-05</stat>
<stat pass="1" fail="0" skip="0">WEB-AUTH-06</stat>
<stat pass="0" fail="1" skip="0">WEB-BOOK-01</stat>
<stat pass="0" fail="1" skip="0">WEB-BOOK-02</stat>
<stat pass="0" fail="1" skip="0">WEB-BOOK-03</stat>
<stat pass="0" fail="1" skip="0">WEB-BOOK-04</stat>
<stat pass="1" fail="0" skip="0">WEB-NAV-01</stat>
<stat pass="1" fail="0" skip="0">WEB-NAV-02</stat>
<stat pass="0" fail="1" skip="0">WEB-NAV-03</stat>
<stat pass="1" fail="0" skip="0">WEB-PROF-01</stat>
<stat pass="1" fail="0" skip="0">WEB-PROF-02</stat>
<stat pass="1" fail="0" skip="0">WEB-PROF-03</stat>
<stat pass="1" fail="0" skip="0">WEB-PROF-04</stat>
</tag>
<suite>
<stat name="Web" id="s1" pass="12" fail="5" skip="0">Web</stat>
<stat name="Auth Tests" id="s1-s1" pass="6" fail="0" skip="0">Web.Auth Tests</stat>
<stat name="Booking Tests" id="s1-s2" pass="0" fail="4" skip="0">Web.Booking Tests</stat>
<stat name="Navigation Tests" id="s1-s3" pass="2" fail="1" skip="0">Web.Navigation Tests</stat>
<stat name="Profile Tests" id="s1-s4" pass="4" fail="0" skip="0">Web.Profile Tests</stat>
</suite>
</statistics>
<errors>
</errors>
</robot>
