<?xml version="1.0" encoding="UTF-8"?>
<robot generator="Robot 7.3 (Python 3.13.2 on linux)" generated="2025-07-03T14:55:11.840430" rpa="false" schemaversion="5">
<suite id="s1" name="Auth Tests &amp; Movies Tests &amp; Reservations Tests">
<suite id="s1-s1" name="Auth Tests" source="/media/marcos/MEU HD/challenge_tecnico_do_pb/tests/api/auth_tests.robot">
<kw name="Create Session" owner="RequestsLibrary" type="SETUP">
<msg time="2025-07-03T14:55:11.957373" level="INFO">Creating Session using : alias=cinema_api, url=https://challenge-pb-back-n9wmjthu8-marcosdev03s-projects.vercel.app/api/v1, headers={},                     cookies={}, auth=None, timeout=None, proxies=None, verify=False,                     debug=0 </msg>
<arg>cinema_api</arg>
<arg>${BASE_API_URL}</arg>
<doc>Create Session: create a HTTP session to a server</doc>
<status status="PASS" start="2025-07-03T14:55:11.957072" elapsed="0.000544"/>
</kw>
<test id="s1-s1-t1" name="Login Com Credenciais Válidas Deve Retornar Token" line="10">
<kw name="Login User" owner="auth">
<kw name="Fazer Login Do Usuario" owner="auth">
<kw name="Create Dictionary" owner="BuiltIn">
<msg time="2025-07-03T14:55:11.959413" level="INFO">${headers} = {'Content-Type': 'application/json'}</msg>
<var>${headers}</var>
<arg>Content-Type=application/json</arg>
<doc>Creates and returns a dictionary based on the given ``items``.</doc>
<status status="PASS" start="2025-07-03T14:55:11.959131" elapsed="0.000320"/>
</kw>
<kw name="Create Dictionary" owner="BuiltIn">
<msg time="2025-07-03T14:55:11.959824" level="INFO">${body} = {'email': 'user@example.com', 'password': 'password123'}</msg>
<var>${body}</var>
<arg>email=${email}</arg>
<arg>password=${senha}</arg>
<doc>Creates and returns a dictionary based on the given ``items``.</doc>
<status status="PASS" start="2025-07-03T14:55:11.959583" elapsed="0.000268"/>
</kw>
<kw name="POST" owner="RequestsLibrary">
<msg time="2025-07-03T14:55:15.468521" level="INFO">POST Request : url=https://challenge-pb-back-n9wmjthu8-marcosdev03s-projects.vercel.app/api/v1/auth/login 
 path_url=/api/v1/auth/login 
 headers={'User-Agent': 'python-requests/2.32.4', 'Accept-Encoding': 'gzip, deflate', 'Accept': '*/*', 'Connection': 'keep-alive', 'Content-Type': 'application/json', 'Content-Length': '56'} 
 body=b'{"email": "user@example.com", "password": "password123"}' 
 </msg>
<msg time="2025-07-03T14:55:15.468629" level="INFO">POST Response : url=https://challenge-pb-back-n9wmjthu8-marcosdev03s-projects.vercel.app/api/v1/auth/login 
 status=200, reason=OK 
 headers={'Access-Control-Allow-Origin': '*', 'Cache-Control': 'public, max-age=0, must-revalidate', 'Content-Length': '308', 'Content-Type': 'application/json; charset=utf-8', 'Cross-Origin-Opener-Policy': 'same-origin', 'Cross-Origin-Resource-Policy': 'same-origin', 'Date': 'Thu, 03 Jul 2025 17:55:15 GMT', 'Etag': 'W/"134-6zxvk7PcH8Ope8ZQcUxbf3EeEmw"', 'Origin-Agent-Cluster': '?1', 'Referrer-Policy': 'no-referrer', 'Server': 'Vercel', 'Strict-Transport-Security': 'max-age=31536000; includeSubDomains', 'Vary': 'Accept-Encoding', 'X-Content-Type-Options': 'nosniff', 'X-Dns-Prefetch-Control': 'off', 'X-Download-Options': 'noopen', 'X-Frame-Options': 'SAMEORIGIN', 'X-Permitted-Cross-Domain-Policies': 'none', 'X-Robots-Tag': 'noindex', 'X-Vercel-Cache': 'MISS', 'X-Vercel-Id': 'gru1::iad1::tzn7n-1751565312029-c658e0ad4ab8', 'X-Xss-Protection': '0'} 
 body={"success":true,"data":{"_id":"685c2d5cf34317e7520c4283","name":"Updated User Name","email":"user@example.com","role":"user","token":"eyJhbGciOiJIUzI1NiIsInR5cCI6IkpXVCJ9.eyJpZCI6IjY4NWMyZDVjZjM0MzE3ZTc1MjBjNDI4MyIsImlhdCI6MTc1MTU2NTMxNSwiZXhwIjoxNzUxNjUxNzE1fQ.7I5uh9bnZ5c-ZX29nCvQ--_U3fP3WyQq8H1LuDI9LWs"}} 
 </msg>
<msg time="2025-07-03T14:55:15.468734" level="INFO">${response} = &lt;Response [200]&gt;</msg>
<var>${response}</var>
<arg>${BASE_API_URL}${AUTH_LOGIN_ENDPOINT}</arg>
<arg>json=${body}</arg>
<arg>headers=${headers}</arg>
<arg>expected_status=any</arg>
<doc>Sends a POST request.</doc>
<status status="PASS" start="2025-07-03T14:55:11.959959" elapsed="3.508795"/>
</kw>
<return>
<value>${response}</value>
<status status="PASS" start="2025-07-03T14:55:15.468810" elapsed="0.000042"/>
</return>
<msg time="2025-07-03T14:55:15.468967" level="INFO">${response} = &lt;Response [200]&gt;</msg>
<var>${response}</var>
<arg>${email}</arg>
<arg>${password}</arg>
<status status="PASS" start="2025-07-03T14:55:11.958805" elapsed="3.510179"/>
</kw>
<return>
<value>${response}</value>
<status status="PASS" start="2025-07-03T14:55:15.469019" elapsed="0.000021"/>
</return>
<msg time="2025-07-03T14:55:15.469120" level="INFO">${response} = &lt;Response [200]&gt;</msg>
<var>${response}</var>
<arg>${USER_EMAIL}</arg>
<arg>${USER_PASSWORD}</arg>
<status status="PASS" start="2025-07-03T14:55:11.958397" elapsed="3.510739"/>
</kw>
<kw name="Should Be Equal As Strings" owner="BuiltIn">
<msg time="2025-07-03T14:55:15.469652" level="INFO">Argument types are:
&lt;class 'int'&gt;
&lt;class 'str'&gt;</msg>
<arg>${response.status_code}</arg>
<arg>200</arg>
<doc>Fails if objects are unequal after converting them to strings.</doc>
<status status="PASS" start="2025-07-03T14:55:15.469232" elapsed="0.000464"/>
</kw>
<kw name="Dictionary Should Contain Key" owner="Collections">
<arg>${response.json()}</arg>
<arg>success</arg>
<doc>Fails if ``key`` is not found from ``dictionary``.</doc>
<status status="PASS" start="2025-07-03T14:55:15.469782" elapsed="0.000499"/>
</kw>
<kw name="Dictionary Should Contain Key" owner="Collections">
<arg>${response.json()['data']}</arg>
<arg>token</arg>
<doc>Fails if ``key`` is not found from ``dictionary``.</doc>
<status status="PASS" start="2025-07-03T14:55:15.470395" elapsed="0.000444"/>
</kw>
<kw name="Should Not Be Empty" owner="BuiltIn">
<msg time="2025-07-03T14:55:15.471226" level="INFO">Length is 171.</msg>
<arg>${response.json()['data']['token']}</arg>
<doc>Verifies that the given item is not empty.</doc>
<status status="PASS" start="2025-07-03T14:55:15.470920" elapsed="0.000338"/>
</kw>
<tag>AUTH-003</tag>
<status status="PASS" start="2025-07-03T14:55:11.957794" elapsed="3.513541"/>
</test>
<test id="s1-s1-t2" name="Login Com Senha Inválida Deve Retornar Não Autorizado" line="18">
<kw name="Login User" owner="auth">
<kw name="Fazer Login Do Usuario" owner="auth">
<kw name="Create Dictionary" owner="BuiltIn">
<msg time="2025-07-03T14:55:15.472843" level="INFO">${headers} = {'Content-Type': 'application/json'}</msg>
<var>${headers}</var>
<arg>Content-Type=application/json</arg>
<doc>Creates and returns a dictionary based on the given ``items``.</doc>
<status status="PASS" start="2025-07-03T14:55:15.472669" elapsed="0.000205"/>
</kw>
<kw name="Create Dictionary" owner="BuiltIn">
<msg time="2025-07-03T14:55:15.473225" level="INFO">${body} = {'email': 'user@example.com', 'password': 'wrongpassword'}</msg>
<var>${body}</var>
<arg>email=${email}</arg>
<arg>password=${senha}</arg>
<doc>Creates and returns a dictionary based on the given ``items``.</doc>
<status status="PASS" start="2025-07-03T14:55:15.472997" elapsed="0.000253"/>
</kw>
<kw name="POST" owner="RequestsLibrary">
<msg time="2025-07-03T14:55:16.713888" level="INFO">POST Request : url=https://challenge-pb-back-n9wmjthu8-marcosdev03s-projects.vercel.app/api/v1/auth/login 
 path_url=/api/v1/auth/login 
 headers={'User-Agent': 'python-requests/2.32.4', 'Accept-Encoding': 'gzip, deflate', 'Accept': '*/*', 'Connection': 'keep-alive', 'Content-Type': 'application/json', 'Content-Length': '58'} 
 body=b'{"email": "user@example.com", "password": "wrongpassword"}' 
 </msg>
<msg time="2025-07-03T14:55:16.714080" level="INFO">POST Response : url=https://challenge-pb-back-n9wmjthu8-marcosdev03s-projects.vercel.app/api/v1/auth/login 
 status=401, reason=Unauthorized 
 headers={'Access-Control-Allow-Origin': '*', 'Cache-Control': 'public, max-age=0, must-revalidate', 'Content-Length': '55', 'Content-Type': 'application/json; charset=utf-8', 'Cross-Origin-Opener-Policy': 'same-origin', 'Cross-Origin-Resource-Policy': 'same-origin', 'Date': 'Thu, 03 Jul 2025 17:55:16 GMT', 'Etag': 'W/"37-5uDpJTljPBecOPs/j7OXFdPRcmQ"', 'Origin-Agent-Cluster': '?1', 'Referrer-Policy': 'no-referrer', 'Server': 'Vercel', 'Strict-Transport-Security': 'max-age=31536000; includeSubDomains', 'Vary': 'Accept-Encoding', 'X-Content-Type-Options': 'nosniff', 'X-Dns-Prefetch-Control': 'off', 'X-Download-Options': 'noopen', 'X-Frame-Options': 'SAMEORIGIN', 'X-Permitted-Cross-Domain-Policies': 'none', 'X-Robots-Tag': 'noindex', 'X-Vercel-Cache': 'MISS', 'X-Vercel-Id': 'gru1::iad1::82z9j-1751565315542-297f2b458f8b', 'X-Xss-Protection': '0'} 
 body={"success":false,"message":"Invalid email or password"} 
 </msg>
<msg time="2025-07-03T14:55:16.887024" level="INFO">${response} = &lt;Response [401]&gt;</msg>
<var>${response}</var>
<arg>${BASE_API_URL}${AUTH_LOGIN_ENDPOINT}</arg>
<arg>json=${body}</arg>
<arg>headers=${headers}</arg>
<arg>expected_status=any</arg>
<doc>Sends a POST request.</doc>
<status status="PASS" start="2025-07-03T14:55:15.473355" elapsed="1.413715"/>
</kw>
<return>
<value>${response}</value>
<status status="PASS" start="2025-07-03T14:55:16.887150" elapsed="0.000041"/>
</return>
<msg time="2025-07-03T14:55:16.887314" level="INFO">${response} = &lt;Response [401]&gt;</msg>
<var>${response}</var>
<arg>${email}</arg>
<arg>${password}</arg>
<status status="PASS" start="2025-07-03T14:55:15.472397" elapsed="1.414938"/>
</kw>
<return>
<value>${response}</value>
<status status="PASS" start="2025-07-03T14:55:16.887374" elapsed="0.000025"/>
</return>
<msg time="2025-07-03T14:55:16.887489" level="INFO">${response} = &lt;Response [401]&gt;</msg>
<var>${response}</var>
<arg>${USER_EMAIL}</arg>
<arg>wrongpassword</arg>
<status status="PASS" start="2025-07-03T14:55:15.472051" elapsed="1.415458"/>
</kw>
<kw name="Should Be Equal As Strings" owner="BuiltIn">
<msg time="2025-07-03T14:55:16.888137" level="INFO">Argument types are:
&lt;class 'int'&gt;
&lt;class 'str'&gt;</msg>
<arg>${response.status_code}</arg>
<arg>401</arg>
<doc>Fails if objects are unequal after converting them to strings.</doc>
<status status="PASS" start="2025-07-03T14:55:16.887622" elapsed="0.000568"/>
</kw>
<kw name="Dictionary Should Contain Value" owner="Collections">
<arg>${response.json()}</arg>
<arg>Invalid email or password</arg>
<doc>Fails if ``value`` is not found from ``dictionary``.</doc>
<status status="PASS" start="2025-07-03T14:55:16.888290" elapsed="0.000420"/>
</kw>
<tag>AUTH-004</tag>
<status status="PASS" start="2025-07-03T14:55:15.471551" elapsed="1.417244"/>
</test>
<test id="s1-s1-t3" name="Cadastrar Novo Usuário Com Dados Válidos Deve Ter Sucesso" line="24">
<kw name="Generate Random Email" owner="auth">
<kw name="Gerar Email Aleatorio" owner="auth">
<kw name="Generate Random String" owner="String">
<msg time="2025-07-03T14:55:16.890645" level="INFO">${string_aleatoria} = UfVYfkNK</msg>
<var>${string_aleatoria}</var>
<arg>8</arg>
<arg>[LETTERS]</arg>
<doc>Generates a string with a desired ``length`` from the given ``chars``.</doc>
<status status="PASS" start="2025-07-03T14:55:16.890354" elapsed="0.000319"/>
</kw>
<kw name="Set Variable" owner="BuiltIn">
<msg time="2025-07-03T14:55:16.890922" level="INFO">${email} = testUfVYfkNK@example.com</msg>
<var>${email}</var>
<arg>test${string_aleatoria}@example.com</arg>
<doc>Returns the given values which can then be assigned to a variables.</doc>
<status status="PASS" start="2025-07-03T14:55:16.890769" elapsed="0.000189"/>
</kw>
<return>
<value>${email}</value>
<status status="PASS" start="2025-07-03T14:55:16.891002" elapsed="0.000030"/>
</return>
<msg time="2025-07-03T14:55:16.891118" level="INFO">${email} = testUfVYfkNK@example.com</msg>
<var>${email}</var>
<status status="PASS" start="2025-07-03T14:55:16.890112" elapsed="0.001022"/>
</kw>
<return>
<value>${email}</value>
<status status="PASS" start="2025-07-03T14:55:16.891161" elapsed="0.000016"/>
</return>
<msg time="2025-07-03T14:55:16.891246" level="INFO">${random_email} = testUfVYfkNK@example.com</msg>
<var>${random_email}</var>
<status status="PASS" start="2025-07-03T14:55:16.889326" elapsed="0.001935"/>
</kw>
<kw name="Register User" owner="auth">
<kw name="Registrar Usuario" owner="auth">
<kw name="Create Dictionary" owner="BuiltIn">
<msg time="2025-07-03T14:55:16.891913" level="INFO">${headers} = {'Content-Type': 'application/json'}</msg>
<var>${headers}</var>
<arg>Content-Type=application/json</arg>
<doc>Creates and returns a dictionary based on the given ``items``.</doc>
<status status="PASS" start="2025-07-03T14:55:16.891794" elapsed="0.000148"/>
</kw>
<kw name="Create Dictionary" owner="BuiltIn">
<msg time="2025-07-03T14:55:16.892193" level="INFO">${body} = {'name': 'Test User', 'email': 'testUfVYfkNK@example.com', 'password': 'password123'}</msg>
<var>${body}</var>
<arg>name=${nome}</arg>
<arg>email=${email}</arg>
<arg>password=${senha}</arg>
<doc>Creates and returns a dictionary based on the given ``items``.</doc>
<status status="PASS" start="2025-07-03T14:55:16.892022" elapsed="0.000189"/>
</kw>
<kw name="POST" owner="RequestsLibrary">
<msg time="2025-07-03T14:55:17.435828" level="INFO">POST Request : url=https://challenge-pb-back-n9wmjthu8-marcosdev03s-projects.vercel.app/api/v1/auth/register 
 path_url=/api/v1/auth/register 
 headers={'User-Agent': 'python-requests/2.32.4', 'Accept-Encoding': 'gzip, deflate', 'Accept': '*/*', 'Connection': 'keep-alive', 'Content-Type': 'application/json', 'Content-Length': '85'} 
 body=b'{"name": "Test User", "email": "testUfVYfkNK@example.com", "password": "password123"}' 
 </msg>
<msg time="2025-07-03T14:55:17.435908" level="INFO">POST Response : url=https://challenge-pb-back-n9wmjthu8-marcosdev03s-projects.vercel.app/api/v1/auth/register 
 status=201, reason=Created 
 headers={'Access-Control-Allow-Origin': '*', 'Cache-Control': 'public, max-age=0, must-revalidate', 'Content-Length': '308', 'Content-Type': 'application/json; charset=utf-8', 'Cross-Origin-Opener-Policy': 'same-origin', 'Cross-Origin-Resource-Policy': 'same-origin', 'Date': 'Thu, 03 Jul 2025 17:55:17 GMT', 'Etag': 'W/"134-nPc6Jj9JmQNBbKLPx008UWYM6UQ"', 'Origin-Agent-Cluster': '?1', 'Referrer-Policy': 'no-referrer', 'Server': 'Vercel', 'Strict-Transport-Security': 'max-age=31536000; includeSubDomains', 'Vary': 'Accept-Encoding', 'X-Content-Type-Options': 'nosniff', 'X-Dns-Prefetch-Control': 'off', 'X-Download-Options': 'noopen', 'X-Frame-Options': 'SAMEORIGIN', 'X-Permitted-Cross-Domain-Policies': 'none', 'X-Robots-Tag': 'noindex', 'X-Vercel-Cache': 'MISS', 'X-Vercel-Id': 'gru1::iad1::2hdbj-1751565316958-8492d539d8df', 'X-Xss-Protection': '0'} 
 body={"success":true,"data":{"_id":"6866c4052606d53adfc6c5d6","name":"Test User","email":"testufvyfknk@example.com","role":"user","token":"eyJhbGciOiJIUzI1NiIsInR5cCI6IkpXVCJ9.eyJpZCI6IjY4NjZjNDA1MjYwNmQ1M2FkZmM2YzVkNiIsImlhdCI6MTc1MTU2NTMxNywiZXhwIjoxNzUxNjUxNzE3fQ.xfe2YVeN2DsAvvuX5pSta3BsncxIuCzj1Hnzh-HRv-E"}} 
 </msg>
<msg time="2025-07-03T14:55:17.436157" level="INFO">${response} = &lt;Response [201]&gt;</msg>
<var>${response}</var>
<arg>${BASE_API_URL}${AUTH_REGISTER_ENDPOINT}</arg>
<arg>json=${body}</arg>
<arg>headers=${headers}</arg>
<arg>expected_status=any</arg>
<doc>Sends a POST request.</doc>
<status status="PASS" start="2025-07-03T14:55:16.892274" elapsed="0.543908"/>
</kw>
<return>
<value>${response}</value>
<status status="PASS" start="2025-07-03T14:55:17.436240" elapsed="0.000033"/>
</return>
<msg time="2025-07-03T14:55:17.436378" level="INFO">${response} = &lt;Response [201]&gt;</msg>
<var>${response}</var>
<arg>${name}</arg>
<arg>${email}</arg>
<arg>${password}</arg>
<status status="PASS" start="2025-07-03T14:55:16.891589" elapsed="0.544808"/>
</kw>
<return>
<value>${response}</value>
<status status="PASS" start="2025-07-03T14:55:17.436437" elapsed="0.000017"/>
</return>
<msg time="2025-07-03T14:55:17.436534" level="INFO">${response} = &lt;Response [201]&gt;</msg>
<var>${response}</var>
<arg>Test User</arg>
<arg>${random_email}</arg>
<arg>password123</arg>
<status status="PASS" start="2025-07-03T14:55:16.891368" elapsed="0.545184"/>
</kw>
<kw name="Should Be Equal As Strings" owner="BuiltIn">
<msg time="2025-07-03T14:55:17.437297" level="INFO">Argument types are:
&lt;class 'int'&gt;
&lt;class 'str'&gt;</msg>
<arg>${response.status_code}</arg>
<arg>201</arg>
<doc>Fails if objects are unequal after converting them to strings.</doc>
<status status="PASS" start="2025-07-03T14:55:17.436672" elapsed="0.000678"/>
</kw>
<kw name="Dictionary Should Contain Key" owner="Collections">
<arg>${response.json()}</arg>
<arg>success</arg>
<doc>Fails if ``key`` is not found from ``dictionary``.</doc>
<status status="PASS" start="2025-07-03T14:55:17.437552" elapsed="0.000690"/>
</kw>
<kw name="Dictionary Should Contain Key" owner="Collections">
<arg>${response.json()['data']}</arg>
<arg>token</arg>
<doc>Fails if ``key`` is not found from ``dictionary``.</doc>
<status status="PASS" start="2025-07-03T14:55:17.438357" elapsed="0.000386"/>
</kw>
<kw name="Should Not Be Empty" owner="BuiltIn">
<msg time="2025-07-03T14:55:17.439274" level="INFO">Length is 171.</msg>
<arg>${response.json()['data']['token']}</arg>
<doc>Verifies that the given item is not empty.</doc>
<status status="PASS" start="2025-07-03T14:55:17.438879" elapsed="0.000430"/>
</kw>
<tag>AUTH-001</tag>
<status status="PASS" start="2025-07-03T14:55:16.888986" elapsed="0.550404"/>
</test>
<test id="s1-s1-t4" name="Cadastrar Com Email Existente Deve Falhar" line="33">
<kw name="Register User" owner="auth">
<kw name="Registrar Usuario" owner="auth">
<kw name="Create Dictionary" owner="BuiltIn">
<msg time="2025-07-03T14:55:17.440636" level="INFO">${headers} = {'Content-Type': 'application/json'}</msg>
<var>${headers}</var>
<arg>Content-Type=application/json</arg>
<doc>Creates and returns a dictionary based on the given ``items``.</doc>
<status status="PASS" start="2025-07-03T14:55:17.440471" elapsed="0.000194"/>
</kw>
<kw name="Create Dictionary" owner="BuiltIn">
<msg time="2025-07-03T14:55:17.441047" level="INFO">${body} = {'name': 'Test User', 'email': 'user@example.com', 'password': 'password123'}</msg>
<var>${body}</var>
<arg>name=${nome}</arg>
<arg>email=${email}</arg>
<arg>password=${senha}</arg>
<doc>Creates and returns a dictionary based on the given ``items``.</doc>
<status status="PASS" start="2025-07-03T14:55:17.440777" elapsed="0.000298"/>
</kw>
<kw name="POST" owner="RequestsLibrary">
<msg time="2025-07-03T14:55:17.762308" level="INFO">POST Request : url=https://challenge-pb-back-n9wmjthu8-marcosdev03s-projects.vercel.app/api/v1/auth/register 
 path_url=/api/v1/auth/register 
 headers={'User-Agent': 'python-requests/2.32.4', 'Accept-Encoding': 'gzip, deflate', 'Accept': '*/*', 'Connection': 'keep-alive', 'Content-Type': 'application/json', 'Content-Length': '77'} 
 body=b'{"name": "Test User", "email": "user@example.com", "password": "password123"}' 
 </msg>
<msg time="2025-07-03T14:55:17.762567" level="INFO">POST Response : url=https://challenge-pb-back-n9wmjthu8-marcosdev03s-projects.vercel.app/api/v1/auth/register 
 status=400, reason=Bad Request 
 headers={'Access-Control-Allow-Origin': '*', 'Cache-Control': 'public, max-age=0, must-revalidate', 'Content-Length': '49', 'Content-Type': 'application/json; charset=utf-8', 'Cross-Origin-Opener-Policy': 'same-origin', 'Cross-Origin-Resource-Policy': 'same-origin', 'Date': 'Thu, 03 Jul 2025 17:55:17 GMT', 'Etag': 'W/"31-WKEMg8zALB1Ko0WjUHi/6RBGHVc"', 'Origin-Agent-Cluster': '?1', 'Referrer-Policy': 'no-referrer', 'Server': 'Vercel', 'Strict-Transport-Security': 'max-age=31536000; includeSubDomains', 'Vary': 'Accept-Encoding', 'X-Content-Type-Options': 'nosniff', 'X-Dns-Prefetch-Control': 'off', 'X-Download-Options': 'noopen', 'X-Frame-Options': 'SAMEORIGIN', 'X-Permitted-Cross-Domain-Policies': 'none', 'X-Robots-Tag': 'noindex', 'X-Vercel-Cache': 'MISS', 'X-Vercel-Id': 'gru1::iad1::cjhzf-1751565317511-12a6a9e35a13', 'X-Xss-Protection': '0'} 
 body={"success":false,"message":"User already exists"} 
 </msg>
<msg time="2025-07-03T14:55:17.762910" level="INFO">${response} = &lt;Response [400]&gt;</msg>
<var>${response}</var>
<arg>${BASE_API_URL}${AUTH_REGISTER_ENDPOINT}</arg>
<arg>json=${body}</arg>
<arg>headers=${headers}</arg>
<arg>expected_status=any</arg>
<doc>Sends a POST request.</doc>
<status status="PASS" start="2025-07-03T14:55:17.441173" elapsed="0.321842"/>
</kw>
<return>
<value>${response}</value>
<status status="PASS" start="2025-07-03T14:55:17.763211" elapsed="0.000107"/>
</return>
<msg time="2025-07-03T14:55:17.763730" level="INFO">${response} = &lt;Response [400]&gt;</msg>
<var>${response}</var>
<arg>${name}</arg>
<arg>${email}</arg>
<arg>${password}</arg>
<status status="PASS" start="2025-07-03T14:55:17.440139" elapsed="0.323672"/>
</kw>
<return>
<value>${response}</value>
<status status="PASS" start="2025-07-03T14:55:17.763975" elapsed="0.000084"/>
</return>
<msg time="2025-07-03T14:55:17.764356" level="INFO">${response} = &lt;Response [400]&gt;</msg>
<var>${response}</var>
<arg>Test User</arg>
<arg>${USER_EMAIL}</arg>
<arg>password123</arg>
<status status="PASS" start="2025-07-03T14:55:17.439810" elapsed="0.324599"/>
</kw>
<kw name="Should Be Equal As Strings" owner="BuiltIn">
<msg time="2025-07-03T14:55:17.766267" level="INFO">Argument types are:
&lt;class 'int'&gt;
&lt;class 'str'&gt;</msg>
<arg>${response.status_code}</arg>
<arg>400</arg>
<doc>Fails if objects are unequal after converting them to strings.</doc>
<status status="PASS" start="2025-07-03T14:55:17.764672" elapsed="0.001749"/>
</kw>
<kw name="Dictionary Should Contain Value" owner="Collections">
<arg>${response.json()}</arg>
<arg>User already exists</arg>
<doc>Fails if ``value`` is not found from ``dictionary``.</doc>
<status status="PASS" start="2025-07-03T14:55:17.766744" elapsed="0.001425"/>
</kw>
<tag>AUTH-002</tag>
<status status="PASS" start="2025-07-03T14:55:17.439524" elapsed="0.328862"/>
</test>
<test id="s1-s1-t5" name="Obter Perfil Do Usuário Com Token Válido Deve Retornar Dados" line="39">
<kw name="Login User" owner="auth">
<kw name="Fazer Login Do Usuario" owner="auth">
<kw name="Create Dictionary" owner="BuiltIn">
<msg time="2025-07-03T14:55:17.770881" level="INFO">${headers} = {'Content-Type': 'application/json'}</msg>
<var>${headers}</var>
<arg>Content-Type=application/json</arg>
<doc>Creates and returns a dictionary based on the given ``items``.</doc>
<status status="PASS" start="2025-07-03T14:55:17.770621" elapsed="0.000319"/>
</kw>
<kw name="Create Dictionary" owner="BuiltIn">
<msg time="2025-07-03T14:55:17.771456" level="INFO">${body} = {'email': 'user@example.com', 'password': 'password123'}</msg>
<var>${body}</var>
<arg>email=${email}</arg>
<arg>password=${senha}</arg>
<doc>Creates and returns a dictionary based on the given ``items``.</doc>
<status status="PASS" start="2025-07-03T14:55:17.771121" elapsed="0.000373"/>
</kw>
<kw name="POST" owner="RequestsLibrary">
<msg time="2025-07-03T14:55:18.305438" level="INFO">POST Request : url=https://challenge-pb-back-n9wmjthu8-marcosdev03s-projects.vercel.app/api/v1/auth/login 
 path_url=/api/v1/auth/login 
 headers={'User-Agent': 'python-requests/2.32.4', 'Accept-Encoding': 'gzip, deflate', 'Accept': '*/*', 'Connection': 'keep-alive', 'Content-Type': 'application/json', 'Content-Length': '56'} 
 body=b'{"email": "user@example.com", "password": "password123"}' 
 </msg>
<msg time="2025-07-03T14:55:18.305621" level="INFO">POST Response : url=https://challenge-pb-back-n9wmjthu8-marcosdev03s-projects.vercel.app/api/v1/auth/login 
 status=200, reason=OK 
 headers={'Access-Control-Allow-Origin': '*', 'Cache-Control': 'public, max-age=0, must-revalidate', 'Content-Length': '308', 'Content-Type': 'application/json; charset=utf-8', 'Cross-Origin-Opener-Policy': 'same-origin', 'Cross-Origin-Resource-Policy': 'same-origin', 'Date': 'Thu, 03 Jul 2025 17:55:18 GMT', 'Etag': 'W/"134-DUl7i12RORyoQppzN0Y3KWffZ2g"', 'Origin-Agent-Cluster': '?1', 'Referrer-Policy': 'no-referrer', 'Server': 'Vercel', 'Strict-Transport-Security': 'max-age=31536000; includeSubDomains', 'Vary': 'Accept-Encoding', 'X-Content-Type-Options': 'nosniff', 'X-Dns-Prefetch-Control': 'off', 'X-Download-Options': 'noopen', 'X-Frame-Options': 'SAMEORIGIN', 'X-Permitted-Cross-Domain-Policies': 'none', 'X-Robots-Tag': 'noindex', 'X-Vercel-Cache': 'MISS', 'X-Vercel-Id': 'gru1::iad1::2b45b-1751565317960-c0f92c2213e7', 'X-Xss-Protection': '0'} 
 body={"success":true,"data":{"_id":"685c2d5cf34317e7520c4283","name":"Updated User Name","email":"user@example.com","role":"user","token":"eyJhbGciOiJIUzI1NiIsInR5cCI6IkpXVCJ9.eyJpZCI6IjY4NWMyZDVjZjM0MzE3ZTc1MjBjNDI4MyIsImlhdCI6MTc1MTU2NTMxOCwiZXhwIjoxNzUxNjUxNzE4fQ.IQqB0qb-iJlB0BeeY2EIhASxr2UHS_jRrXeGMNL4H7E"}} 
 </msg>
<msg time="2025-07-03T14:55:18.305766" level="INFO">${response} = &lt;Response [200]&gt;</msg>
<var>${response}</var>
<arg>${BASE_API_URL}${AUTH_LOGIN_ENDPOINT}</arg>
<arg>json=${body}</arg>
<arg>headers=${headers}</arg>
<arg>expected_status=any</arg>
<doc>Sends a POST request.</doc>
<status status="PASS" start="2025-07-03T14:55:17.771644" elapsed="0.534152"/>
</kw>
<return>
<value>${response}</value>
<status status="PASS" start="2025-07-03T14:55:18.306024" elapsed="0.000052"/>
</return>
<msg time="2025-07-03T14:55:18.306247" level="INFO">${response} = &lt;Response [200]&gt;</msg>
<var>${response}</var>
<arg>${email}</arg>
<arg>${password}</arg>
<status status="PASS" start="2025-07-03T14:55:17.770177" elapsed="0.536097"/>
</kw>
<return>
<value>${response}</value>
<status status="PASS" start="2025-07-03T14:55:18.306325" elapsed="0.000024"/>
</return>
<msg time="2025-07-03T14:55:18.306460" level="INFO">${login_response} = &lt;Response [200]&gt;</msg>
<var>${login_response}</var>
<arg>${USER_EMAIL}</arg>
<arg>${USER_PASSWORD}</arg>
<status status="PASS" start="2025-07-03T14:55:17.769569" elapsed="0.536913"/>
</kw>
<kw name="Should Be Equal As Strings" owner="BuiltIn">
<msg time="2025-07-03T14:55:18.307237" level="INFO">Argument types are:
&lt;class 'int'&gt;
&lt;class 'str'&gt;</msg>
<arg>${login_response.status_code}</arg>
<arg>200</arg>
<doc>Fails if objects are unequal after converting them to strings.</doc>
<status status="PASS" start="2025-07-03T14:55:18.306624" elapsed="0.000675"/>
</kw>
<kw name="Set Variable" owner="BuiltIn">
<msg time="2025-07-03T14:55:18.308029" level="INFO">${token} = eyJhbGciOiJIUzI1NiIsInR5cCI6IkpXVCJ9.eyJpZCI6IjY4NWMyZDVjZjM0MzE3ZTc1MjBjNDI4MyIsImlhdCI6MTc1MTU2NTMxOCwiZXhwIjoxNzUxNjUxNzE4fQ.IQqB0qb-iJlB0BeeY2EIhASxr2UHS_jRrXeGMNL4H7E</msg>
<var>${token}</var>
<arg>${login_response.json()['data']['token']}</arg>
<doc>Returns the given values which can then be assigned to a variables.</doc>
<status status="PASS" start="2025-07-03T14:55:18.307432" elapsed="0.000620"/>
</kw>
<kw name="Get User Profile" owner="auth">
<kw name="Obter Perfil Do Usuario" owner="auth">
<kw name="Create Dictionary" owner="BuiltIn">
<msg time="2025-07-03T14:55:18.309000" level="INFO">${headers} = {'Content-Type': 'application/json', 'Authorization': 'Bearer eyJhbGciOiJIUzI1NiIsInR5cCI6IkpXVCJ9.eyJpZCI6IjY4NWMyZDVjZjM0MzE3ZTc1MjBjNDI4MyIsImlhdCI6MTc1MTU2NTMxOCwiZXhwIjoxNzUxNjUxNzE4fQ.IQqB0qb-iJ...</msg>
<var>${headers}</var>
<arg>Content-Type=application/json</arg>
<arg>Authorization=Bearer ${token}</arg>
<doc>Creates and returns a dictionary based on the given ``items``.</doc>
<status status="PASS" start="2025-07-03T14:55:18.308775" elapsed="0.000254"/>
</kw>
<kw name="GET" owner="RequestsLibrary">
<msg time="2025-07-03T14:55:18.759350" level="INFO">GET Request : url=https://challenge-pb-back-n9wmjthu8-marcosdev03s-projects.vercel.app/api/v1/auth/me 
 path_url=/api/v1/auth/me 
 headers={'User-Agent': 'python-requests/2.32.4', 'Accept-Encoding': 'gzip, deflate', 'Accept': '*/*', 'Connection': 'keep-alive', 'Content-Type': 'application/json', 'Authorization': 'Bearer eyJhbGciOiJIUzI1NiIsInR5cCI6IkpXVCJ9.eyJpZCI6IjY4NWMyZDVjZjM0MzE3ZTc1MjBjNDI4MyIsImlhdCI6MTc1MTU2NTMxOCwiZXhwIjoxNzUxNjUxNzE4fQ.IQqB0qb-iJlB0BeeY2EIhASxr2UHS_jRrXeGMNL4H7E'} 
 body=None 
 </msg>
<msg time="2025-07-03T14:55:18.759418" level="INFO">GET Response : url=https://challenge-pb-back-n9wmjthu8-marcosdev03s-projects.vercel.app/api/v1/auth/me 
 status=200, reason=OK 
 headers={'Access-Control-Allow-Origin': '*', 'Cache-Control': 'public, max-age=0, must-revalidate', 'Content-Length': '126', 'Content-Type': 'application/json; charset=utf-8', 'Cross-Origin-Opener-Policy': 'same-origin', 'Cross-Origin-Resource-Policy': 'same-origin', 'Date': 'Thu, 03 Jul 2025 17:55:18 GMT', 'Etag': 'W/"7e-YrcrKAqu3ZVAr2s9/JkQ8nb//q0"', 'Origin-Agent-Cluster': '?1', 'Referrer-Policy': 'no-referrer', 'Server': 'Vercel', 'Strict-Transport-Security': 'max-age=31536000; includeSubDomains', 'Vary': 'Accept-Encoding', 'X-Content-Type-Options': 'nosniff', 'X-Dns-Prefetch-Control': 'off', 'X-Download-Options': 'noopen', 'X-Frame-Options': 'SAMEORIGIN', 'X-Permitted-Cross-Domain-Policies': 'none', 'X-Robots-Tag': 'noindex', 'X-Vercel-Cache': 'BYPASS', 'X-Vercel-Id': 'gru1::iad1::gn6pj-1751565318380-333471e66435', 'X-Xss-Protection': '0'} 
 body={"success":true,"data":{"_id":"685c2d5cf34317e7520c4283","name":"Updated User Name","email":"user@example.com","role":"user"}} 
 </msg>
<msg time="2025-07-03T14:55:18.759505" level="INFO">${response} = &lt;Response [200]&gt;</msg>
<var>${response}</var>
<arg>${BASE_API_URL}${AUTH_ME_ENDPOINT}</arg>
<arg>headers=${headers}</arg>
<arg>expected_status=any</arg>
<doc>Sends a GET request.</doc>
<status status="PASS" start="2025-07-03T14:55:18.309142" elapsed="0.450380"/>
</kw>
<return>
<value>${response}</value>
<status status="PASS" start="2025-07-03T14:55:18.759567" elapsed="0.000028"/>
</return>
<msg time="2025-07-03T14:55:18.759680" level="INFO">${response} = &lt;Response [200]&gt;</msg>
<var>${response}</var>
<arg>${token}</arg>
<status status="PASS" start="2025-07-03T14:55:18.308531" elapsed="0.451164"/>
</kw>
<return>
<value>${response}</value>
<status status="PASS" start="2025-07-03T14:55:18.759722" elapsed="0.000013"/>
</return>
<msg time="2025-07-03T14:55:18.759797" level="INFO">${response} = &lt;Response [200]&gt;</msg>
<var>${response}</var>
<arg>${token}</arg>
<status status="PASS" start="2025-07-03T14:55:18.308216" elapsed="0.451595"/>
</kw>
<kw name="Should Be Equal As Strings" owner="BuiltIn">
<msg time="2025-07-03T14:55:18.760299" level="INFO">Argument types are:
&lt;class 'int'&gt;
&lt;class 'str'&gt;</msg>
<arg>${response.status_code}</arg>
<arg>200</arg>
<doc>Fails if objects are unequal after converting them to strings.</doc>
<status status="PASS" start="2025-07-03T14:55:18.759893" elapsed="0.000442"/>
</kw>
<kw name="Dictionary Should Contain Key" owner="Collections">
<arg>${response.json()['data']}</arg>
<arg>email</arg>
<doc>Fails if ``key`` is not found from ``dictionary``.</doc>
<status status="PASS" start="2025-07-03T14:55:18.760411" elapsed="0.000364"/>
</kw>
<kw name="Should Be Equal As Strings" owner="BuiltIn">
<arg>${response.json()['data']['email']}</arg>
<arg>${USER_EMAIL}</arg>
<doc>Fails if objects are unequal after converting them to strings.</doc>
<status status="PASS" start="2025-07-03T14:55:18.760849" elapsed="0.000330"/>
</kw>
<tag>AUTH-005</tag>
<status status="PASS" start="2025-07-03T14:55:17.768737" elapsed="0.992511"/>
</test>
<test id="s1-s1-t6" name="Obter Perfil Do Usuário Sem Token Deve Falhar" line="52">
<kw name="Get User Profile" owner="auth">
<kw name="Obter Perfil Do Usuario" owner="auth">
<kw name="Create Dictionary" owner="BuiltIn">
<msg time="2025-07-03T14:55:18.762261" level="INFO">${headers} = {'Content-Type': 'application/json', 'Authorization': 'Bearer invalidtoken'}</msg>
<var>${headers}</var>
<arg>Content-Type=application/json</arg>
<arg>Authorization=Bearer ${token}</arg>
<doc>Creates and returns a dictionary based on the given ``items``.</doc>
<status status="PASS" start="2025-07-03T14:55:18.762027" elapsed="0.000266"/>
</kw>
<kw name="GET" owner="RequestsLibrary">
<msg time="2025-07-03T14:55:19.085738" level="INFO">GET Request : url=https://challenge-pb-back-n9wmjthu8-marcosdev03s-projects.vercel.app/api/v1/auth/me 
 path_url=/api/v1/auth/me 
 headers={'User-Agent': 'python-requests/2.32.4', 'Accept-Encoding': 'gzip, deflate', 'Accept': '*/*', 'Connection': 'keep-alive', 'Content-Type': 'application/json', 'Authorization': 'Bearer invalidtoken'} 
 body=None 
 </msg>
<msg time="2025-07-03T14:55:19.085821" level="INFO">GET Response : url=https://challenge-pb-back-n9wmjthu8-marcosdev03s-projects.vercel.app/api/v1/auth/me 
 status=401, reason=Unauthorized 
 headers={'Access-Control-Allow-Origin': '*', 'Cache-Control': 'public, max-age=0, must-revalidate', 'Content-Length': '65', 'Content-Type': 'application/json; charset=utf-8', 'Cross-Origin-Opener-Policy': 'same-origin', 'Cross-Origin-Resource-Policy': 'same-origin', 'Date': 'Thu, 03 Jul 2025 17:55:19 GMT', 'Etag': 'W/"41-TJq3LYiwj1On+7IZ17oLU5tM1Zs"', 'Origin-Agent-Cluster': '?1', 'Referrer-Policy': 'no-referrer', 'Server': 'Vercel', 'Strict-Transport-Security': 'max-age=31536000; includeSubDomains', 'Vary': 'Accept-Encoding', 'X-Content-Type-Options': 'nosniff', 'X-Dns-Prefetch-Control': 'off', 'X-Download-Options': 'noopen', 'X-Frame-Options': 'SAMEORIGIN', 'X-Permitted-Cross-Domain-Policies': 'none', 'X-Robots-Tag': 'noindex', 'X-Vercel-Cache': 'BYPASS', 'X-Vercel-Id': 'gru1::iad1::ws7kw-1751565318956-ab8ebe763ea8', 'X-Xss-Protection': '0'} 
 body={"success":false,"message":"Not authorized to access this route"} 
 </msg>
<msg time="2025-07-03T14:55:19.085991" level="INFO">${response} = &lt;Response [401]&gt;</msg>
<var>${response}</var>
<arg>${BASE_API_URL}${AUTH_ME_ENDPOINT}</arg>
<arg>headers=${headers}</arg>
<arg>expected_status=any</arg>
<doc>Sends a GET request.</doc>
<status status="PASS" start="2025-07-03T14:55:18.762403" elapsed="0.323613"/>
</kw>
<return>
<value>${response}</value>
<status status="PASS" start="2025-07-03T14:55:19.086078" elapsed="0.000039"/>
</return>
<msg time="2025-07-03T14:55:19.086233" level="INFO">${response} = &lt;Response [401]&gt;</msg>
<var>${response}</var>
<arg>${token}</arg>
<status status="PASS" start="2025-07-03T14:55:18.761804" elapsed="0.324449"/>
</kw>
<return>
<value>${response}</value>
<status status="PASS" start="2025-07-03T14:55:19.086289" elapsed="0.000019"/>
</return>
<msg time="2025-07-03T14:55:19.086398" level="INFO">${response} = &lt;Response [401]&gt;</msg>
<var>${response}</var>
<arg>invalidtoken</arg>
<status status="PASS" start="2025-07-03T14:55:18.761622" elapsed="0.324795"/>
</kw>
<kw name="Should Be Equal As Strings" owner="BuiltIn">
<msg time="2025-07-03T14:55:19.087077" level="INFO">Argument types are:
&lt;class 'int'&gt;
&lt;class 'str'&gt;</msg>
<arg>${response.status_code}</arg>
<arg>401</arg>
<doc>Fails if objects are unequal after converting them to strings.</doc>
<status status="PASS" start="2025-07-03T14:55:19.086528" elapsed="0.000595"/>
</kw>
<tag>AUTH-006</tag>
<status status="PASS" start="2025-07-03T14:55:18.761367" elapsed="0.325848"/>
</test>
<test id="s1-s1-t7" name="Atualizar Perfil Com Nome E Senha Deve Ter Sucesso" line="57">
<kw name="Login User" owner="auth">
<kw name="Fazer Login Do Usuario" owner="auth">
<kw name="Create Dictionary" owner="BuiltIn">
<msg time="2025-07-03T14:55:19.089160" level="INFO">${headers} = {'Content-Type': 'application/json'}</msg>
<var>${headers}</var>
<arg>Content-Type=application/json</arg>
<doc>Creates and returns a dictionary based on the given ``items``.</doc>
<status status="PASS" start="2025-07-03T14:55:19.088959" elapsed="0.000245"/>
</kw>
<kw name="Create Dictionary" owner="BuiltIn">
<msg time="2025-07-03T14:55:19.089579" level="INFO">${body} = {'email': 'user@example.com', 'password': 'password123'}</msg>
<var>${body}</var>
<arg>email=${email}</arg>
<arg>password=${senha}</arg>
<doc>Creates and returns a dictionary based on the given ``items``.</doc>
<status status="PASS" start="2025-07-03T14:55:19.089335" elapsed="0.000272"/>
</kw>
<kw name="POST" owner="RequestsLibrary">
<msg time="2025-07-03T14:55:19.497374" level="INFO">POST Request : url=https://challenge-pb-back-n9wmjthu8-marcosdev03s-projects.vercel.app/api/v1/auth/login 
 path_url=/api/v1/auth/login 
 headers={'User-Agent': 'python-requests/2.32.4', 'Accept-Encoding': 'gzip, deflate', 'Accept': '*/*', 'Connection': 'keep-alive', 'Content-Type': 'application/json', 'Content-Length': '56'} 
 body=b'{"email": "user@example.com", "password": "password123"}' 
 </msg>
<msg time="2025-07-03T14:55:19.497451" level="INFO">POST Response : url=https://challenge-pb-back-n9wmjthu8-marcosdev03s-projects.vercel.app/api/v1/auth/login 
 status=200, reason=OK 
 headers={'Access-Control-Allow-Origin': '*', 'Cache-Control': 'public, max-age=0, must-revalidate', 'Content-Length': '308', 'Content-Type': 'application/json; charset=utf-8', 'Cross-Origin-Opener-Policy': 'same-origin', 'Cross-Origin-Resource-Policy': 'same-origin', 'Date': 'Thu, 03 Jul 2025 17:55:19 GMT', 'Etag': 'W/"134-u0/MMf7Wv7T20fsiZQQACeol3zU"', 'Origin-Agent-Cluster': '?1', 'Referrer-Policy': 'no-referrer', 'Server': 'Vercel', 'Strict-Transport-Security': 'max-age=31536000; includeSubDomains', 'Vary': 'Accept-Encoding', 'X-Content-Type-Options': 'nosniff', 'X-Dns-Prefetch-Control': 'off', 'X-Download-Options': 'noopen', 'X-Frame-Options': 'SAMEORIGIN', 'X-Permitted-Cross-Domain-Policies': 'none', 'X-Robots-Tag': 'noindex', 'X-Vercel-Cache': 'MISS', 'X-Vercel-Id': 'gru1::iad1::tvwlj-1751565319157-ef8de591070e', 'X-Xss-Protection': '0'} 
 body={"success":true,"data":{"_id":"685c2d5cf34317e7520c4283","name":"Updated User Name","email":"user@example.com","role":"user","token":"eyJhbGciOiJIUzI1NiIsInR5cCI6IkpXVCJ9.eyJpZCI6IjY4NWMyZDVjZjM0MzE3ZTc1MjBjNDI4MyIsImlhdCI6MTc1MTU2NTMxOSwiZXhwIjoxNzUxNjUxNzE5fQ.tDy2wnLqpBrOBLLeVs-wW4oHuNHQNxC72bTKqXOMZyQ"}} 
 </msg>
<msg time="2025-07-03T14:55:19.497676" level="INFO">${response} = &lt;Response [200]&gt;</msg>
<var>${response}</var>
<arg>${BASE_API_URL}${AUTH_LOGIN_ENDPOINT}</arg>
<arg>json=${body}</arg>
<arg>headers=${headers}</arg>
<arg>expected_status=any</arg>
<doc>Sends a POST request.</doc>
<status status="PASS" start="2025-07-03T14:55:19.089710" elapsed="0.407986"/>
</kw>
<return>
<value>${response}</value>
<status status="PASS" start="2025-07-03T14:55:19.497757" elapsed="0.000037"/>
</return>
<msg time="2025-07-03T14:55:19.497942" level="INFO">${response} = &lt;Response [200]&gt;</msg>
<var>${response}</var>
<arg>${email}</arg>
<arg>${password}</arg>
<status status="PASS" start="2025-07-03T14:55:19.088610" elapsed="0.409356"/>
</kw>
<return>
<value>${response}</value>
<status status="PASS" start="2025-07-03T14:55:19.498022" elapsed="0.000029"/>
</return>
<msg time="2025-07-03T14:55:19.498156" level="INFO">${login_response} = &lt;Response [200]&gt;</msg>
<var>${login_response}</var>
<arg>${USER_EMAIL}</arg>
<arg>${USER_PASSWORD}</arg>
<status status="PASS" start="2025-07-03T14:55:19.088093" elapsed="0.410083"/>
</kw>
<kw name="Should Be Equal As Strings" owner="BuiltIn">
<msg time="2025-07-03T14:55:19.498768" level="INFO">Argument types are:
&lt;class 'int'&gt;
&lt;class 'str'&gt;</msg>
<arg>${login_response.status_code}</arg>
<arg>200</arg>
<doc>Fails if objects are unequal after converting them to strings.</doc>
<status status="PASS" start="2025-07-03T14:55:19.498287" elapsed="0.000528"/>
</kw>
<kw name="Set Variable" owner="BuiltIn">
<msg time="2025-07-03T14:55:19.499272" level="INFO">${token} = eyJhbGciOiJIUzI1NiIsInR5cCI6IkpXVCJ9.eyJpZCI6IjY4NWMyZDVjZjM0MzE3ZTc1MjBjNDI4MyIsImlhdCI6MTc1MTU2NTMxOSwiZXhwIjoxNzUxNjUxNzE5fQ.tDy2wnLqpBrOBLLeVs-wW4oHuNHQNxC72bTKqXOMZyQ</msg>
<var>${token}</var>
<arg>${login_response.json()['data']['token']}</arg>
<doc>Returns the given values which can then be assigned to a variables.</doc>
<status status="PASS" start="2025-07-03T14:55:19.498913" elapsed="0.000378"/>
</kw>
<kw name="Update User Profile" owner="auth">
<kw name="Atualizar Perfil Do Usuario" owner="auth">
<kw name="Create Dictionary" owner="BuiltIn">
<msg time="2025-07-03T14:55:19.500015" level="INFO">${headers} = {'Content-Type': 'application/json', 'Authorization': 'Bearer eyJhbGciOiJIUzI1NiIsInR5cCI6IkpXVCJ9.eyJpZCI6IjY4NWMyZDVjZjM0MzE3ZTc1MjBjNDI4MyIsImlhdCI6MTc1MTU2NTMxOSwiZXhwIjoxNzUxNjUxNzE5fQ.tDy2wnLqpB...</msg>
<var>${headers}</var>
<arg>Content-Type=application/json</arg>
<arg>Authorization=Bearer ${token}</arg>
<doc>Creates and returns a dictionary based on the given ``items``.</doc>
<status status="PASS" start="2025-07-03T14:55:19.499868" elapsed="0.000165"/>
</kw>
<kw name="Create Dictionary" owner="BuiltIn">
<msg time="2025-07-03T14:55:19.500175" level="INFO">${body} = {}</msg>
<var>${body}</var>
<doc>Creates and returns a dictionary based on the given ``items``.</doc>
<status status="PASS" start="2025-07-03T14:55:19.500100" elapsed="0.000089"/>
</kw>
<kw name="Run Keyword If" owner="BuiltIn">
<kw name="Set To Dictionary" owner="Collections">
<arg>${body}</arg>
<arg>name=${nome}</arg>
<doc>Adds the given ``key_value_pairs`` and/or ``items`` to the ``dictionary``.</doc>
<status status="PASS" start="2025-07-03T14:55:19.500389" elapsed="0.000100"/>
</kw>
<arg>'${nome}' != 'None'</arg>
<arg>Set To Dictionary</arg>
<arg>${body}</arg>
<arg>name=${nome}</arg>
<doc>Runs the given keyword with the given arguments, if ``condition`` is true.</doc>
<status status="PASS" start="2025-07-03T14:55:19.500249" elapsed="0.000272"/>
</kw>
<kw name="Run Keyword If" owner="BuiltIn">
<kw name="Set To Dictionary" owner="Collections">
<arg>${body}</arg>
<arg>password=${senha}</arg>
<doc>Adds the given ``key_value_pairs`` and/or ``items`` to the ``dictionary``.</doc>
<status status="PASS" start="2025-07-03T14:55:19.500720" elapsed="0.000101"/>
</kw>
<arg>'${senha}' != 'None'</arg>
<arg>Set To Dictionary</arg>
<arg>${body}</arg>
<arg>password=${senha}</arg>
<doc>Runs the given keyword with the given arguments, if ``condition`` is true.</doc>
<status status="PASS" start="2025-07-03T14:55:19.500581" elapsed="0.000325"/>
</kw>
<kw name="PUT" owner="RequestsLibrary">
<msg time="2025-07-03T14:55:20.063948" level="INFO">PUT Request : url=https://challenge-pb-back-n9wmjthu8-marcosdev03s-projects.vercel.app/api/v1/auth/profile 
 path_url=/api/v1/auth/profile 
 headers={'User-Agent': 'python-requests/2.32.4', 'Accept-Encoding': 'gzip, deflate', 'Accept': '*/*', 'Connection': 'keep-alive', 'Content-Type': 'application/json', 'Authorization': 'Bearer eyJhbGciOiJIUzI1NiIsInR5cCI6IkpXVCJ9.eyJpZCI6IjY4NWMyZDVjZjM0MzE3ZTc1MjBjNDI4MyIsImlhdCI6MTc1MTU2NTMxOSwiZXhwIjoxNzUxNjUxNzE5fQ.tDy2wnLqpBrOBLLeVs-wW4oHuNHQNxC72bTKqXOMZyQ', 'Content-Length': '50'} 
 body=b'{"name": "New Name", "password": "newpassword123"}' 
 </msg>
<msg time="2025-07-03T14:55:20.064033" level="INFO">PUT Response : url=https://challenge-pb-back-n9wmjthu8-marcosdev03s-projects.vercel.app/api/v1/auth/profile 
 status=200, reason=OK 
 headers={'Access-Control-Allow-Origin': '*', 'Cache-Control': 'public, max-age=0, must-revalidate', 'Content-Length': '341', 'Content-Type': 'application/json; charset=utf-8', 'Cross-Origin-Opener-Policy': 'same-origin', 'Cross-Origin-Resource-Policy': 'same-origin', 'Date': 'Thu, 03 Jul 2025 17:55:20 GMT', 'Etag': 'W/"155-Q+NojvZs75OWn0fvftxIdOKb50U"', 'Origin-Agent-Cluster': '?1', 'Referrer-Policy': 'no-referrer', 'Server': 'Vercel', 'Strict-Transport-Security': 'max-age=31536000; includeSubDomains', 'Vary': 'Accept-Encoding', 'X-Content-Type-Options': 'nosniff', 'X-Dns-Prefetch-Control': 'off', 'X-Download-Options': 'noopen', 'X-Frame-Options': 'SAMEORIGIN', 'X-Permitted-Cross-Domain-Policies': 'none', 'X-Robots-Tag': 'noindex', 'X-Vercel-Cache': 'MISS', 'X-Vercel-Id': 'gru1::iad1::wcvw5-1751565319566-44cc11e842ae', 'X-Xss-Protection': '0'} 
 body={"success":true,"message":"Perfil atualizado com sucesso","data":{"_id":"685c2d5cf34317e7520c4283","name":"New Name","email":"user@example.com","role":"user","token":"eyJhbGciOiJIUzI1NiIsInR5cCI6IkpXVCJ9.eyJpZCI6IjY4NWMyZDVjZjM0MzE3ZTc1MjBjNDI4MyIsImlhdCI6MTc1MTU2NTMyMCwiZXhwIjoxNzUxNjUxNzIwfQ.zyThQKaTVELspx39u5tk15haqO6Avg82opuK9MGsGZU"}} 
 </msg>
<msg time="2025-07-03T14:55:20.064127" level="INFO">${response} = &lt;Response [200]&gt;</msg>
<var>${response}</var>
<arg>${BASE_API_URL}${AUTH_PROFILE_ENDPOINT}</arg>
<arg>json=${body}</arg>
<arg>headers=${headers}</arg>
<arg>expected_status=any</arg>
<doc>Sends a PUT request.</doc>
<status status="PASS" start="2025-07-03T14:55:19.500979" elapsed="0.563166"/>
</kw>
<return>
<value>${response}</value>
<status status="PASS" start="2025-07-03T14:55:20.064197" elapsed="0.000030"/>
</return>
<msg time="2025-07-03T14:55:20.064326" level="INFO">${response} = &lt;Response [200]&gt;</msg>
<var>${response}</var>
<arg>${token}</arg>
<arg>${name}</arg>
<arg>${password}</arg>
<status status="PASS" start="2025-07-03T14:55:19.499662" elapsed="0.564680"/>
</kw>
<return>
<value>${response}</value>
<status status="PASS" start="2025-07-03T14:55:20.064375" elapsed="0.000016"/>
</return>
<msg time="2025-07-03T14:55:20.064459" level="INFO">${response} = &lt;Response [200]&gt;</msg>
<var>${response}</var>
<arg>${token}</arg>
<arg>New Name</arg>
<arg>newpassword123</arg>
<status status="PASS" start="2025-07-03T14:55:19.499411" elapsed="0.565064"/>
</kw>
<kw name="Should Be Equal As Strings" owner="BuiltIn">
<msg time="2025-07-03T14:55:20.064993" level="INFO">Argument types are:
&lt;class 'int'&gt;
&lt;class 'str'&gt;</msg>
<arg>${response.status_code}</arg>
<arg>200</arg>
<doc>Fails if objects are unequal after converting them to strings.</doc>
<status status="PASS" start="2025-07-03T14:55:20.064574" elapsed="0.000462"/>
</kw>
<kw name="Dictionary Should Contain Key" owner="Collections">
<arg>${response.json()['data']}</arg>
<arg>name</arg>
<doc>Fails if ``key`` is not found from ``dictionary``.</doc>
<status status="PASS" start="2025-07-03T14:55:20.065126" elapsed="0.000376"/>
</kw>
<tag>AUTH-007</tag>
<status status="PASS" start="2025-07-03T14:55:19.087464" elapsed="0.978115"/>
</test>
<test id="s1-s1-t8" name="Atualizar Perfil Apenas Com Nome Deve Ter Sucesso" line="69">
<kw name="Login User" owner="auth">
<kw name="Fazer Login Do Usuario" owner="auth">
<kw name="Create Dictionary" owner="BuiltIn">
<msg time="2025-07-03T14:55:20.066974" level="INFO">${headers} = {'Content-Type': 'application/json'}</msg>
<var>${headers}</var>
<arg>Content-Type=application/json</arg>
<doc>Creates and returns a dictionary based on the given ``items``.</doc>
<status status="PASS" start="2025-07-03T14:55:20.066809" elapsed="0.000188"/>
</kw>
<kw name="Create Dictionary" owner="BuiltIn">
<msg time="2025-07-03T14:55:20.067235" level="INFO">${body} = {'email': 'user@example.com', 'password': 'password123'}</msg>
<var>${body}</var>
<arg>email=${email}</arg>
<arg>password=${senha}</arg>
<doc>Creates and returns a dictionary based on the given ``items``.</doc>
<status status="PASS" start="2025-07-03T14:55:20.067079" elapsed="0.000173"/>
</kw>
<kw name="POST" owner="RequestsLibrary">
<msg time="2025-07-03T14:55:20.489520" level="INFO">POST Request : url=https://challenge-pb-back-n9wmjthu8-marcosdev03s-projects.vercel.app/api/v1/auth/login 
 path_url=/api/v1/auth/login 
 headers={'User-Agent': 'python-requests/2.32.4', 'Accept-Encoding': 'gzip, deflate', 'Accept': '*/*', 'Connection': 'keep-alive', 'Content-Type': 'application/json', 'Content-Length': '56'} 
 body=b'{"email": "user@example.com", "password": "password123"}' 
 </msg>
<msg time="2025-07-03T14:55:20.489632" level="INFO">POST Response : url=https://challenge-pb-back-n9wmjthu8-marcosdev03s-projects.vercel.app/api/v1/auth/login 
 status=200, reason=OK 
 headers={'Access-Control-Allow-Origin': '*', 'Cache-Control': 'public, max-age=0, must-revalidate', 'Content-Length': '299', 'Content-Type': 'application/json; charset=utf-8', 'Cross-Origin-Opener-Policy': 'same-origin', 'Cross-Origin-Resource-Policy': 'same-origin', 'Date': 'Thu, 03 Jul 2025 17:55:20 GMT', 'Etag': 'W/"12b-CVdnmzDZB/gftx4yZ601MXSNQMI"', 'Origin-Agent-Cluster': '?1', 'Referrer-Policy': 'no-referrer', 'Server': 'Vercel', 'Strict-Transport-Security': 'max-age=31536000; includeSubDomains', 'Vary': 'Accept-Encoding', 'X-Content-Type-Options': 'nosniff', 'X-Dns-Prefetch-Control': 'off', 'X-Download-Options': 'noopen', 'X-Frame-Options': 'SAMEORIGIN', 'X-Permitted-Cross-Domain-Policies': 'none', 'X-Robots-Tag': 'noindex', 'X-Vercel-Cache': 'MISS', 'X-Vercel-Id': 'gru1::iad1::lgm8g-1751565320141-c575070e89bf', 'X-Xss-Protection': '0'} 
 body={"success":true,"data":{"_id":"685c2d5cf34317e7520c4283","name":"New Name","email":"user@example.com","role":"user","token":"eyJhbGciOiJIUzI1NiIsInR5cCI6IkpXVCJ9.eyJpZCI6IjY4NWMyZDVjZjM0MzE3ZTc1MjBjNDI4MyIsImlhdCI6MTc1MTU2NTMyMCwiZXhwIjoxNzUxNjUxNzIwfQ.zyThQKaTVELspx39u5tk15haqO6Avg82opuK9MGsGZU"}} 
 </msg>
<msg time="2025-07-03T14:55:20.489775" level="INFO">${response} = &lt;Response [200]&gt;</msg>
<var>${response}</var>
<arg>${BASE_API_URL}${AUTH_LOGIN_ENDPOINT}</arg>
<arg>json=${body}</arg>
<arg>headers=${headers}</arg>
<arg>expected_status=any</arg>
<doc>Sends a POST request.</doc>
<status status="PASS" start="2025-07-03T14:55:20.067318" elapsed="0.422484"/>
</kw>
<return>
<value>${response}</value>
<status status="PASS" start="2025-07-03T14:55:20.489880" elapsed="0.000047"/>
</return>
<msg time="2025-07-03T14:55:20.490087" level="INFO">${response} = &lt;Response [200]&gt;</msg>
<var>${response}</var>
<arg>${email}</arg>
<arg>${password}</arg>
<status status="PASS" start="2025-07-03T14:55:20.066510" elapsed="0.423601"/>
</kw>
<return>
<value>${response}</value>
<status status="PASS" start="2025-07-03T14:55:20.490155" elapsed="0.000021"/>
</return>
<msg time="2025-07-03T14:55:20.490275" level="INFO">${login_response} = &lt;Response [200]&gt;</msg>
<var>${login_response}</var>
<arg>${USER_EMAIL}</arg>
<arg>${USER_PASSWORD}</arg>
<status status="PASS" start="2025-07-03T14:55:20.066158" elapsed="0.424138"/>
</kw>
<kw name="Should Be Equal As Strings" owner="BuiltIn">
<msg time="2025-07-03T14:55:20.490997" level="INFO">Argument types are:
&lt;class 'int'&gt;
&lt;class 'str'&gt;</msg>
<arg>${login_response.status_code}</arg>
<arg>200</arg>
<doc>Fails if objects are unequal after converting them to strings.</doc>
<status status="PASS" start="2025-07-03T14:55:20.490486" elapsed="0.000551"/>
</kw>
<kw name="Set Variable" owner="BuiltIn">
<msg time="2025-07-03T14:55:20.491491" level="INFO">${token} = eyJhbGciOiJIUzI1NiIsInR5cCI6IkpXVCJ9.eyJpZCI6IjY4NWMyZDVjZjM0MzE3ZTc1MjBjNDI4MyIsImlhdCI6MTc1MTU2NTMyMCwiZXhwIjoxNzUxNjUxNzIwfQ.zyThQKaTVELspx39u5tk15haqO6Avg82opuK9MGsGZU</msg>
<var>${token}</var>
<arg>${login_response.json()['data']['token']}</arg>
<doc>Returns the given values which can then be assigned to a variables.</doc>
<status status="PASS" start="2025-07-03T14:55:20.491127" elapsed="0.000389"/>
</kw>
<kw name="Update User Profile" owner="auth">
<kw name="Atualizar Perfil Do Usuario" owner="auth">
<kw name="Create Dictionary" owner="BuiltIn">
<msg time="2025-07-03T14:55:20.492237" level="INFO">${headers} = {'Content-Type': 'application/json', 'Authorization': 'Bearer eyJhbGciOiJIUzI1NiIsInR5cCI6IkpXVCJ9.eyJpZCI6IjY4NWMyZDVjZjM0MzE3ZTc1MjBjNDI4MyIsImlhdCI6MTc1MTU2NTMyMCwiZXhwIjoxNzUxNjUxNzIwfQ.zyThQKaTVE...</msg>
<var>${headers}</var>
<arg>Content-Type=application/json</arg>
<arg>Authorization=Bearer ${token}</arg>
<doc>Creates and returns a dictionary based on the given ``items``.</doc>
<status status="PASS" start="2025-07-03T14:55:20.492098" elapsed="0.000157"/>
</kw>
<kw name="Create Dictionary" owner="BuiltIn">
<msg time="2025-07-03T14:55:20.492398" level="INFO">${body} = {}</msg>
<var>${body}</var>
<doc>Creates and returns a dictionary based on the given ``items``.</doc>
<status status="PASS" start="2025-07-03T14:55:20.492323" elapsed="0.000090"/>
</kw>
<kw name="Run Keyword If" owner="BuiltIn">
<kw name="Set To Dictionary" owner="Collections">
<arg>${body}</arg>
<arg>name=${nome}</arg>
<doc>Adds the given ``key_value_pairs`` and/or ``items`` to the ``dictionary``.</doc>
<status status="PASS" start="2025-07-03T14:55:20.492604" elapsed="0.000100"/>
</kw>
<arg>'${nome}' != 'None'</arg>
<arg>Set To Dictionary</arg>
<arg>${body}</arg>
<arg>name=${nome}</arg>
<doc>Runs the given keyword with the given arguments, if ``condition`` is true.</doc>
<status status="PASS" start="2025-07-03T14:55:20.492476" elapsed="0.000260"/>
</kw>
<kw name="Run Keyword If" owner="BuiltIn">
<arg>'${senha}' != 'None'</arg>
<arg>Set To Dictionary</arg>
<arg>${body}</arg>
<arg>password=${senha}</arg>
<doc>Runs the given keyword with the given arguments, if ``condition`` is true.</doc>
<status status="PASS" start="2025-07-03T14:55:20.492797" elapsed="0.000082"/>
</kw>
<kw name="PUT" owner="RequestsLibrary">
<msg time="2025-07-03T14:55:21.038220" level="INFO">PUT Request : url=https://challenge-pb-back-n9wmjthu8-marcosdev03s-projects.vercel.app/api/v1/auth/profile 
 path_url=/api/v1/auth/profile 
 headers={'User-Agent': 'python-requests/2.32.4', 'Accept-Encoding': 'gzip, deflate', 'Accept': '*/*', 'Connection': 'keep-alive', 'Content-Type': 'application/json', 'Authorization': 'Bearer eyJhbGciOiJIUzI1NiIsInR5cCI6IkpXVCJ9.eyJpZCI6IjY4NWMyZDVjZjM0MzE3ZTc1MjBjNDI4MyIsImlhdCI6MTc1MTU2NTMyMCwiZXhwIjoxNzUxNjUxNzIwfQ.zyThQKaTVELspx39u5tk15haqO6Avg82opuK9MGsGZU', 'Content-Length': '29'} 
 body=b'{"name": "Updated Name Only"}' 
 </msg>
<msg time="2025-07-03T14:55:21.038397" level="INFO">PUT Response : url=https://challenge-pb-back-n9wmjthu8-marcosdev03s-projects.vercel.app/api/v1/auth/profile 
 status=200, reason=OK 
 headers={'Access-Control-Allow-Origin': '*', 'Cache-Control': 'public, max-age=0, must-revalidate', 'Content-Length': '350', 'Content-Type': 'application/json; charset=utf-8', 'Cross-Origin-Opener-Policy': 'same-origin', 'Cross-Origin-Resource-Policy': 'same-origin', 'Date': 'Thu, 03 Jul 2025 17:55:20 GMT', 'Etag': 'W/"15e-rZte1j9kJACjhu1gMoLLUTLNZjI"', 'Origin-Agent-Cluster': '?1', 'Referrer-Policy': 'no-referrer', 'Server': 'Vercel', 'Strict-Transport-Security': 'max-age=31536000; includeSubDomains', 'Vary': 'Accept-Encoding', 'X-Content-Type-Options': 'nosniff', 'X-Dns-Prefetch-Control': 'off', 'X-Download-Options': 'noopen', 'X-Frame-Options': 'SAMEORIGIN', 'X-Permitted-Cross-Domain-Policies': 'none', 'X-Robots-Tag': 'noindex', 'X-Vercel-Cache': 'MISS', 'X-Vercel-Id': 'gru1::iad1::m7gxr-1751565320557-345ef8c55b0c', 'X-Xss-Protection': '0'} 
 body={"success":true,"message":"Perfil atualizado com sucesso","data":{"_id":"685c2d5cf34317e7520c4283","name":"Updated Name Only","email":"user@example.com","role":"user","token":"eyJhbGciOiJIUzI1NiIsInR5cCI6IkpXVCJ9.eyJpZCI6IjY4NWMyZDVjZjM0MzE3ZTc1MjBjNDI4MyIsImlhdCI6MTc1MTU2NTMyMCwiZXhwIjoxNzUxNjUxNzIwfQ.zyThQKaTVELspx39u5tk15haqO6Avg82opuK9MGsGZU"}} 
 </msg>
<msg time="2025-07-03T14:55:21.038624" level="INFO">${response} = &lt;Response [200]&gt;</msg>
<var>${response}</var>
<arg>${BASE_API_URL}${AUTH_PROFILE_ENDPOINT}</arg>
<arg>json=${body}</arg>
<arg>headers=${headers}</arg>
<arg>expected_status=any</arg>
<doc>Sends a PUT request.</doc>
<status status="PASS" start="2025-07-03T14:55:20.492950" elapsed="0.545732"/>
</kw>
<return>
<value>${response}</value>
<status status="PASS" start="2025-07-03T14:55:21.038857" elapsed="0.000108"/>
</return>
<msg time="2025-07-03T14:55:21.039324" level="INFO">${response} = &lt;Response [200]&gt;</msg>
<var>${response}</var>
<arg>${token}</arg>
<arg>${name}</arg>
<arg>${password}</arg>
<status status="PASS" start="2025-07-03T14:55:20.491885" elapsed="0.547503"/>
</kw>
<return>
<value>${response}</value>
<status status="PASS" start="2025-07-03T14:55:21.039517" elapsed="0.000067"/>
</return>
<msg time="2025-07-03T14:55:21.039886" level="INFO">${response} = &lt;Response [200]&gt;</msg>
<var>${response}</var>
<arg>${token}</arg>
<arg>Updated Name Only</arg>
<status status="PASS" start="2025-07-03T14:55:20.491647" elapsed="0.548314"/>
</kw>
<kw name="Should Be Equal As Strings" owner="BuiltIn">
<msg time="2025-07-03T14:55:21.041925" level="INFO">Argument types are:
&lt;class 'int'&gt;
&lt;class 'str'&gt;</msg>
<arg>${response.status_code}</arg>
<arg>200</arg>
<doc>Fails if objects are unequal after converting them to strings.</doc>
<status status="PASS" start="2025-07-03T14:55:21.040283" elapsed="0.001807"/>
</kw>
<kw name="Dictionary Should Contain Key" owner="Collections">
<arg>${response.json()['data']}</arg>
<arg>name</arg>
<doc>Fails if ``key`` is not found from ``dictionary``.</doc>
<status status="PASS" start="2025-07-03T14:55:21.042382" elapsed="0.001416"/>
</kw>
<tag>AUTH-008</tag>
<status status="PASS" start="2025-07-03T14:55:20.065763" elapsed="0.978302"/>
</test>
<status status="PASS" start="2025-07-03T14:55:11.868226" elapsed="9.176666"/>
</suite>
<suite id="s1-s2" name="Movies Tests" source="/media/marcos/MEU HD/challenge_tecnico_do_pb/tests/api/movies_tests.robot">
<kw name="Create Session" owner="RequestsLibrary" type="SETUP">
<msg time="2025-07-03T14:55:21.057063" level="INFO">Creating Session using : alias=cinema_api, url=https://challenge-pb-back-n9wmjthu8-marcosdev03s-projects.vercel.app/api/v1, headers={},                     cookies={}, auth=None, timeout=None, proxies=None, verify=False,                     debug=0 </msg>
<arg>cinema_api</arg>
<arg>${BASE_API_URL}</arg>
<doc>Create Session: create a HTTP session to a server</doc>
<status status="PASS" start="2025-07-03T14:55:21.056765" elapsed="0.000477"/>
</kw>
<test id="s1-s2-t1" name="Listar Todos Os Filmes Deve Retornar Lista" line="12">
<kw name="Get All Movies" owner="movies">
<kw name="Obter Todos Os Filmes" owner="movies">
<kw name="Create Dictionary" owner="BuiltIn">
<msg time="2025-07-03T14:55:21.058165" level="INFO">${headers} = {'Content-Type': 'application/json'}</msg>
<var>${headers}</var>
<arg>Content-Type=application/json</arg>
<doc>Creates and returns a dictionary based on the given ``items``.</doc>
<status status="PASS" start="2025-07-03T14:55:21.058026" elapsed="0.000162"/>
</kw>
<kw name="GET" owner="RequestsLibrary">
<msg time="2025-07-03T14:55:21.507332" level="INFO">GET Request : url=https://challenge-pb-back-n9wmjthu8-marcosdev03s-projects.vercel.app/api/v1/movies 
 path_url=/api/v1/movies 
 headers={'User-Agent': 'python-requests/2.32.4', 'Accept-Encoding': 'gzip, deflate', 'Accept': '*/*', 'Connection': 'keep-alive', 'Content-Type': 'application/json'} 
 body=None 
 </msg>
<msg time="2025-07-03T14:55:21.507566" level="INFO">GET Response : url=https://challenge-pb-back-n9wmjthu8-marcosdev03s-projects.vercel.app/api/v1/movies 
 status=200, reason=OK 
 headers={'Access-Control-Allow-Origin': '*', 'Age': '0', 'Cache-Control': 'public, max-age=0, must-revalidate', 'Content-Encoding': 'gzip', 'Content-Type': 'application/json; charset=utf-8', 'Cross-Origin-Opener-Policy': 'same-origin', 'Cross-Origin-Resource-Policy': 'same-origin', 'Date': 'Thu, 03 Jul 2025 17:55:21 GMT', 'Etag': 'W/"b34-pWTxan0FxqfmgQ803YJl8+so54Q"', 'Origin-Agent-Cluster': '?1', 'Referrer-Policy': 'no-referrer', 'Server': 'Vercel', 'Strict-Transport-Security': 'max-age=31536000; includeSubDomains', 'Vary': 'Accept-Encoding', 'X-Content-Type-Options': 'nosniff', 'X-Dns-Prefetch-Control': 'off', 'X-Download-Options': 'noopen', 'X-Frame-Options': 'SAMEORIGIN', 'X-Permitted-Cross-Domain-Policies': 'none', 'X-Robots-Tag': 'noindex', 'X-Vercel-Cache': 'MISS', 'X-Vercel-Id': 'gru1::iad1::l42q2-1751565321128-b6cb1470c9fe', 'X-Xss-Protection': '0', 'Transfer-Encoding': 'chunked'} 
 body={"success":true,"count":10,"pagination":{"next":{"page":2,"limit":10}},"data":[{"_id":"68653f912cce0db298137926","title":"A Vingança do Postman 481","synopsis":"Um testador de API busca a requisição perfeita para validar um endpoint complexo.","director":"Marcos Dev","genres":["Ação","Suspense"],"duration":135,"classification":"16","poster":"https://exemplo.com/poster.jpg","releaseDate":"2025-06-24T00:00:00.000Z","id":"68653f912cce0db298137926"},{"_id":"6866acae4a338bdb6c0983f4","title":"Novo Filme Teste","synopsis":"Sinopse do filme","director":"Diretor Teste","genres":[],"duration":120,"classification":"PG-13","poster":"no-image.jpg","releaseDate":"2024-12-31T00:00:00.000Z","id":"6866acae4a338bdb6c0983f4"},{"_id":"6866a682912216f5d9ccf645","title":"Novo Filme Teste","synopsis":"Sinopse do filme","director":"Diretor Teste","genres":[],"duration":120,"classification":"PG-13","poster":"no-image.jpg","releaseDate":"2024-12-31T00:00:00.000Z","id":"6866a682912216f5d9ccf645"},{"_id":"6866a69c530c037f7c061825","title":"Novo Filme Teste","synopsis":"Sinopse do filme","director":"Diretor Teste","genres":[],"duration":120,"classification":"PG-13","poster":"no-image.jpg","releaseDate":"2024-12-31T00:00:00.000Z","id":"6866a69c530c037f7c061825"},{"_id":"6865a3d8d58bd93874c563c7","title":"Novo Filme Teste","synopsis":"Sinopse do filme","director":"Diretor Teste","genres":[],"duration":120,"classification":"PG-13","poster":"no-image.jpg","releaseDate":"2024-12-31T00:00:00.000Z","id":"6865a3d8d58bd93874c563c7"},{"_id":"686543fdf513d6b482e46ac5","title":"Novo Filme Teste","synopsis":"Sinopse do filme","director":"Diretor Teste","genres":[],"duration":120,"classification":"PG-13","poster":"no-image.jpg","releaseDate":"2024-12-31T00:00:00.000Z","id":"686543fdf513d6b482e46ac5"},{"_id":"6866ae60c31c93d913029c03","title":"Novo Filme Teste","synopsis":"Sinopse do filme","director":"Diretor Teste","genres":[],"duration":120,"classification":"PG-13","poster":"no-image.jpg","releaseDate":"2024-12-31T00:00:00.000Z","id":"6866ae60c31c93d913029c03"},{"_id":"6866acbd4a338bdb6c098427","title":"Novo Filme Teste","synopsis":"Sinopse do filme","director":"Diretor Teste","genres":[],"duration":120,"classification":"PG-13","poster":"no-image.jpg","releaseDate":"2024-12-31T00:00:00.000Z","id":"6866acbd4a338bdb6c098427"},{"_id":"686543eff513d6b482e46ab1","title":"Novo Filme Teste","synopsis":"Sinopse do filme","director":"Diretor Teste","genres":[],"duration":120,"classification":"PG-13","poster":"no-image.jpg","releaseDate":"2024-12-31T00:00:00.000Z","id":"686543eff513d6b482e46ab1"},{"_id":"6865517211c3a7a45461c9f1","title":"Novo Filme Teste","synopsis":"Sinopse do filme","director":"Diretor Teste","genres":[],"duration":120,"classification":"PG-13","poster":"no-image.jpg","releaseDate":"2024-12-31T00:00:00.000Z","id":"6865517211c3a7a45461c9f1"}]} 
 </msg>
<msg time="2025-07-03T14:55:21.507813" level="INFO">${response} = &lt;Response [200]&gt;</msg>
<var>${response}</var>
<arg>${BASE_API_URL}${MOVIES_ENDPOINT}</arg>
<arg>headers=${headers}</arg>
<arg>expected_status=any</arg>
<doc>Sends a GET request.</doc>
<status status="PASS" start="2025-07-03T14:55:21.058269" elapsed="0.449589"/>
</kw>
<return>
<value>${response}</value>
<status status="PASS" start="2025-07-03T14:55:21.507991" elapsed="0.000069"/>
</return>
<msg time="2025-07-03T14:55:21.508310" level="INFO">${response} = &lt;Response [200]&gt;</msg>
<var>${response}</var>
<status status="PASS" start="2025-07-03T14:55:21.057870" elapsed="0.450482"/>
</kw>
<return>
<value>${response}</value>
<status status="PASS" start="2025-07-03T14:55:21.508421" elapsed="0.000042"/>
</return>
<msg time="2025-07-03T14:55:21.508646" level="INFO">${response} = &lt;Response [200]&gt;</msg>
<var>${response}</var>
<status status="PASS" start="2025-07-03T14:55:21.057703" elapsed="0.450982"/>
</kw>
<kw name="Should Be Equal As Strings" owner="BuiltIn">
<msg time="2025-07-03T14:55:21.509827" level="INFO">Argument types are:
&lt;class 'int'&gt;
&lt;class 'str'&gt;</msg>
<arg>${response.status_code}</arg>
<arg>200</arg>
<doc>Fails if objects are unequal after converting them to strings.</doc>
<status status="PASS" start="2025-07-03T14:55:21.508879" elapsed="0.001046"/>
</kw>
<kw name="Should Not Be Empty" owner="BuiltIn">
<msg time="2025-07-03T14:55:21.512340" level="INFO">Length is 4.</msg>
<arg>${response.json()}</arg>
<doc>Verifies that the given item is not empty.</doc>
<status status="PASS" start="2025-07-03T14:55:21.510139" elapsed="0.002300"/>
</kw>
<tag>MOV-001</tag>
<status status="PASS" start="2025-07-03T14:55:21.057326" elapsed="0.455291"/>
</test>
<test id="s1-s2-t2" name="Obter Filme Por ID Deve Retornar Detalhes" line="18">
<kw name="Get Movie By ID" owner="movies">
<kw name="Obter Filme Por ID" owner="movies">
<kw name="Create Dictionary" owner="BuiltIn">
<msg time="2025-07-03T14:55:21.514782" level="INFO">${headers} = {'Content-Type': 'application/json'}</msg>
<var>${headers}</var>
<arg>Content-Type=application/json</arg>
<doc>Creates and returns a dictionary based on the given ``items``.</doc>
<status status="PASS" start="2025-07-03T14:55:21.514487" elapsed="0.000343"/>
</kw>
<kw name="Replace String" owner="String">
<msg time="2025-07-03T14:55:21.515383" level="INFO">${url} = /movies/1</msg>
<var>${url}</var>
<arg>${MOVIES_ID_ENDPOINT}</arg>
<arg>{id}</arg>
<arg>${id_filme}</arg>
<doc>Replaces ``search_for`` in the given ``string`` with ``replace_with``.</doc>
<status status="PASS" start="2025-07-03T14:55:21.515023" elapsed="0.000408"/>
</kw>
<kw name="GET" owner="RequestsLibrary">
<msg time="2025-07-03T14:55:22.861344" level="INFO">GET Request : url=https://challenge-pb-back-n9wmjthu8-marcosdev03s-projects.vercel.app/api/v1/movies/1 
 path_url=/api/v1/movies/1 
 headers={'User-Agent': 'python-requests/2.32.4', 'Accept-Encoding': 'gzip, deflate', 'Accept': '*/*', 'Connection': 'keep-alive', 'Content-Type': 'application/json'} 
 body=None 
 </msg>
<msg time="2025-07-03T14:55:22.861456" level="INFO">GET Response : url=https://challenge-pb-back-n9wmjthu8-marcosdev03s-projects.vercel.app/api/v1/movies/1 
 status=200, reason=OK 
 headers={'Access-Control-Allow-Origin': '*', 'Age': '0', 'Cache-Control': 'public, max-age=0, must-revalidate', 'Content-Encoding': 'gzip', 'Content-Type': 'application/json; charset=utf-8', 'Cross-Origin-Opener-Policy': 'same-origin', 'Cross-Origin-Resource-Policy': 'same-origin', 'Date': 'Thu, 03 Jul 2025 17:55:22 GMT', 'Etag': 'W/"4d9c8-LUA+4Bb+6YQDsON/eIPxNneczHU"', 'Origin-Agent-Cluster': '?1', 'Referrer-Policy': 'no-referrer', 'Server': 'Vercel', 'Strict-Transport-Security': 'max-age=31536000; includeSubDomains', 'Vary': 'Accept-Encoding', 'X-Content-Type-Options': 'nosniff', 'X-Dns-Prefetch-Control': 'off', 'X-Download-Options': 'noopen', 'X-Frame-Options': 'SAMEORIGIN', 'X-Permitted-Cross-Domain-Policies': 'none', 'X-Robots-Tag': 'noindex', 'X-Vercel-Cache': 'MISS', 'X-Vercel-Id': 'gru1::iad1::znptc-1751565321582-e446a0bbe29f', 'X-Xss-Protection': '0', 'Transfer-Encoding': 'chunked'} 
 body={"success":true,"data":{"_id":"685c2d5cf34317e7520c4285","customId":"1","title":"Inception","synopsis":"A thief who enters the dreams of others to steal their secrets.","director":"Christopher Nolan","genres":["Science Fiction","Action"],"duration":148,"classification":"PG-13","poster":"inception.jpg","releaseDate":"2010-07-16T00:00:00.000Z","createdAt":"2025-06-25T17:09:48.330Z","__v":0,"updatedAt":"2025-06-25T17:09:48.331Z","sessions":[{"_id":"685c2d5cf34317e7520c42a4","movie":"685c2d5cf34317e7520c4285","theater":"685c2d5cf34317e7520c4289","datetime":"2025-06-26T17:00:00.000Z","fullPrice":15,"halfPrice":7.5,"seats":[{"row":"A","number":1,"status":"available"},{"row":"A","number":2,"status":"available"},{"row":"A","number":3,"status":"available"},{"row":"A","number":4,"status":"available"},{"row":"A","number":5,"status":"available"},{"row":"A","number":6,"status":"available"},{"row":"A","number":7,"status":"available"},{"row":"A","number":8,"status":"available"},{"row":"A","number":9,"status":"available"},{"row":"A","number":10,"status":"available"},{"row":"A","number":11,"status":"available"},{"row":"A","number":12,"status":"available"},{"row":"A","number":13,"status":"available"},{"row":"A","number":14,"status":"available"},{"row":"A","number":15,"status":"available"},{"row":"B","number":1,"status":"available"},{"row":"B","number":2,"status":"available"},{"row":"B","number":3,"status":"available"},{"row":"B","number":4,"status":"available"},{"row":"B","number":5,"status":"available"},{"row":"B","number":6,"status":"available"},{"row":"B","number":7,"status":"available"},{"row":"B","number":8,"status":"available"},{"row":"B","number":9,"status":"available"},{"row":"B","number":10,"status":"available"},{"row":"B","number":11,"status":"available"},{"row":"B","number":12,"status":"available"},{"row":"B","number":13,"status":"available"},{"row":"B","number":14,"status":"available"},{"row":"B","number":15,"status":"available"},{"row":"C","number":1,"status":"available"},{"row":"C","number":2,"status":"available"},{"row":"C","number":3,"status":"available"},{"row":"C","number":4,"status":"available"},{"row":"C","number":5,"status":"available"},{"row":"C","number":6,"status":"available"},{"row":"C","number":7,"status":"available"},{"row":"C","number":8,"status":"available"},{"row":"C","number":9,"status":"available"},{"row":"C","number":10,"status":"available"},{"row":"C","number":11,"status":"available"},{"row":"C","number":12,"status":"available"},{"row":"C","number":13,"status":"available"},{"row":"C","number":14,"status":"available"},{"row":"C","number":15,"status":"available"},{"row":"D","number":1,"status":"available"},{"row":"D","number":2,"status":"available"},{"row":"D","number":3,"status":"available"},{"row":"D","number":4,"status":"available"},{"row":"D","number":5,"status":"available"},{"row":"D","number":6,"status":"available"},{"row":"D","number":7,"status":"available"},{"row":"D","number":8,"status":"available"},{"row":"D","number":9,"status":"available"},{"row":"D","number":10,"status":"available"},{"row":"D","number":11,"status":"available"},{"row":"D","number":12,"status":"available"},{"row":"D","number":13,"status":"available"},{"row":"D","number":14,"status":"available"},{"row":"D","number":15,"status":"available"},{"row":"E","number":1,"status":"available"},{"row":"E","number":2,"status":"available"},{"row":"E","number":3,"status":"available"},{"row":"E","number":4,"status":"available"},{"row":"E","number":5,"status":"available"},{"row":"E","number":6,"status":"available"},{"row":"E","number":7,"status":"available"},{"row":"E","number":8,"status":"available"},{"row":"E","number":9,"status":"available"},{"row":"E","number":10,"status":"available"},{"row":"E","number":11,"status":"available"},{"row":"E","number":12,"status":"available"},{"row":"E","number":13,"status":"available"},{"row":"E","number":14,"status":"available"},{"row":"E","number":15,"status":"available"},{"row":"F","number":1,"status":"available"},{"row":"F","number":2,"status":"available"},{"row":"F","number":3,"status":"available"},{"row":"F","number":4,"status":"available"},{"row":"F","number":5,"status":"available"},{"row":"F","number":6,"status":"available"},{"row":"F","number":7,"status":"available"},{"row":"F","number":8,"status":"available"},{"row":"F","number":9,"status":"available"},{"row":"F","number":10,"status":"available"},{"row":"F","number":11,"status":"available"},{"row":"F","number":12,"status":"available"},{"row":"F","number":13,"status":"available"},{"row":"F","number":14,"status":"available"},{"row":"F","number":15,"status":"available"},{"row":"G","number":1,"status":"available"},{"row":"G","number":2,"status":"available"},{"row":"G","number":3,"status":"available"},{"row":"G","number":4,"status":"available"},{"row":"G","number":5,"status":"available"},{"row":"G","number":6,"status":"available"},{"row":"G","number":7,"status":"available"},{"row":"G","number":8,"status":"available"},{"row":"G","number":9,"status":"available"},{"row":"G","number":10,"status":"available"},{"row":"G","number":11,"status":"available"},{"row":"G","number":12,"status":"available"},{"row":"G","number":13,"status":"available"},{"row":"G","number":14,"status":"available"},{"row":"G","number":15,"status":"available"},{"row":"H","number":1,"status":"available"},{"row":"H","number":2,"status":"available"},{"row":"H","number":3,"status":"available"},{"row":"H","number":4,"status":"available"},{"row":"H","number":5,"status":"available"},{"row":"H","number":6,"status":"available"},{"row":"H","number":7,"status":"available"},{"row":"H","number":8,"status":"available"},{"row":"H","number":9,"status":"available"},{"row":"H","number":10,"status":"available"},{"row":"H","number":11,"status":"available"},{"row":"H","number":12,"status":"available"},{"row":"H","number":13,"status":"available"},{"row":"H","number":14,"status":"available"},{"row":"H","number":15,"status":"available"}],"createdAt":"2025-06-25T17:09:48.482Z","__v":0,"updatedAt":"2025-06-25T17:09:48.907Z","id":"685c2d5cf34317e7520c42a4"},{"_id":"685c2d5cf34317e7520c42a5","movie":"685c2d5cf34317e7520c4285","theater":"685c2d5cf34317e7520c4289","datetime":"2025-06-26T21:00:00.000Z","fullPrice":15,"halfPrice":7.5,"seats":[{"row":"A","number":1,"status":"available"},{"row":"A","number":2,"status":"available"},{"row":"A","number":3,"status":"available"},{"row":"A","number":4,"status":"available"},{"row":"A","number":5,"status":"available"},{"row":"A","number":6,"status":"available"},{"row":"A","number":7,"status":"available"},{"row":"A","number":8,"status":"available"},{"row":"A","number":9,"status":"available"},{"row":"A","number":10,"status":"available"},{"row":"A","number":11,"status":"available"},{"row":"A","number":12,"status":"available"},{"row":"A","number":13,"status":"available"},{"row":"A","number":14,"status":"available"},{"row":"A","number":15,"status":"available"},{"row":"B","number":1,"status":"available"},{"row":"B","number":2,"status":"available"},{"row":"B","number":3,"status":"available"},{"row":"B","number":4,"status":"available"},{"row":"B","number":5,"status":"available"},{"row":"B","number":6,"status":"available"},{"row":"B","number":7,"status":"available"},{"row":"B","number":8,"status":"available"},{"row":"B","number":9,"status":"available"},{"row":"B","number":10,"status":"available"},{"row":"B","number":11,"status":"available"},{"row":"B","number":12,"status":"available"},{"row":"B","number":13,"status":"available"},{"row":"B","number":14,"status":"available"},{"row":"B","number":15,"status":"available"},{"row":"C","number":1,"status":"available"},{"row":"C","number":2,"status":"available"},{"row":"C","number":3,"status":"available"},{"row":"C","number":4,"status":"available"},{"row":"C","number":5,"status":"available"},{"row":"C","number":6,"status":"available"},{"row":"C","number":7,"status":"available"},{"row":"C","number":8,"status":"available"},{"row":"C","number":9,"status":"available"},{"row":"C","number":10,"status":"available"},{"row":"C","number":11,"status":"available"},{"row":"C","number":12,"status":"available"},{"row":"C","number":13,"status":"available"},{"row":"C","number":14,"status":"available"},{"row":"C","number":15,"status":"available"},{"row":"D","number":1,"status":"available"},{"row":"D","number":2,"status":"available"},{"row":"D","number":3,"status":"available"},{"row":"D","number":4,"status":"available"},{"row":"D","number":5,"status":"available"},{"row":"D","number":6,"status":"available"},{"row":"D","number":7,"status":"available"},{"row":"D","number":8,"status":"available"},{"row":"D","number":9,"status":"available"},{"row":"D","number":10,"status":"available"},{"row":"D","number":11,"status":"available"},{"row":"D","number":12,"status":"available"},{"row":"D","number":13,"status":"available"},{"row":"D","number":14,"status":"available"},{"row":"D","number":15,"status":"available"},{"row":"E","number":1,"status":"available"},{"row":"E","number":2,"status":"available"},{"row":"E","number":3,"status":"available"},{"row":"E","number":4,"status":"available"},{"row":"E","number":5,"status":"available"},{"row":"E","number":6,"status":"available"},{"row":"E","number":7,"status":"available"},{"row":"E","number":8,"status":"available"},{"row":"E","number":9,"status":"available"},{"row":"E","number":10,"status":"available"},{"row":"E","number":11,"status":"available"},{"row":"E","number":12,"status":"available"},{"row":"E","number":13,"status":"available"},{"row":"E","number":14,"status":"available"},{"row":"E","number":15,"status":"available"},{"row":"F","number":1,"status":"available"},{"row":"F","number":2,"status":"available"},{"row":"F","number":3,"status":"available"},{"row":"F","number":4,"status":"available"},{"row":"F","number":5,"status":"available"},{"row":"F","number":6,"status":"available"},{"row":"F","number":7,"status":"available"},{"row":"F","number":8,"status":"available"},{"row":"F","number":9,"status":"available"},{"row":"F","numb... (set the log level to DEBUG or TRACE to see the full content) 
 </msg>
<msg time="2025-07-03T14:55:22.861678" level="INFO">${response} = &lt;Response [200]&gt;</msg>
<var>${response}</var>
<arg>${BASE_API_URL}${url}</arg>
<arg>headers=${headers}</arg>
<arg>expected_status=any</arg>
<doc>Sends a GET request.</doc>
<status status="PASS" start="2025-07-03T14:55:21.515630" elapsed="1.346074"/>
</kw>
<return>
<value>${response}</value>
<status status="PASS" start="2025-07-03T14:55:22.861770" elapsed="0.000046"/>
</return>
<msg time="2025-07-03T14:55:22.861955" level="INFO">${response} = &lt;Response [200]&gt;</msg>
<var>${response}</var>
<arg>${movie_id}</arg>
<status status="PASS" start="2025-07-03T14:55:21.513983" elapsed="1.347992"/>
</kw>
<return>
<value>${response}</value>
<status status="PASS" start="2025-07-03T14:55:22.862010" elapsed="0.000017"/>
</return>
<msg time="2025-07-03T14:55:22.862103" level="INFO">${response} = &lt;Response [200]&gt;</msg>
<var>${response}</var>
<arg>1</arg>
<status status="PASS" start="2025-07-03T14:55:21.513508" elapsed="1.348611"/>
</kw>
<kw name="Should Be Equal As Strings" owner="BuiltIn">
<msg time="2025-07-03T14:55:22.862781" level="INFO">Argument types are:
&lt;class 'int'&gt;
&lt;class 'str'&gt;</msg>
<arg>${response.status_code}</arg>
<arg>200</arg>
<doc>Fails if objects are unequal after converting them to strings.</doc>
<status status="PASS" start="2025-07-03T14:55:22.862240" elapsed="0.000643"/>
</kw>
<kw name="Dictionary Should Contain Key" owner="Collections">
<arg>${response.json()['data']}</arg>
<arg>title</arg>
<doc>Fails if ``key`` is not found from ``dictionary``.</doc>
<status status="PASS" start="2025-07-03T14:55:22.863069" elapsed="0.005698"/>
</kw>
<tag>MOV-002</tag>
<status status="PASS" start="2025-07-03T14:55:21.512899" elapsed="1.355984"/>
</test>
<test id="s1-s2-t3" name="Tentar Obter Filme Inexistente Deve Retornar Erro" line="24">
<kw name="Get Movie By ID" owner="movies">
<kw name="Obter Filme Por ID" owner="movies">
<kw name="Create Dictionary" owner="BuiltIn">
<msg time="2025-07-03T14:55:22.869801" level="INFO">${headers} = {'Content-Type': 'application/json'}</msg>
<var>${headers}</var>
<arg>Content-Type=application/json</arg>
<doc>Creates and returns a dictionary based on the given ``items``.</doc>
<status status="PASS" start="2025-07-03T14:55:22.869666" elapsed="0.000161"/>
</kw>
<kw name="Replace String" owner="String">
<msg time="2025-07-03T14:55:22.870133" level="INFO">${url} = /movies/999999</msg>
<var>${url}</var>
<arg>${MOVIES_ID_ENDPOINT}</arg>
<arg>{id}</arg>
<arg>${id_filme}</arg>
<doc>Replaces ``search_for`` in the given ``string`` with ``replace_with``.</doc>
<status status="PASS" start="2025-07-03T14:55:22.869938" elapsed="0.000221"/>
</kw>
<kw name="GET" owner="RequestsLibrary">
<msg time="2025-07-03T14:55:23.195956" level="INFO">GET Request : url=https://challenge-pb-back-n9wmjthu8-marcosdev03s-projects.vercel.app/api/v1/movies/999999 
 path_url=/api/v1/movies/999999 
 headers={'User-Agent': 'python-requests/2.32.4', 'Accept-Encoding': 'gzip, deflate', 'Accept': '*/*', 'Connection': 'keep-alive', 'Content-Type': 'application/json'} 
 body=None 
 </msg>
[...]
</kw>
<kw name="Should Be Equal As Strings" owner="BuiltIn">
<arg>${response.status_code}</arg>
<arg>403</arg>
<doc>Fails if objects are unequal after converting them to strings.</doc>
<status status="NOT RUN" start="2025-07-03T14:55:36.628508" elapsed="0.000012"/>
</kw>
<tag>RES-005</tag>
<status status="FAIL" start="2025-07-03T14:55:34.889682" elapsed="1.738924">400 != 201</status>
</test>
<test id="s1-s3-t7" name="Criar Reserva Sem Autenticação Deve Falhar" line="141">
<kw name="Get All Sessions" owner="sessions">
<kw name="Obter Todas As Sessoes" owner="sessions">
<kw name="GET" owner="RequestsLibrary">
<msg time="2025-07-03T14:55:37.411007" level="INFO">GET Request : url=https://challenge-pb-back-n9wmjthu8-marcosdev03s-projects.vercel.app/api/v1/sessions 
 path_url=/api/v1/sessions 
 headers={'User-Agent': 'python-requests/2.32.4', 'Accept-Encoding': 'gzip, deflate', 'Accept': '*/*', 'Connection': 'keep-alive'} 
 body=None 
 </msg>
<msg time="2025-07-03T14:55:37.411122" level="INFO">GET Response : url=https://challenge-pb-back-n9wmjthu8-marcosdev03s-projects.vercel.app/api/v1/sessions 
 status=200, reason=OK 
 headers={'Access-Control-Allow-Origin': '*', 'Age': '0', 'Cache-Control': 'public, max-age=0, must-revalidate', 'Content-Encoding': 'gzip', 'Content-Type': 'application/json; charset=utf-8', 'Cross-Origin-Opener-Policy': 'same-origin', 'Cross-Origin-Resource-Policy': 'same-origin', 'Date': 'Thu, 03 Jul 2025 17:55:37 GMT', 'Etag': 'W/"a099-F7E/I9V7OWWPkvp+Q5btR8kVLhc"', 'Origin-Agent-Cluster': '?1', 'Referrer-Policy': 'no-referrer', 'Server': 'Vercel', 'Strict-Transport-Security': 'max-age=31536000; includeSubDomains', 'Vary': 'Accept-Encoding', 'X-Content-Type-Options': 'nosniff', 'X-Dns-Prefetch-Control': 'off', 'X-Download-Options': 'noopen', 'X-Frame-Options': 'SAMEORIGIN', 'X-Permitted-Cross-Domain-Policies': 'none', 'X-Robots-Tag': 'noindex', 'X-Vercel-Cache': 'MISS', 'X-Vercel-Id': 'gru1::iad1::lz7zm-1751565336692-e3da4b39f1e5', 'X-Xss-Protection': '0', 'Transfer-Encoding': 'chunked'} 
 body={"success":true,"count":10,"pagination":{"next":{"page":2,"limit":10}},"data":[{"_id":"685c2d5cf34317e7520c4298","movie":{"_id":"685c2d5cf34317e7520c4286","title":"The Avengers","duration":143,"poster":"avengers.jpg","id":"685c2d5cf34317e7520c4286"},"theater":null,"datetime":"2025-06-25T17:00:00.000Z","fullPrice":15,"halfPrice":7.5,"seats":[{"row":"A","number":1,"status":"available"},{"row":"A","number":2,"status":"available"},{"row":"A","number":3,"status":"available"},{"row":"A","number":4,"status":"available"},{"row":"A","number":5,"status":"available"},{"row":"A","number":6,"status":"available"},{"row":"A","number":7,"status":"available"},{"row":"A","number":8,"status":"available"},{"row":"A","number":9,"status":"available"},{"row":"A","number":10,"status":"available"},{"row":"B","number":1,"status":"available"},{"row":"B","number":2,"status":"available"},{"row":"B","number":3,"status":"available"},{"row":"B","number":4,"status":"available"},{"row":"B","number":5,"status":"available"},{"row":"B","number":6,"status":"available"},{"row":"B","number":7,"status":"available"},{"row":"B","number":8,"status":"available"},{"row":"B","number":9,"status":"available"},{"row":"B","number":10,"status":"available"},{"row":"C","number":1,"status":"available"},{"row":"C","number":2,"status":"available"},{"row":"C","number":3,"status":"available"},{"row":"C","number":4,"status":"available"},{"row":"C","number":5,"status":"available"},{"row":"C","number":6,"status":"available"},{"row":"C","number":7,"status":"available"},{"row":"C","number":8,"status":"available"},{"row":"C","number":9,"status":"available"},{"row":"C","number":10,"status":"available"},{"row":"D","number":1,"status":"available"},{"row":"D","number":2,"status":"available"},{"row":"D","number":3,"status":"available"},{"row":"D","number":4,"status":"available"},{"row":"D","number":5,"status":"available"},{"row":"D","number":6,"status":"available"},{"row":"D","number":7,"status":"available"},{"row":"D","number":8,"status":"available"},{"row":"D","number":9,"status":"available"},{"row":"D","number":10,"status":"available"},{"row":"E","number":1,"status":"available"},{"row":"E","number":2,"status":"available"},{"row":"E","number":3,"status":"available"},{"row":"E","number":4,"status":"available"},{"row":"E","number":5,"status":"available"},{"row":"E","number":6,"status":"available"},{"row":"E","number":7,"status":"available"},{"row":"E","number":8,"status":"available"},{"row":"E","number":9,"status":"available"},{"row":"E","number":10,"status":"available"},{"row":"F","number":1,"status":"available"},{"row":"F","number":2,"status":"available"},{"row":"F","number":3,"status":"available"},{"row":"F","number":4,"status":"available"},{"row":"F","number":5,"status":"available"},{"row":"F","number":6,"status":"available"},{"row":"F","number":7,"status":"available"},{"row":"F","number":8,"status":"available"},{"row":"F","number":9,"status":"available"},{"row":"F","number":10,"status":"available"},{"row":"G","number":1,"status":"available"},{"row":"G","number":2,"status":"available"},{"row":"G","number":3,"status":"available"},{"row":"G","number":4,"status":"available"},{"row":"G","number":5,"status":"available"},{"row":"G","number":6,"status":"available"},{"row":"G","number":7,"status":"available"},{"row":"G","number":8,"status":"available"},{"row":"G","number":9,"status":"available"},{"row":"G","number":10,"status":"available"},{"row":"H","number":1,"status":"available"},{"row":"H","number":2,"status":"available"},{"row":"H","number":3,"status":"available"},{"row":"H","number":4,"status":"available"},{"row":"H","number":5,"status":"available"},{"row":"H","number":6,"status":"available"},{"row":"H","number":7,"status":"available"},{"row":"H","number":8,"status":"available"},{"row":"H","number":9,"status":"available"},{"row":"H","number":10,"status":"available"}],"createdAt":"2025-06-25T17:09:48.457Z","__v":1,"updatedAt":"2025-07-02T16:09:42.622Z","id":"685c2d5cf34317e7520c4298"},{"_id":"685c2d5cf34317e7520c429b","movie":{"_id":"685c2d5cf34317e7520c4286","title":"The Avengers","duration":143,"poster":"avengers.jpg","id":"685c2d5cf34317e7520c4286"},"theater":null,"datetime":"2025-06-25T17:00:00.000Z","fullPrice":15,"halfPrice":7.5,"seats":[{"row":"A","number":1,"status":"available"},{"row":"A","number":2,"status":"available"},{"row":"A","number":3,"status":"available"},{"row":"A","number":4,"status":"available"},{"row":"A","number":5,"status":"available"},{"row":"A","number":6,"status":"available"},{"row":"A","number":7,"status":"available"},{"row":"A","number":8,"status":"available"},{"row":"B","number":1,"status":"available"},{"row":"B","number":2,"status":"available"},{"row":"B","number":3,"status":"available"},{"row":"B","number":4,"status":"available"},{"row":"B","number":5,"status":"available"},{"row":"B","number":6,"status":"available"},{"row":"B","number":7,"status":"available"},{"row":"B","number":8,"status":"available"},{"row":"C","number":1,"status":"available"},{"row":"C","number":2,"status":"available"},{"row":"C","number":3,"status":"available"},{"row":"C","number":4,"status":"available"},{"row":"C","number":5,"status":"available"},{"row":"C","number":6,"status":"available"},{"row":"C","number":7,"status":"available"},{"row":"C","number":8,"status":"available"},{"row":"D","number":1,"status":"available"},{"row":"D","number":2,"status":"available"},{"row":"D","number":3,"status":"available"},{"row":"D","number":4,"status":"available"},{"row":"D","number":5,"status":"available"},{"row":"D","number":6,"status":"available"},{"row":"D","number":7,"status":"available"},{"row":"D","number":8,"status":"available"},{"row":"E","number":1,"status":"available"},{"row":"E","number":2,"status":"available"},{"row":"E","number":3,"status":"available"},{"row":"E","number":4,"status":"available"},{"row":"E","number":5,"status":"available"},{"row":"E","number":6,"status":"available"},{"row":"E","number":7,"status":"available"},{"row":"E","number":8,"status":"available"},{"row":"F","number":1,"status":"available"},{"row":"F","number":2,"status":"available"},{"row":"F","number":3,"status":"available"},{"row":"F","number":4,"status":"available"},{"row":"F","number":5,"status":"available"},{"row":"F","number":6,"status":"available"},{"row":"F","number":7,"status":"available"},{"row":"F","number":8,"status":"available"},{"row":"G","number":1,"status":"available"},{"row":"G","number":2,"status":"available"},{"row":"G","number":3,"status":"available"},{"row":"G","number":4,"status":"available"},{"row":"G","number":5,"status":"available"},{"row":"G","number":6,"status":"available"},{"row":"G","number":7,"status":"available"},{"row":"G","number":8,"status":"available"},{"row":"H","number":1,"status":"available"},{"row":"H","number":2,"status":"available"},{"row":"H","number":3,"status":"available"},{"row":"H","number":4,"status":"available"}],"createdAt":"2025-06-25T17:09:48.465Z","__v":0,"updatedAt":"2025-06-25T17:09:48.905Z","id":"685c2d5cf34317e7520c429b"},{"_id":"685c2d5cf34317e7520c42a2","movie":{"_id":"685c2d5cf34317e7520c4287","title":"The Shawshank Redemption","duration":142,"poster":"shawshank.jpg","id":"685c2d5cf34317e7520c4287"},"theater":null,"datetime":"2025-06-25T17:00:00.000Z","fullPrice":15,"halfPrice":7.5,"seats":[{"row":"A","number":1,"status":"available"},{"row":"A","number":2,"status":"available"},{"row":"A","number":3,"status":"available"},{"row":"A","number":4,"status":"available"},{"row":"A","number":5,"status":"available"},{"row":"A","number":6,"status":"available"},{"row":"A","number":7,"status":"available"},{"row":"A","number":8,"status":"available"},{"row":"B","number":1,"status":"available"},{"row":"B","number":2,"status":"available"},{"row":"B","number":3,"status":"available"},{"row":"B","number":4,"status":"available"},{"row":"B","number":5,"status":"available"},{"row":"B","number":6,"status":"available"},{"row":"B","number":7,"status":"available"},{"row":"B","number":8,"status":"available"},{"row":"C","number":1,"status":"available"},{"row":"C","number":2,"status":"available"},{"row":"C","number":3,"status":"available"},{"row":"C","number":4,"status":"available"},{"row":"C","number":5,"status":"available"},{"row":"C","number":6,"status":"available"},{"row":"C","number":7,"status":"available"},{"row":"C","number":8,"status":"available"},{"row":"D","number":1,"status":"available"},{"row":"D","number":2,"status":"available"},{"row":"D","number":3,"status":"available"},{"row":"D","number":4,"status":"available"},{"row":"D","number":5,"status":"available"},{"row":"D","number":6,"status":"available"},{"row":"D","number":7,"status":"available"},{"row":"D","number":8,"status":"available"},{"row":"E","number":1,"status":"available"},{"row":"E","number":2,"status":"available"},{"row":"E","number":3,"status":"available"},{"row":"E","number":4,"status":"available"},{"row":"E","number":5,"status":"available"},{"row":"E","number":6,"status":"available"},{"row":"E","number":7,"status":"available"},{"row":"E","number":8,"status":"available"},{"row":"F","number":1,"status":"available"},{"row":"F","number":2,"status":"available"},{"row":"F","number":3,"status":"available"},{"row":"F","number":4,"status":"available"},{"row":"F","number":5,"status":"available"},{"row":"F","number":6,"status":"available"},{"row":"F","number":7,"status":"available"},{"row":"F","number":8,"status":"available"},{"row":"G","number":1,"status":"available"},{"row":"G","number":2,"status":"available"},{"row":"G","number":3,"status":"available"},{"row":"G","number":4,"status":"available"},{"row":"G","number":5,"status":"available"},{"row":"G","number":6,"status":"available"},{"row":"G","number":7,"status":"available"},{"row":"G","number":8,"status":"available"},{"row":"H","number":1,"status":"available"},{"row":"H","number":2,"status":"available"},{"row":"H","number":3,"status":"available"},{"row":"H","number":4,"status":"available"}],"createdAt":"2025-06-25T17:09:48.478Z","__v":0,"updatedAt":"2025-06... (set the log level to DEBUG or TRACE to see the full content) 
 </msg>
<msg time="2025-07-03T14:55:37.411386" level="INFO">${response} = &lt;Response [200]&gt;</msg>
<var>${response}</var>
<arg>${BASE_API_URL}${SESSIONS_ENDPOINT}</arg>
<doc>Sends a GET request.</doc>
<status status="PASS" start="2025-07-03T14:55:36.629290" elapsed="0.782123"/>
</kw>
<return>
<value>${response}</value>
<status status="PASS" start="2025-07-03T14:55:37.411480" elapsed="0.000044"/>
</return>
<msg time="2025-07-03T14:55:37.411662" level="INFO">${response} = &lt;Response [200]&gt;</msg>
<var>${response}</var>
<status status="PASS" start="2025-07-03T14:55:36.629164" elapsed="0.782520"/>
</kw>
<return>
<value>${response}</value>
<status status="PASS" start="2025-07-03T14:55:37.411721" elapsed="0.000020"/>
</return>
<msg time="2025-07-03T14:55:37.411841" level="INFO">${sessions_response} = &lt;Response [200]&gt;</msg>
<var>${sessions_response}</var>
<status status="PASS" start="2025-07-03T14:55:36.629003" elapsed="0.782860"/>
</kw>
<kw name="Set Variable" owner="BuiltIn">
<msg time="2025-07-03T14:55:37.413122" level="INFO">${session_id} = 685c2d5cf34317e7520c4298</msg>
<var>${session_id}</var>
<arg>${sessions_response.json()['data'][0]['_id']}</arg>
<doc>Returns the given values which can then be assigned to a variables.</doc>
<status status="PASS" start="2025-07-03T14:55:37.411998" elapsed="0.001159"/>
</kw>
<kw name="Create Dictionary" owner="BuiltIn">
<msg time="2025-07-03T14:55:37.413482" level="INFO">${seat1} = {'row': 'F', 'number': '1', 'type': 'full'}</msg>
<var>${seat1}</var>
<arg>row=F</arg>
<arg>number=1</arg>
<arg>type=full</arg>
<doc>Creates and returns a dictionary based on the given ``items``.</doc>
<status status="PASS" start="2025-07-03T14:55:37.413313" elapsed="0.000188"/>
</kw>
<kw name="Create List" owner="BuiltIn">
<msg time="2025-07-03T14:55:37.413697" level="INFO">${seats_list} = [{'row': 'F', 'number': '1', 'type': 'full'}]</msg>
<var>${seats_list}</var>
<arg>${seat1}</arg>
<doc>Returns a list containing given items.</doc>
<status status="PASS" start="2025-07-03T14:55:37.413579" elapsed="0.000134"/>
</kw>
<kw name="Create Dictionary" owner="BuiltIn">
<msg time="2025-07-03T14:55:37.413930" level="INFO">${reservation_data} = {'session': '685c2d5cf34317e7520c4298', 'seats': [{'row': 'F', 'number': '1', 'type': 'full'}]}</msg>
<var>${reservation_data}</var>
<arg>session=${session_id}</arg>
<arg>seats=${seats_list}</arg>
<doc>Creates and returns a dictionary based on the given ``items``.</doc>
<status status="PASS" start="2025-07-03T14:55:37.413781" elapsed="0.000188"/>
</kw>
<kw name="Create Reservation" owner="reservations">
<kw name="Criar Reserva" owner="reservations">
<kw name="POST" owner="RequestsLibrary">
<msg time="2025-07-03T14:55:37.612565" level="INFO">POST Request : url=https://challenge-pb-back-n9wmjthu8-marcosdev03s-projects.vercel.app/api/v1/reservations 
 path_url=/api/v1/reservations 
 headers={'User-Agent': 'python-requests/2.32.4', 'Accept-Encoding': 'gzip, deflate', 'Accept': '*/*', 'Connection': 'keep-alive', 'Content-Length': '95', 'Content-Type': 'application/json'} 
 body=b'{"session": "685c2d5cf34317e7520c4298", "seats": [{"row": "F", "number": "1", "type": "full"}]}' 
 </msg>
<msg time="2025-07-03T14:55:37.612642" level="INFO">POST Response : url=https://challenge-pb-back-n9wmjthu8-marcosdev03s-projects.vercel.app/api/v1/reservations 
 status=401, reason=Unauthorized 
 headers={'Access-Control-Allow-Origin': '*', 'Cache-Control': 'public, max-age=0, must-revalidate', 'Content-Length': '65', 'Content-Type': 'application/json; charset=utf-8', 'Cross-Origin-Opener-Policy': 'same-origin', 'Cross-Origin-Resource-Policy': 'same-origin', 'Date': 'Thu, 03 Jul 2025 17:55:37 GMT', 'Etag': 'W/"41-TJq3LYiwj1On+7IZ17oLU5tM1Zs"', 'Origin-Agent-Cluster': '?1', 'Referrer-Policy': 'no-referrer', 'Server': 'Vercel', 'Strict-Transport-Security': 'max-age=31536000; includeSubDomains', 'Vary': 'Accept-Encoding', 'X-Content-Type-Options': 'nosniff', 'X-Dns-Prefetch-Control': 'off', 'X-Download-Options': 'noopen', 'X-Frame-Options': 'SAMEORIGIN', 'X-Permitted-Cross-Domain-Policies': 'none', 'X-Robots-Tag': 'noindex', 'X-Vercel-Cache': 'MISS', 'X-Vercel-Id': 'gru1::iad1::d74l9-1751565337481-e0bf62bd9c6f', 'X-Xss-Protection': '0'} 
 body={"success":false,"message":"Not authorized to access this route"} 
 </msg>
<msg time="2025-07-03T14:55:37.612739" level="INFO">${response} = &lt;Response [401]&gt;</msg>
<var>${response}</var>
<arg>${BASE_API_URL}${RESERVATIONS_ENDPOINT}</arg>
<arg>json=${dados_reserva}</arg>
<arg>expected_status=any</arg>
<doc>Sends a POST request.</doc>
<status status="PASS" start="2025-07-03T14:55:37.414582" elapsed="0.198174"/>
</kw>
<return>
<value>${response}</value>
<status status="PASS" start="2025-07-03T14:55:37.612817" elapsed="0.000039"/>
</return>
<msg time="2025-07-03T14:55:37.612981" level="INFO">${response} = &lt;Response [401]&gt;</msg>
<var>${response}</var>
<arg>${reservation_data}</arg>
<status status="PASS" start="2025-07-03T14:55:37.414416" elapsed="0.198585"/>
</kw>
<return>
<value>${response}</value>
<status status="PASS" start="2025-07-03T14:55:37.613034" elapsed="0.000017"/>
</return>
<msg time="2025-07-03T14:55:37.613146" level="INFO">${response} = &lt;Response [401]&gt;</msg>
<var>${response}</var>
<arg>${reservation_data}</arg>
<status status="PASS" start="2025-07-03T14:55:37.414158" elapsed="0.199009"/>
</kw>
<kw name="Should Be Equal As Strings" owner="BuiltIn">
<msg time="2025-07-03T14:55:37.613927" level="INFO">Argument types are:
&lt;class 'int'&gt;
&lt;class 'str'&gt;</msg>
<arg>${response.status_code}</arg>
<arg>401</arg>
<doc>Fails if objects are unequal after converting them to strings.</doc>
<status status="PASS" start="2025-07-03T14:55:37.613305" elapsed="0.000689"/>
</kw>
<tag>RES-008</tag>
<status status="PASS" start="2025-07-03T14:55:36.628739" elapsed="0.985362"/>
</test>
<status status="FAIL" start="2025-07-03T14:55:26.941652" elapsed="10.672709"/>
</suite>
<status status="FAIL" start="2025-07-03T14:55:11.842003" elapsed="25.772866"/>
</suite>
<statistics>
<total>
<stat pass="18" fail="4" skip="0">All Tests</stat>
</total>
<tag>
<stat pass="1" fail="0" skip="0">AUTH-001</stat>
<stat pass="1" fail="0" skip="0">AUTH-002</stat>
<stat pass="1" fail="0" skip="0">AUTH-003</stat>
<stat pass="1" fail="0" skip="0">AUTH-004</stat>
<stat pass="1" fail="0" skip="0">AUTH-005</stat>
<stat pass="1" fail="0" skip="0">AUTH-006</stat>
<stat pass="1" fail="0" skip="0">AUTH-007</stat>
<stat pass="1" fail="0" skip="0">AUTH-008</stat>
<stat pass="1" fail="0" skip="0">MOV-001</stat>
<stat pass="1" fail="0" skip="0">MOV-002</stat>
<stat pass="1" fail="0" skip="0">MOV-003</stat>
<stat pass="1" fail="0" skip="0">MOV-004</stat>
<stat pass="1" fail="0" skip="0">MOV-005</stat>
<stat pass="1" fail="0" skip="0">MOV-006</stat>
<stat pass="1" fail="0" skip="0">MOV-007</stat>
<stat pass="0" fail="1" skip="0">RES-001</stat>
<stat pass="0" fail="1" skip="0">RES-002</stat>
<stat pass="1" fail="0" skip="0">RES-003</stat>
<stat pass="0" fail="1" skip="0">RES-004</stat>
<stat pass="0" fail="1" skip="0">RES-005</stat>
<stat pass="1" fail="0" skip="0">RES-006</stat>
<stat pass="1" fail="0" skip="0">RES-008</stat>
</tag>
<suite>
<stat name="Auth Tests &amp; Movies Tests &amp; Reservations Tests" id="s1" pass="18" fail="4" skip="0">Auth Tests &amp; Movies Tests &amp; Reservations Tests</stat>
<stat name="Auth Tests" id="s1-s1" pass="8" fail="0" skip="0">Auth Tests &amp; Movies Tests &amp; Reservations Tests.Auth Tests</stat>
<stat name="Movies Tests" id="s1-s2" pass="7" fail="0" skip="0">Auth Tests &amp; Movies Tests &amp; Reservations Tests.Movies Tests</stat>
<stat name="Reservations Tests" id="s1-s3" pass="3" fail="4" skip="0">Auth Tests &amp; Movies Tests &amp; Reservations Tests.Reservations Tests</stat>
</suite>
</statistics>
<errors>
</errors>
</robot>
